# callgrind format
version: 1
creator: callgrind-3.22.0
pid: 17843
cmd:  ./pfsq 11 1
part: 1


desc: I1 cache: 
desc: D1 cache: 
desc: LL cache: 

desc: Timerange: Basic block 0 - 1120230
desc: Trigger: Program termination

positions: line
events: Ir
summary: 3457372


ob=(4) /usr/libexec/valgrind/vgpreload_core-amd64-linux.so
fl=(156) ???
fn=(504) 0x0000000000001110
0 12

fn=(790) 0x0000000000001060
0 5

fn=(780) 0x00000000000010d0
0 9
cob=(3) ???
cfi=(153) ???
cfn=(786) 0x000000000483d030
calls=1 0 
0 80
0 1
cfn=(790)
calls=1 0 
0 5
0 3

ob=(6) /home/alan/Documentos/perfectsquare/pfsq
fl=(162) ???
fn=(668) ReadData
0 19
cob=(3)
cfi=(153)
cfn=(670) 0x00000000001091e0
calls=1 0 
0 1073
0 50
cob=(3)
cfi=(153)
cfn=(670)
calls=10 0 
0 4836
0 55
cob=(3)
cfi=(153)
cfn=(606) 0x00000000001091d0
calls=11 0 
0 9238
0 28

fn=(728) insert_AVL
0 82
cfn=(729) insert_AVL'2
calls=5 0 
0 1477
0 120
cob=(3)
cfi=(153)
cfn=(576) 0x0000000000109190
calls=1 0 
0 222
0 69

fn=(729)
0 125
cfn=(729)
calls=6 0 
0 1532
0 156
cob=(3)
cfi=(153)
cfn=(576)
calls=5 0 
0 1110
0 86

fn=(738) inOrder
0 35
cob=(3)
cfi=(153)
cfn=(606)
calls=1 0 
0 676
0 4
cob=(3)
cfi=(153)
cfn=(606)
calls=1 0 
0 414
0 18
cob=(3)
cfi=(153)
cfn=(606)
calls=3 0 
0 2223
0 11
cob=(3)
cfi=(153)
cfn=(720) 0x0000000000109130
calls=1 0 
0 219
0 13
cob=(3)
cfi=(153)
cfn=(606)
calls=2 0 
0 1366
0 8
cob=(3)
cfi=(153)
cfn=(606)
calls=2 0 
0 828
0 26
cob=(3)
cfi=(153)
cfn=(606)
calls=4 0 
0 2957
0 16
cob=(3)
cfi=(153)
cfn=(720)
calls=2 0 
0 438
0 21
cob=(3)
cfi=(153)
cfn=(606)
calls=3 0 
0 2049
0 12
cob=(3)
cfi=(153)
cfn=(606)
calls=3 0 
0 1242
0 34
cob=(3)
cfi=(153)
cfn=(606)
calls=5 0 
0 3698
0 21
cob=(3)
cfi=(153)
cfn=(720)
calls=3 0 
0 657
0 17

fn=(754) 0x0000000000001870
0 9
cob=(3)
cfi=(153)
cfn=(760) 0x0000000000109110
calls=1 0 
0 80
0 1
cfn=(770) 0x0000000000001800
calls=1 0 
0 5
0 3

fn=(726) pares_perfectos
0 3175835
cob=(3)
cfi=(153)
cfn=(576)
calls=6 0 
0 1248
0 60
cfn=(728)
calls=6 0 
0 1970
0 30
cob=(3)
cfi=(153)
cfn=(730) 0x0000000000109120
calls=6 0 
0 579
0 18
cob=(3)
cfi=(153)
cfn=(730)
calls=6 0 
0 564
0 87
cob=(3)
cfi=(153)
cfn=(576)
calls=4 0 
0 876
0 64
cob=(3)
cfi=(153)
cfn=(576)
calls=2 0 
0 438
0 88
cob=(3)
cfi=(153)
cfn=(576)
calls=6 0 
0 1314
0 140
cob=(3)
cfi=(153)
cfn=(576)
calls=6 0 
0 1182
0 26

fn=(770)
0 5

fn=(562) main
0 17
cob=(3)
cfi=(153)
cfn=(564) 0x00000000001091f0
calls=1 0 
0 7
0 6
cob=(3)
cfi=(153)
cfn=(568) 0x00000000001091b0
calls=1 0 
0 128
0 25
cfn=(574) initialize
calls=1 0 
0 6138
0 3
cfn=(668)
calls=1 0 
0 15299
0 2
cob=(3)
cfi=(153)
cfn=(708) 0x0000000000109150
calls=1 0 
0 411
0 14
cob=(3)
cfi=(153)
cfn=(606)
calls=1 0 
0 683
0 60
cob=(3)
cfi=(153)
cfn=(606)
calls=10 0 
0 7275
0 24
cob=(3)
cfi=(153)
cfn=(720)
calls=1 0 
0 219
0 4
cfn=(726)
calls=1 0 
0 3184519
0 4
cob=(3)
cfi=(153)
cfn=(708)
calls=1 0 
0 525
0 2
cfn=(738)
calls=1 0 
0 17003
0 5
cob=(3)
cfi=(153)
cfn=(606)
calls=1 0 
0 883
0 16
cob=(3)
cfi=(153)
cfn=(708)
calls=1 0 
0 650
0 2
cob=(3)
cfi=(153)
cfn=(708)
calls=1 0 
0 505
0 3

fn=(532) (below main)
0 12
cob=(2) /usr/lib/x86_64-linux-gnu/libc.so.6
cfi=(163) ./csu/../csu/libc-start.c
cfn=(534) __libc_start_main@@GLIBC_2.34
calls=1 242 
0 3236576

fn=(574)
0 10
cob=(3)
cfi=(153)
cfn=(576)
calls=1 0 
0 1911
0 10
cob=(3)
cfi=(153)
cfn=(606)
calls=1 0 
0 4207

fn=(544) 0x00000000000018b0
0 12

ob=(3)
fl=(153)
fn=(648) 0x00000000048ff3f0
0 4
cob=(2)
cfi=(171) ./malloc/./malloc/malloc.c
cfn=(650) malloc
calls=2 3294 
0 349

fn=(786)
0 2
cob=(2)
cfi=(210) ./stdlib/./stdlib/cxa_finalize.c
cfn=(762) __cxa_finalize
calls=1 30 
0 78

fn=(814) 0x00000000048bf194
0 4

fn=(708)
0 8
cob=(2)
cfi=(201) ./libio/./libio/ioputs.c
cfn=(710) puts
calls=4 33 
0 2083

fn=(500) 0x000000000483d000
0 7

fn=(624) 0x00000000048ff6b0
0 230
cob=(2)
cfi=(184) ./string/../sysdeps/x86_64/multiarch/memmove-vec-unaligned-erms.S
cfn=(626) __memcpy_avx_unaligned_erms
calls=115 255 
0 1819

fn=(776) 0x000000000010c32c
0 4

fn=(730)
0 24
cob=(2)
cfi=(171)
cfn=(732) free
calls=12 3359 
0 1119

fn=(760)
0 2
cob=(2)
cfi=(210)
cfn=(762)
calls=1 30 
0 78

fn=(804) 0x000000000485d210
0 1
cob=(2)
cfi=(210)
cfn=(762)
calls=1 30 
0 78

fn=(618) 0x00000000048ff590
0 180
cob=(2)
cfi=(182) ./string/../sysdeps/x86_64/multiarch/strchr-avx2.S
cfn=(620) __strchrnul_avx2
calls=90 53 
0 1719

fn=(712) 0x00000000048ff500
0 8
cob=(2)
cfi=(202) ./string/../sysdeps/x86_64/multiarch/strlen-avx2.S
cfn=(714) __strlen_avx2
calls=4 52 
0 80

fn=(520) 0x000000000485d000
0 7

fn=(564)
0 2
cob=(5) /usr/lib/x86_64-linux-gnu/libgmp.so.10.5.0
cfi=(161) ???
cfn=(566) __gmpz_init
calls=1 0 
0 5

fn=(568)
0 2
cob=(2)
cfi=(169) ./stdlib/../stdlib/strtol.c
cfn=(570) strtol
calls=1 116 
0 126

fn=(720)
0 14
cob=(2)
cfi=(203) ./libio/./libio/putchar.c
cfn=(722) putchar
calls=7 25 
0 1519

fn=(796) 0x000000000483d294
0 4

fn=(476) 0x00000000048ff720
0 40
cob=(1) /usr/lib/x86_64-linux-gnu/ld-linux-x86-64.so.2
cfi=(11) ./elf/./elf/dl-tunables.c
cfn=(28) __tunable_get_val
calls=20 387 
0 469

fn=(514) 0x00000000048ff660
0 2
cob=(2)
cfi=(159) ./string/../sysdeps/x86_64/multiarch/strrchr-avx2.S
cfn=(516) __strrchr_avx2
calls=1 53 
0 22

fn=(550) 0x00000000048ff7b0
0 2
cob=(1)
cfi=(48) ./elf/./elf/dl-audit.c
cfn=(552) _dl_audit_preinit
calls=1 118 
0 5

fn=(576)
0 62
cob=(2)
cfi=(171)
cfn=(578) calloc
calls=31 3699 
0 8239

fn=(602) 0x00000000048ff740
0 2
cob=(2)
cfi=(178) ./string/../sysdeps/x86_64/multiarch/memset-vec-unaligned-erms.S
cfn=(604) __memset_avx2_unaligned_erms
calls=1 158 
0 71

fn=(704) 0x00000000048ff430
0 102
cob=(2)
cfi=(184)
cfn=(706) __mempcpy_avx_unaligned_erms
calls=51 242 
0 844

fn=(540) 0x0000000000109000
0 7

fn=(606)
0 96
cob=(2)
cfi=(179) ./debug/./debug/printf_chk.c
cfn=(608) __printf_chk
calls=48 25 
0 37643

fn=(670)
0 22
cob=(2)
cfi=(195) ./stdio-common/./stdio-common/isoc99_scanf.c
cfn=(672) __isoc99_scanf
calls=11 25 
0 5887

ob=(2)
fl=(194) ./stdio-common/./stdio-common/Xprintf_buffer_done.c
fn=(666) __printf_buffer_done
25 48
+1 144
+5 96
+2 576
+7 48

fl=(103) ./string/../sysdeps/x86_64/multiarch/strchr.c
fn=(330) index
65 1
-22 2
+1 1
-2 4
+2 2
+3 2
+4 3
+3 3
+11 1

fl=(89) ./string/../sysdeps/x86_64/multiarch/memset.c
fn=(296) memset
29 1
fi=(90) ./string/../sysdeps/x86_64/multiarch/ifunc-memset.h
+25 5
+3 3
+7 2
+9 2
+2 2
+10 2
+8 2
+3 5
fe=(89)

fl=(104) ./debug/../sysdeps/x86_64/multiarch/memset_chk.c
fn=(332) __memset_chk
29 1
fi=(105) ./debug/../sysdeps/x86_64/multiarch/ifunc-memset.h
+25 5
+3 3
+7 2
+9 2
+2 2
+10 2
+8 2
+3 5
fe=(104)

fl=(164) ./stdlib/./stdlib/cxa_atexit.c
fn=(536) __cxa_atexit
67 7
-26 2
+2 8
+1 2
cfn=(538) __new_exitfn
calls=1 +36 
* 33
+2 2
+8 1
-2 1
+3 1
+1 1
-4 2
+1 1
+4 4
+1 1
+11 6

fn=(538)
80 1
+6 2
-6 4
+11 2
-10 1
+10 4
+2 4
-2 1
+10 1
-10 3
+45 1
+5 3
-4 1
+4 2
-18 1
-1 1
+12 1

fl=(117) ./string/../sysdeps/x86_64/multiarch/strcat.c
fn=(362) strcat
29 1
fi=(118) ./string/../sysdeps/x86_64/multiarch/ifunc-strcpy.h
+9 2
+1 1
-1 2
+1 2
+3 2
+4 3
+3 3
fe=(117)
-20 1

fl=(171)
fn=(650)
3294 16
+7 4
1326 4
+19 10
3311 4
+2 8
+3 4
+10 4
+28 12
-36 3
+10 8
cfn=(590) _int_malloc
calls=2 3846 
* 258
+1 10
fi=(172) ./malloc/./malloc/arena.c
153 4
fe=(171)

fn=(736) _int_free
4495 84
+4 36
+6 48
+1 24
+4 60
+8 48
-1 24
+1 24
+29 12
-20 12
-6 12
+6 24
+20 48
1792 5
4561 10
+11 20
+2 15
1992 5
4593 5
1992 10
4595 5
+1 5
+4 10
+2 5
-2 5
+2 5
+4 10
+2 15
+1 5
+19 14
+30 72
3163 7
+4 7
-4 7
+2 28
+1 7
+1 7
4550 7

fn=(598) alloc_perturb
1985 93
+2 31

fn=(578)
3699 62
+10 31
-10 217
+10 248
+8 62
+3 93
+2 62
+34 155
fi=(172)
153 62
fe=(171)
3732 31
+1 31
+21 62
-21 62
+21 31
cfn=(590)
calls=31 +92 
* 4226
+2 62
+81 240
-41 31
-12 31
+12 62
+3 155
+8 31
+2 62
+2 62
+5 30
+2 30
-2 30
+3 60
+2 6
+2 12
fi=(172)
264 1
cfn=(582) ptmalloc_init.part.0
calls=1 -2 
* 1151
* 1
fe=(171)
3756 93
+3 93
+78 1
fi=(177) ./malloc/../string/bits/string_fortified.h
59 2
fe=(171)
3837 6
fi=(177)
59 1
cob=(3)
cfi=(153)
cfn=(602)
calls=1 -59 
* 73
fe=(171)
3248 4
cfn=(588) tcache_init.part.0
calls=1 -6 
* 473
* 1

fn=(590)
3846 374
1326 68
+19 204
3887 68
1794 34
3914 68
+65 60
-63 120
+3 30
+2 60
+2 6
-6 3
+9 6
+1 15
+5 6
+1 6
+7 3
-1 6
+1 15
+5 6
3165 3
3945 3
+1 9
+31 8
+62 15
+1 6
+20 31
-1 31
-1 31
+1 62
+1 62
-2 60
+12 155
-90 29
+2 29
-2 29
+2 58
-52 81
1985 9
4487 408
4257 93
+2 6
+3 2
-3 2
+3 4
+1 31
+71 93
-4 31
+1 31
+1 31
-1 31
+1 31
+1 62
+1 93
+5 124
+4 93
+3 120
-3 90
+3 116
-3 87
+3 108
-3 54
4443 31
+1 62
+2 62
+3 93
+17 4
4070 2
-91 12
2552 1
+12 1
-12 5
+12 1
4460 93
cfn=(598)
calls=31 1985 
* 124
+1 31
-9 60
+2 60
-1 30
+1 30
-3 30
+3 30
+2 30
-2 120
+2 30
+3 60
2553 1
+36 3
+1 1
-1 1
+1 1
+9 4
+9 3
2921 3
+1 1
+4 1
+4 5
+5 1
-2 1
+5 1
-3 2
-3 1
+2 1
+1 1
+1 1
-1 3
+1 1
4482 1
2669 3
+8 2
+1 3
+13 1
+2 1
-2 2
+8 5
+8 2
+48 4
+40 3
+19 2
+3 2
+1 6
+2 1
+1 5
cfi=(174) ./malloc/./malloc/morecore.c
cfn=(592) __glibc_morecore
calls=1 25 
* 33
+12 4
-12 1
+12 1
2008 4
3882 1
2873 1
+3 1
-1 1
+1 4
+12 1
-11 1
+11 2
2783 1
-1 2
2017 2
2745 1
+1 1
+6 3
-6 1
+6 3
-43 3
cfi=(174)
cfn=(592)
calls=1 25 
* 64
+1 2
-1 1
+1 1
2008 1
2711 1
2008 3
2712 1
+3 2
+29 3

fn=(588)
3242 4
+9 8
+1 3
cfn=(590)
calls=1 3846 
* 359
+1 2
+8 4
+9 1
fi=(177)
59 2
fe=(171)
3270 1
fi=(177)
59 86
fe=(171)
3274 3

fn=(732)
3359 12
+4 24
-4 36
+14 12
-14 36
+12 12
+4 12
-4 12
+4 24
+17 36
fi=(172)
153 36
fe=(171)
3398 36
cfn=(736)
calls=12 4495 
* 747
+3 12
+1 72

fl=(139) ./string/../sysdeps/x86_64/multiarch/strncase.c
fn=(432) strncasecmp
31 1
fi=(114) ./string/../sysdeps/x86_64/multiarch/ifunc-strcasecmp.h
+6 2
-1 4
fe=(139)
-5 2
fi=(114)
+7 3
+3 2
+4 3
+3 4
fe=(139)

fl=(175) ./misc/./misc/sbrk.c
fn=(594) sbrk
37 16
+3 2
+3 2
-3 2
+3 2
+35 7
-20 4
+4 4
+4 4
+8 1
cfi=(176) ./misc/../sysdeps/unix/sysv/linux/brk.c
cfn=(596) brk
calls=1 -38 
* 9
* 2
+4 7
-19 2
cfi=(176)
cfn=(596)
calls=1 -23 
* 9
* 2
+4 2

fl=(152) ./nptl/./nptl/pthread_mutex_conf.c
fn=(474) __pthread_tunables_init
55 2
+1 2
-1 2
+1 2
-1 4
+1 1
cob=(3)
cfi=(153)
cfn=(476)
calls=1 -56 
* 26
+2 4
cob=(3)
cfi=(153)
cfn=(476)
calls=1 -58 
* 25
+2 4
cob=(3)
cfi=(153)
cfn=(476)
calls=1 -60 
* 26
+2 6

fl=(165) ./csu/../sysdeps/nptl/libc_start_call_main.h
fn=(554) (below main)
29 4
+15 1
-15 5
+15 1
cfi=(166) ./setjmp/../sysdeps/x86_64/bsd-_setjmp.S
cfn=(556) _setjmp
calls=1 -16 
* 38
* 1
+2 2
+5 2
+1 2
+3 2
+3 6
cob=(6)
cfi=(162)
cfn=(562)
calls=1 -58 
* 3234432
+16 2
cfi=(204) ./stdlib/./stdlib/exit.c
cfn=(740) exit
calls=1 +63 
* 1908

fl=(83) ./string/../sysdeps/x86_64/multiarch/strnlen.c
fn=(284) strnlen
31 2
fi=(84) ./string/../sysdeps/x86_64/multiarch/ifunc-avx2.h
+9 6
-2 8
fe=(83)
-7 4
fi=(84)
+10 4
+1 6
+3 4
+4 6
+3 10
fe=(83)

fl=(106) ./string/../sysdeps/x86_64/multiarch/strrchr.c
fn=(336) rindex
28 1
fi=(84)
+12 3
-2 4
fe=(106)
-10 2
fi=(84)
+13 2
+1 3
+3 2
+4 3
+3 5
fe=(106)

fl=(203)
fn=(722)
25 63
+2 28
-2 7
+3 28
fi=(192) ./libio/./libio/libioP.h
979 14
+1 56
fe=(203)
31 49
-4 35
+1 14
cfi=(189) ./libio/./libio/genops.c
cfn=(716) __overflow
calls=7 199 
* 1183
* 7
-1 35

fl=(128) ./string/../sysdeps/x86_64/multiarch/strncpy.c
fn=(398) strncpy
29 1
fi=(109) ./string/../sysdeps/x86_64/multiarch/ifunc-strncpy.h
+6 5
+1 3
+3 2
+4 3
+3 4
fe=(128)
-17 1

fl=(149) ./ctype/./ctype/ctype-info.c
fn=(468) __ctype_init
29 1
+2 7
+2 4
+2 4
+1 1

fl=(202)
fn=(714)
52 4
+13 4
+1 4
+1 4
+3 4
+2 4
+1 4
+3 4
+1 4
+8 4
+1 4
+1 1
+5 2
+26 3
+13 3
+1 3
+1 3
+6 6
+82 3
+15 3
+6 3
+1 3
+1 3

fl=(115) ./string/../sysdeps/x86_64/multiarch/strcspn.c
fn=(358) strcspn
29 1
fi=(214) ./string/../sysdeps/x86_64/multiarch/ifunc-sse4_2.h
+7 5
fe=(115)
-7 1

fl=(134) ./string/../sysdeps/x86_64/multiarch/memchr.c
fn=(418) memchr
29 1
fi=(135) ./string/../sysdeps/x86_64/multiarch/ifunc-evex.h
+9 3
-1 4
+2 3
+6 2
-3 2
+9 3
+3 4
fe=(134)
-25 1

fl=(204)
fn=(740)
137 2
+1 3
-1 1
+1 1
cfn=(742) __run_exit_handlers
calls=1 38 
* 1901

fn=(742)
38 12
+2 2
+3 5
+11 2
+2 2
+38 2
-30 6
+2 1
+1 1
-1 1
+3 7
+44 3
+13 1
-66 1
+66 3
+2 2
+3 2
cfi=(213) ./posix/../sysdeps/unix/sysv/linux/_exit.c
cfn=(828) _Exit
calls=1 27 
* 4
-29 1
+1 1
-2 1
+3 1
+3 1
-3 2
+3 3
+1 3
cob=(1)
cfi=(206) ./elf/./elf/dl-fini.c
cfn=(746) _dl_fini
calls=1 -82 
* 1228
+1 4
+10 3
+1 2
-79 1
cfi=(205) ./stdlib/./stdlib/cxa_thread_atexit_impl.c
cfn=(744) __call_tls_dtors
calls=1 148 
* 13
* 1
+88 1
cfi=(189)
cfn=(816) _IO_cleanup
calls=1 842 
* 577
* 1

fl=(159)
fn=(516)
53 1
+1 1
+1 1
+2 1
+1 1
+4 1
+1 1
+1 1
+3 1
+2 1
+1 1
+1 1
+1 1
+3 1
+1 1
+2 1
+1 1
+1 1
+1 1
+1 1
+9 2

fl=(193) ./io/../sysdeps/unix/sysv/linux/write.c
fn=(664) write
25 13
+1 78
+1 13

fl=(92) ./debug/../sysdeps/x86_64/multiarch/mempcpy_chk.c
fn=(304) __mempcpy_chk
29 1
fi=(93) ./debug/../sysdeps/x86_64/multiarch/ifunc-memmove.h
+28 3
-1 2
+4 3
+14 2
+3 2
+8 2
+8 2
+3 5
fe=(92)

fl=(178)
fn=(604)
158 1
+1 2
+5 1
+1 1
+1 1
+1 1
+1 1
+69 1
+1 1
+6 1
+1 1
+12 1
+3 1
+1 1
+12 1
+1 1
+13 1
+1 1
+2 1
+3 1
+3 1
+3 1
+1 1
+1 1
+1 1
+1 1
+1 1
+1 1
-6 5
+1 5
+1 5
+1 5
+1 5
+1 5
+1 6
+3 1
+1 1
+1 1
+1 1
+3 2

fl=(163)
fn=(534)
242 13
+69 3
+1 3
cfi=(164)
cfn=(536)
calls=1 67 
* 72
+25 6
+6 2
-3 2
+10 2
cob=(3)
cfi=(153)
cfn=(550)
calls=1 0 
* 7
+2 2
+8 4
cfi=(165)
cfn=(554)
calls=1 29 
* 3236406
128 2
+6 3
+1 6
cob=(3)
cfi=(153)
cfn=(540)
calls=1 0 
* 7
* 1
+3 1
+1 2
+3 2
+1 2
-1 1
+2 7
+1 4
cob=(6)
cfi=(162)
cfn=(544)
calls=1 0 
* 12
-1 4

fl=(126) ./string/../sysdeps/x86_64/multiarch/strcasecmp_l.c
fn=(386) strcasecmp_l
31 1
fi=(114)
+6 2
-1 4
fe=(126)
-5 2
fi=(114)
+7 3
+3 2
+4 3
+3 4
fe=(126)

fl=(138) ./string/../sysdeps/x86_64/multiarch/mempcpy.c
fn=(428) mempcpy
33 1
fi=(99) ./string/../sysdeps/x86_64/multiarch/ifunc-memmove.h
+24 3
-1 2
+4 3
+14 2
+3 2
+8 2
+8 2
+3 5
fe=(138)

fl=(107) ./wcsmbs/../sysdeps/x86_64/multiarch/wcscmp.c
fn=(340) wcscmp
30 1
fi=(101) ./wcsmbs/../sysdeps/x86_64/multiarch/ifunc-avx2.h
+10 3
-2 4
fe=(107)
-8 2
fi=(101)
+11 2
+1 3
+3 2
+4 3
+3 5
fe=(107)

fl=(205)
fn=(744)
148 4
+1 1
-1 1
+1 3
+16 4

fl=(201)
fn=(710)
33 40
+2 4
cob=(3)
cfi=(153)
cfn=(712)
calls=4 -35 
* 88
+1 4
-1 4
+1 12
-3 4
+6 12
+1 4
fi=(192)
1025 12
+1 8
fe=(201)
40 12
cfi=(188) ./libio/./libio/fileops.c
cfn=(636) _IO_file_xsputn@@GLIBC_2.2.5
calls=4 1198 
* 1027
* 8
+1 16
+1 16
fi=(192)
979 8
+1 32
fe=(201)
46 32
-10 20
+2 8
-2 20
+5 8
cfi=(189)
cfn=(716)
calls=4 199 
* 676
* 8

fl=(113) ./string/../sysdeps/x86_64/multiarch/strcasecmp.c
fn=(354) strcasecmp
31 1
fi=(114)
+6 2
-1 4
fe=(113)
-5 2
fi=(114)
+7 3
+3 2
+4 3
+3 4
fe=(113)

fl=(129) ./wcsmbs/../sysdeps/x86_64/multiarch/wmemcmp.c
fn=(402) wmemcmp
29 1
fi=(130) ./wcsmbs/../sysdeps/x86_64/multiarch/ifunc-memcmp.h
+5 5
+1 2
+1 2
+1 3
+3 2
+4 3
+3 4
fe=(129)
-18 2

fl=(137) ./wcsmbs/../sysdeps/x86_64/multiarch/wcpcpy.c
fn=(424) wcpncpy
31 1
fi=(97) ./wcsmbs/../sysdeps/x86_64/multiarch/ifunc-wcs.h
+9 3
-1 4
+2 3
+3 2
+4 4
fi=(215) ./wcsmbs/../sysdeps/x86_64/multiarch/wcpncpy.c
-17 1
fe=(137)

fl=(180) ./stdio-common/./stdio-common/vfprintf-internal.c
fn=(616) __printf_buffer
600 576
fi=(198) ./stdio-common/./stdio-common/printf-parse.h
82 48
fe=(180)
600 96
fi=(198)
82 48
fe=(180)
600 48
+27 144
+11 48
-11 48
+11 48
-11 48
+11 96
fi=(198)
82 48
cob=(3)
cfi=(153)
cfn=(618)
calls=48 -82 
* 1017
fe=(180)
653 96
+1 48
fi=(198)
82 96
fe=(180)
654 48
-1 48
cfi=(183) ./stdio-common/./stdio-common/Xprintf_buffer_write.c
cfn=(622) __printf_buffer_write
calls=48 27 
* 2015
+2 144
+4 96
+4 336
-32 42
973 42
642 42
973 84
634 42
+71 168
1044 528
705 84
-13 42
+7 42
+6 84
-14 42
-4 42
+18 42
-10 42
+10 42
-7 42
-4 42
+11 84
-19 42
-1 42
+20 42
-12 42
-9 42
-1 42
+22 42
-15 84
1024 42
fi=(198)
82 42
fe=(180)
1018 42
fi=(198)
82 84
cob=(3)
cfi=(153)
cfn=(618)
calls=42 -82 
* 882
fe=(180)
1028 84
+1 42
fi=(198)
82 42
fe=(180)
1029 42
-1 42
cfi=(183)
cfn=(622)
calls=42 27 
* 2373
+3 84
784 41
fi=(185) ./stdio-common/./stdio-common/vfprintf-process-arg.c
126 82
+75 41
92 41
+1 41
+1 41
201 82
-65 84
+19 546
cfi=(186) ./stdio-common/./stdio-common/_itoa.c
cfn=(630) _itoa_word
calls=42 +14 
* 1792
+11 84
-11 84
+11 168
-5 336
+25 196
+1 7
+14 14
-4 21
+4 70
-4 105
+2 126
+2 84
+7 42
-2 84
+2 126
+3 84
+13 84
fi=(187) ./stdio-common/../include/printf_buffer.h
-61 84
fi=(185)
+70 84
+3 84
128 82
+8 42
+2 84
fe=(180)
883 41
fi=(185)
66 41
+1 42
-18 1
-1 2
201 3
58 2
-23 1
+22 2
161 42
+9 84
+17 42
+8 42
-8 42
+12 42
-12 42
+8 168
-8 210
+53 168
cfi=(183)
cfn=(622)
calls=42 27 
* 2354
* 42
130 82
+1 328
fi=(187)
+32 84
fi=(185)
50 2
+2 2
+1 8
fe=(180)

fn=(610) __vfprintf_internal
1522 624
+3 241
+4 240
+11 96
+27 528
-42 94
+18 192
cfi=(181) ./stdio-common/./stdio-common/printf_buffer_to_file.c
cfn=(612) __printf_buffer_to_file_init
calls=48 108 
* 1152
+1 240
cfn=(616)
calls=48 600 
* 19882
+1 96
cfi=(181)
cfn=(634) __printf_buffer_to_file_done
calls=48 117 
* 12674
* 48

fl=(166)
fn=(556)
28 1
+2 1
+2 1
cfi=(167) ./setjmp/../sysdeps/x86_64/setjmp.S
cfn=(558) __sigsetjmp
calls=1 -1 
* 35

fl=(170) ./stdlib/../stdlib/strtol_l.c
fn=(698) ____strtoul_l_internal
238 25
+54 5
-54 5
+19 5
-19 20
+14 5
-14 15
+26 10
+31 20
+9 30
+2 10
+5 10
-1 5
+6 10
+4 10
+15 10
+10 20
-87 5
390 15
+1 15
+4 5
+56 25
+26 5
+1 5
-84 5
-1 5
+96 10
-5 14
+5 7
+1 21
-41 14
+2 28
+2 21
+28 21
+3 14
+11 10
+5 15
+1 5
+12 10
+11 25
+22 45
342 10

fn=(572) ____strtol_l_internal
238 5
+54 1
-54 1
+19 1
-19 4
+14 1
-14 3
+26 2
+31 4
+9 6
+2 2
+5 2
-1 1
+6 2
+4 2
+15 2
+10 4
-87 2
395 1
+56 5
+26 1
+1 1
-84 1
-1 1
+96 2
-5 4
+5 2
+1 6
-41 4
+2 8
+2 6
+28 6
+3 4
+11 2
+5 3
+6 2
+3 1
+15 1
-15 2
-2 2
+39 8
342 2

fl=(154) ./nptl/../sysdeps/unix/sysv/linux/x86/elision-conf.c
fn=(478) __lll_elision_init
92 2
+4 1
-4 2
+4 2
-4 1
+4 1
-4 3
+4 1
cob=(3)
cfi=(153)
cfn=(476)
calls=1 -96 
* 26
+2 4
cob=(3)
cfi=(153)
cfn=(476)
calls=1 -98 
* 26
+2 4
cob=(3)
cfi=(153)
cfn=(476)
calls=1 0 
* 26
+2 4
cob=(3)
cfi=(153)
cfn=(476)
calls=1 0 
* 26
+2 4
cob=(3)
cfi=(153)
cfn=(476)
calls=1 0 
* 26
+3 3
+1 1
+1 6

fl=(172)
fn=(582)
262 1
fi=(173) ./malloc/../sysdeps/unix/sysv/linux/not-cancel.h
97 3
fe=(172)
262 7
+5 1
fi=(173)
97 3
fi=(171)
3143 2
fe=(172)
292 2
+4 3
fi=(171)
1946 4
+3 1
-3 1
+3 2
-3 2
+3 126
-3 126
+3 252
-3 252
+11 1
fe=(172)
300 3
fi=(171)
1958 1
+2 1
fe=(172)
300 1
cob=(3)
cfi=(153)
cfn=(476)
calls=1 0 
* 25
+1 4
cob=(3)
cfi=(153)
cfn=(476)
calls=1 0 
* 26
+1 4
cob=(3)
cfi=(153)
cfn=(476)
calls=1 0 
* 25
+1 4
cob=(3)
cfi=(153)
cfn=(476)
calls=1 0 
* 25
+1 4
cob=(3)
cfi=(153)
cfn=(476)
calls=1 0 
* 26
+1 4
cob=(3)
cfi=(153)
cfn=(476)
calls=1 0 
* 25
+1 4
cob=(3)
cfi=(153)
cfn=(476)
calls=1 0 
* 25
+2 4
cob=(3)
cfi=(153)
cfn=(476)
calls=1 0 
* 25
+1 4
cob=(3)
cfi=(153)
cfn=(476)
calls=1 0 
* 25
+1 4
cob=(3)
cfi=(153)
cfn=(476)
calls=1 0 
* 25
+3 4
cob=(3)
cfi=(153)
cfn=(476)
calls=1 0 
* 25
+1 4
cob=(3)
cfi=(153)
cfn=(476)
calls=1 0 
* 25
+2 2
+10 8

fl=(174)
fn=(592)
25 2
+1 4
-1 4
+4 2
cfi=(175)
cfn=(594)
calls=2 +8 
* 77
+1 4
+4 4

fl=(190) ./libio/./libio/filedoalloc.c
fn=(642) _IO_file_doallocate
78 22
+6 8
fi=(192)
1025 6
+1 4
fe=(190)
84 6
cfi=(188)
cfn=(644) _IO_file_stat
calls=2 1147 
* 18
* 4
+2 8
+11 8
+4 4
cob=(3)
cfi=(153)
cfn=(648)
calls=2 0 
* 353
* 2
+1 4
+2 8
cfi=(189)
cfn=(654) _IO_setb
calls=2 329 
* 58
+1 2
+1 18
-15 1
fi=(216) ./libio/../include/sys/sysmacros.h
-44 6
fe=(190)
+44 1
-2 2
+5 2

fl=(211) ./posix/./posix/register-atfork.c
fn=(764) __unregister_atfork
82 6
+1 6
-1 12
+1 6
fi=(212) ./posix/../malloc/dynarray-skeleton.c
243 3
fe=(211)
71 6
+38 12
+1 9

fl=(86) ./string/../sysdeps/x86_64/multiarch/strcmp.c
fn=(290) strcmp
79 1
-31 2
+1 1
-2 4
+2 2
+3 2
+4 3
+3 3
+20 1

fl=(110) ./wcsmbs/../sysdeps/x86_64/multiarch/wmemchr.c
fn=(348) wmemchr
31 2
fi=(111) ./wcsmbs/../sysdeps/x86_64/multiarch/ifunc-evex.h
+7 6
-1 8
+2 6
+6 4
-3 4
+9 6
+3 8
fe=(110)
-23 2

fl=(150) ./resource/../sysdeps/unix/sysv/linux/getrlimit64.c
fn=(470) getrlimit
38 2
+1 7
+1 1

fl=(176)
fn=(596)
36 2
fi=(217) ./misc/../sysdeps/unix/sysv/linux/brk_call.h
-12 4
fe=(176)
+13 4
+1 4
+6 2
+1 2

fl=(148) ./elf/./elf/libc_early_init.c
fn=(466) __libc_early_init
33 9
+2 1
cfi=(149)
cfn=(468)
calls=1 -6 
* 17
+3 1
fi=(151) ./elf/../sysdeps/nptl/pthread_early_init.h
-5 2
fe=(148)
+8 1
-3 1
+3 1
fi=(151)
-8 1
cfi=(150)
cfn=(470)
calls=1 +5 
* 10
* 3
+1 1
+4 5
+7 1
fi=(218) ./elf/../nptl/nptl-stack.h
+16 3
fi=(151)
-16 1
fi=(218)
+16 2
fi=(151)
-7 1
fi=(218)
+7 3
fi=(151)
-9 1
-6 1
+2 2
+4 4
+1 1
+3 1
cfi=(152)
cfn=(474)
calls=1 -1 
* 104
fe=(148)
-9 3
+2 2
-2 1
cfi=(154)
cfn=(478)
calls=1 +45 
* 169

fl=(157) ./csu/./csu/init-first.c
fn=(510) _init_first
46 6
+5 2
+4 5
+8 1
-2 1
+10 1
-9 1
+1 1
+9 3
-1 1
cfi=(158) ./misc/./misc/init-misc.c
cfn=(512) __init_misc
calls=1 -41 
* 50

fl=(160) ./libio/./libio/vtables.c
fn=(518) check_stdfiles_vtables
545 1
+1 4
+1 3
+1 3
+2 1

fl=(94) ./debug/../sysdeps/x86_64/multiarch/memcpy_chk.c
fn=(308) __memcpy_chk
29 1
fi=(93)
+28 3
-1 2
+4 3
+14 2
+3 2
+8 2
+8 2
+3 5
fe=(94)

fl=(131) ./debug/../sysdeps/x86_64/multiarch/memmove_chk.c
fn=(406) __memmove_chk
29 1
fi=(93)
+28 3
-1 2
+4 3
+14 2
+3 2
+8 2
+8 2
+3 5
fe=(131)

fl=(182)
fn=(620)
53 90
+2 90
+1 90
+1 90
+1 90
+1 90
+3 90
+1 90
+4 90
+1 90
+1 90
+1 90
+1 90
+1 90
+1 90
+1 89
+13 89
+2 178
+12 1
+1 1
+6 1
+1 2
+48 1
+4 1
+1 1
+1 1
+1 1
+1 1
+1 1
+1 1

fl=(100) ./wcsmbs/../sysdeps/x86_64/multiarch/wcscat.c
fn=(324) wcschr
31 2
fi=(101)
+9 6
-2 8
fi=(102) ./wcsmbs/../sysdeps/x86_64/multiarch/wcschr.c
-7 4
fi=(101)
+10 4
+1 6
+3 4
+4 6
+3 10
fe=(100)

fn=(390) wcscat
31 1
fi=(97)
+9 3
-1 4
+2 3
+3 2
+4 4
fe=(100)
-17 1

fl=(108) ./string/../sysdeps/x86_64/multiarch/stpncpy.c
fn=(344) stpncpy
31 1
fi=(109)
+4 5
+1 3
+3 2
+4 3
+3 4
fe=(108)
-15 1

fl=(158)
fn=(512)
30 1
+1 2
-1 4
+1 4
+2 3
cob=(3)
cfi=(153)
cfn=(514)
calls=1 -33 
* 24
+4 5
+1 3
+2 4

fl=(183)
fn=(622)
27 132
+1 396
-1 924
+4 494
+2 230
+3 115
fi=(219) ./stdio-common/../string/bits/string_fortified.h
-7 115
fe=(183)
+8 230
fi=(219)
-8 115
fe=(183)
+12 115
fi=(219)
-12 115
cob=(3)
cfi=(153)
cfn=(624)
calls=115 -29 
* 2049
fe=(183)
+11 345
-9 230
+2 345
+11 792

fl=(119) ./string/../sysdeps/x86_64/multiarch/strncase_l.c
fn=(366) strncasecmp_l
31 1
fi=(114)
+6 2
-1 4
fe=(119)
-5 2
fi=(114)
+7 3
+3 2
+4 3
+3 4
fe=(119)

fl=(112) ./string/../sysdeps/x86_64/multiarch/strncmp.c
fn=(352) strncmp
67 1
-23 2
-1 4
+24 2
-22 3
+3 2
+4 3
+3 4

fl=(121) ./string/../sysdeps/x86_64/multiarch/memcmp.c
fn=(374) bcmp
29 1
fi=(122) ./string/../sysdeps/x86_64/multiarch/ifunc-memcmp.h
+5 5
+1 2
+1 2
+1 3
+3 2
+4 3
+3 4
fe=(121)
-18 2

fl=(189)
fn=(688) _IO_switch_to_get_mode
164 12
+1 6
+3 6
+4 4
+1 4
+7 2
-4 2
+4 2
-2 4
+3 2
+1 8

fn=(694) _IO_sputbackc
635 63
+3 27
+1 18
+9 9
+3 45
-10 18
+1 9
+5 9

fn=(818) _IO_flush_all
686 5
+5 1
-5 1
+5 1
-5 6
+5 4
cfi=(197) ./nptl/./nptl/libc-cleanup.c
cfn=(676) __libc_cleanup_push_defer
calls=1 24 
* 13
+1 6
-5 1
fi=(192)
1025 2
fe=(189)
708 33
+1 3
-14 9
+2 3
+1 27
+2 21
+13 7
+1 2
cfi=(197)
cfn=(700) __libc_cleanup_pop_restore
calls=1 54 
* 9
+4 12
-20 9
-6 2
-5 2
+8 1
-3 1
+3 2

fn=(640) _IO_doallocbuf
343 2
+1 4
-1 14
+3 6
+1 2
fi=(192)
1025 6
+1 4
fe=(189)
347 4
cfi=(190)
cfn=(642)
calls=2 78 
* 545
* 4
+3 12

fn=(682) _IO_default_uflow
361 16
fi=(192)
1025 8
fe=(189)
361 24
+1 8
-1 8
fi=(192)
1025 16
+1 16
fe=(189)
362 16
cfi=(188)
cfn=(684) _IO_file_underflow@@GLIBC_2.2.5
calls=8 462 
* 532
+1 16
+2 4
+1 32

fn=(658) _IO_default_xsputn
371 11
+3 4
fi=(192)
1025 1
fe=(189)
373 2
+26 155
fi=(192)
1025 102
+1 102
fe=(189)
399 204
cfi=(188)
cfn=(638) _IO_file_overflow@@GLIBC_2.2.5
calls=51 732 
* 2101
* 102
+2 51
-2 51
-20 208
-4 1
+29 8

fn=(816)
842 6
-66 1
+66 6
+1 1
cfn=(818)
calls=1 686 
* 183
-67 2
+67 1
-67 3
cfi=(197)
cfn=(676)
calls=1 24 
* 13
+1 6
fi=(192)
1025 1
fe=(189)
785 1
-1 1
+1 4
-1 2
+1 25
+9 6
+2 8
+4 2
-2 2
+3 2
-3 2
+2 4
+5 2
fi=(192)
1025 4
+1 4
fe=(189)
805 8
cfi=(188)
cfn=(822) _IO_file_setbuf@@GLIBC_2.2.5
calls=2 382 
* 174
+2 6
+9 2
-2 2
+2 4
+1 3
-37 9
+41 7
+1 2
cfi=(197)
cfn=(700)
calls=1 54 
* 9
+33 12
-78 2
+39 24
-2 1
+2 1
-31 6
+7 7
-15 1
+3 2
-3 1
+3 2

fn=(654)
329 22
+1 8
+5 4
-3 2
+3 4
-2 2
+2 4
+3 12

fn=(824) _IO_default_setbuf
452 16
fi=(192)
1025 2
fe=(189)
452 2
+1 2
-1 2
fi=(192)
1025 4
+1 4
fe=(189)
453 4
cfi=(188)
cfn=(826) _IO_file_sync@@GLIBC_2.2.5
calls=2 793 
* 42
* 4
+4 2
330 2
462 2
-7 4
332 2
466 2
337 2
-4 2
+4 2
467 2
-1 6
+2 12
-11 2
+1 4
-1 2
330 8

fn=(680) __uflow
299 40
+1 8
-1 8
+1 16
+5 24
+3 8
173 8
308 16
+2 16
+6 16
+7 8
fi=(192)
1025 24
+1 16
fe=(189)
323 16
+1 24
-1 8
cfn=(682)
calls=8 +38 
* 696
-23 16
+21 24

fn=(716)
199 55
+2 33
+2 11
fi=(192)
1025 33
+1 22
fe=(189)
203 11
+1 22
-1 11
cfi=(188)
cfn=(638)
calls=11 732 
* 1661

fl=(95) ./string/../sysdeps/x86_64/multiarch/memrchr.c
fn=(312) memrchr
29 1
fi=(84)
+11 3
-2 4
fe=(95)
-9 2
fi=(84)
+12 2
+1 3
+3 2
+4 3
+3 5
fe=(95)

fl=(168) ./setjmp/./setjmp/sigjmp.c
fn=(560) __sigjmp_save
28 6
+2 2
-1 1
+5 4

fl=(208) ./nptl/./nptl/pthread_mutex_unlock.c
fn=(750) pthread_mutex_unlock@@GLIBC_2.2.5
367 1
51 3
+1 2
367 3
57 2
+8 1
-3 1
-23 1
+1 4
+1 1
+29 1
+2 1
369 2
74 2
+6 4
+4 3
+3 2

fl=(197)
fn=(700)
54 13
+1 13
+2 26
+2 13
+1 39
+11 13

fn=(676)
24 13
+1 13
+2 26
+2 26
+3 26
+14 39
+2 13
+1 13

fl=(191) ./io/../sysdeps/unix/sysv/linux/fstat64.c
fn=(646) fstat
30 2
+9 8
+33 2

fl=(132) ./string/../sysdeps/x86_64/multiarch/stpcpy.c
fn=(410) stpcpy
33 1
fi=(118)
+5 2
+1 1
-1 2
+1 2
+3 2
+4 3
+3 3
fe=(132)
-16 1

fl=(123) ./wcsmbs/../sysdeps/x86_64/multiarch/wmemset.c
fn=(378) wmemset
31 2
fi=(124) ./wcsmbs/../sysdeps/x86_64/multiarch/ifunc-wmemset.h
+5 10
+1 6
fe=(123)
-6 2

fl=(167)
fn=(558)
31 1
+2 1
+9 1
+1 2
+1 1
+4 1
+1 1
+1 1
+1 1
+1 1
+2 2
+2 1
+1 1
+1 1
+2 2
+2 1
+5 1
+1 1
+17 1
cfi=(168)
cfn=(560)
calls=1 -57 
* 13

fl=(87) ./wcsmbs/../sysdeps/x86_64/multiarch/wcsnlen.c
fn=(292) wcsnlen
30 1
fi=(88) ./wcsmbs/../sysdeps/x86_64/multiarch/ifunc-wcslen.h
+11 2
-1 4
+2 3
+3 2
+4 3
+3 3
fe=(87)
-22 1

fl=(120) ./string/../sysdeps/x86_64/multiarch/strchrnul.c
fn=(370) strchrnul
31 1
fi=(84)
+9 3
-2 4
fe=(120)
-7 2
fi=(84)
+10 2
+1 3
+3 2
+4 3
+3 5
fe=(120)

fl=(98) ./string/../sysdeps/x86_64/multiarch/memcmpeq.c
fn=(320) memcpy@@GLIBC_2.14
29 1
fi=(99)
+28 3
-1 2
+4 3
+14 2
+3 2
+8 2
+8 2
+3 5
fe=(98)

fl=(199) ./io/../sysdeps/unix/sysv/linux/read.c
fn=(692) read
25 2
+1 12
+1 2

fl=(96) ./wcsmbs/../sysdeps/x86_64/multiarch/wcsncpy.c
fn=(316) wcsncpy
31 1
fi=(97)
+9 3
-1 4
+2 3
+3 2
+4 4
fe=(96)
-17 1

fl=(210)
fn=(762)
30 6
+3 6
-3 24
+3 15
+3 12
+4 21
-4 9
+57 12
+4 18
-4 9
+12 6
cfi=(211)
cfn=(764)
calls=3 -23 
* 60
+1 12
+1 24

fl=(133) ./string/../sysdeps/x86_64/multiarch/memmove.c
fn=(414) memmove
29 1
fi=(99)
+28 3
-1 2
+4 3
+14 2
+3 2
+8 2
+8 2
+3 5
fe=(133)

fl=(179)
fn=(608)
25 624
+7 48
-4 96
+4 48
-4 48
+4 48
+1 48
-1 48
-4 48
+5 48
-1 96
+1 96
cfi=(180)
cfn=(610)
calls=48 1522 
* 36107
+4 240

fl=(184)
fn=(626)
255 115
+1 115
+6 115
+1 115
+2 1
+1 1
+1 1
+3 1
+1 1
+1 1
+3 2
+30 114
+1 114
+2 103
+1 103
+2 97
+4 97
+1 89
+1 89
+1 89
+1 89
+1 32
+1 32
+2 32
+2 32
-2 57
+2 57
+6 8
+1 8
+1 8
+1 8
+1 8
+7 11
+1 11
+1 11
+1 11
+2 11
+17 6
+1 6
+1 6
+1 6
+1 6

fn=(706)
242 51
+1 51
+1 51
+1 51
+17 51
+1 51
+2 3
+1 3
+1 3
+3 3
+1 3
+1 3
+3 6
+30 48
+1 48
+2 36
+1 36
+2 32
+4 32
+1 14
+1 14
+1 14
+1 14
+1 14
+1 14
+2 14
+2 14
+6 18
+1 18
+1 18
+1 18
+1 18
+7 12
+1 12
+1 12
+1 12
+2 12
+17 4
+1 4
+1 4
+1 4
+1 4

fl=(196) ./stdio-common/./stdio-common/vfscanf-internal.c
fn=(674) __vfscanf_internal
278 143
+10 55
+1 11
fi=(200) ./stdio-common/../include/scratch_buffer.h
78 11
fe=(196)
289 11
fi=(200)
77 22
fe=(196)
339 11
fi=(200)
77 11
fe=(196)
339 44
+6 34
+3 44
+4 11
+20 22
-20 11
+13 11
-6 11
+8 22
-8 11
+8 11
+5 22
-5 11
+5 33
cfi=(197)
cfn=(676)
calls=11 24 
* 143
* 33
+9 11
fi=(219)
59 11
fe=(196)
381 33
-49 11
-48 11
-1 11
+10 11
-11 11
+46 11
-1 11
-1 11
-1 11
-12 11
-30 22
419 22
+24 22
+1 22
-63 20
3095 30
+3 11
223 11
-17 11
+17 11
-1 11
489 11
222 22
489 22
222 11
489 22
372 77
483 11
fi=(198)
55 66
fe=(196)
506 55
345 20
3105 110
cfi=(197)
cfn=(700)
calls=11 54 
* 99
fi=(200)
85 44
fe=(196)
3109 22
+17 10
+6 132
660 22
+4 22
+1 66
+4 11
+1 33
-1 11
+1 77
+6 69
+3 16
-3 8
+3 34
-3 1
+3 4
-3 30
+3 36
+1 88
+1 37
+4 15
-4 15
cfi=(189)
cfn=(694)
calls=5 -46 
* 110
+4 66
530 11
+3 99
676 14
cfi=(189)
cfn=(680)
calls=7 299 
* 835
* 45
3105 33
372 33
3111 18
345 12
685 48
1450 30
+5 5
-5 5
+5 10
+9 35
1813 20
+9 5
fi=(200)
113 20
fe=(196)
1822 10
fi=(200)
113 15
fe=(196)
1815 22
+5 54
260 14
1877 7
260 14
+3 21
1879 28
+2 59
-68 28
231 4
1884 8
231 1
1884 2
206 5
1891 10
214 10
1892 10
+28 30
cfi=(189)
cfn=(694)
calls=4 635 
* 88
* 12
260 8
+3 15
1924 10
1742 10
1942 10
206 5
1742 10
1941 15
+7 15
+3 25
+6 5
-4 10
+27 22
+12 12
+4 18
1452 12
1822 20
+59 2
cfi=(189)
cfn=(680)
calls=1 299 
* 157
* 10
-68 1
1498 10
+3 10
+97 20
1813 10
1501 10
1945 5
cfi=(169)
cfn=(696) __strtoul_internal
calls=5 107 
* 595
* 15
260 4
1893 6
+1 6
+76 10
+2 10
+3 10
+1 65
1442 5
-1 10

fl=(213)
fn=(828)
27 2
+3 2

fl=(186)
fn=(630)
169 42
+3 168
+2 84
+9 1414
+9 84

fl=(91) ./wcsmbs/../sysdeps/x86_64/multiarch/wcslen.c
fn=(300) wcslen
29 1
fi=(88)
+12 2
-1 4
+2 3
+3 2
+4 3
+3 3
fe=(91)
-23 1

fl=(169)
fn=(570)
116 1
+1 5
cfi=(170)
cfn=(572)
calls=1 238 
* 120

fn=(696)
107 5
+1 20
cfi=(170)
cfn=(698)
calls=5 238 
* 570

fl=(125) ./string/../sysdeps/x86_64/multiarch/strcpy.c
fn=(382) strcpy
29 1
fi=(118)
+9 2
+1 1
-1 2
+1 2
+3 2
+4 3
+3 3
fe=(125)
-20 1

fl=(207) ./nptl/./nptl/pthread_mutex_lock.c
fn=(748) pthread_mutex_lock@@GLIBC_2.2.5
77 1
+3 3
+2 1
+2 2
-7 4
+11 2
+91 1
+3 1
+2 1
+3 1
-63 1
+66 3
-93 2
+11 4
+4 1
+3 2
-71 1
+1 7
+1 1
+84 3
+1 2

fl=(181)
fn=(634)
117 48
+1 144
-1 48
-64 48
+64 288
-66 192
+2 144
+69 48
-1 48
+1 192
-1 48
cfi=(194)
cfn=(666)
calls=48 -96 
* 912
-56 96
cfn=(614) __printf_buffer_to_file_switch
calls=48 -36 
* 624
+1 48
-8 48
+1 48
fi=(220) ./stdio-common/../libio/libioP.h
1025 48
fe=(181)
58 48
+1 48
-1 48
fi=(220)
1025 96
+1 96
fe=(181)
59 96
cfi=(188)
cfn=(636)
calls=48 1198 
* 9074
* 96

fn=(612)
108 48
+1 48
fi=(187)
+18 48
fe=(181)
-18 48
fi=(187)
+28 48
-9 48
+9 48
-13 48
fe=(181)
-13 48
fi=(187)
+13 48
fe=(181)
-12 48
cfn=(614)
calls=48 -83 
* 624

fn=(614)
29 96
+1 480
+10 96
+1 96
+3 384
+1 96

fl=(188)
fn=(684)
462 8
+4 24
-4 18
+7 4
+6 6
+3 4
+12 2
fi=(192)
1025 2
fe=(188)
506 4
cfi=(189)
cfn=(688)
calls=2 164 
* 52
+6 2
+5 2
-5 2
fi=(192)
1025 4
fe=(188)
512 2
fi=(192)
1025 2
fe=(188)
512 6
fi=(192)
1026 4
fe=(188)
517 8
cfn=(690) _IO_file_read
calls=2 1131 
* 26
+2 4
+16 1
-9 1
+9 2
+2 2
+1 16
-6 1
-10 7
-55 2
+14 3
+5 2
cfi=(189)
cfn=(640)
calls=1 343 
* 293
+4 4
-23 6
+71 6

fn=(662) _IO_file_write@@GLIBC_2.2.5
1174 104
+2 52
-1 26
+6 13
cfi=(193)
cfn=(664)
calls=13 25 
* 104
+1 26
+5 13
+1 13
-12 26
+4 39
+1 26
+10 39
+3 78
-4 39

fn=(690)
1131 2
+3 2
-1 2
+1 4
cfi=(199)
cfn=(692)
calls=2 25 
* 16

fn=(638)
732 512
+1 256
+7 318
+37 63
-2 126
+3 124
+3 186
+1 186
+1 248
+4 62
+1 372
-45 2
+12 2
+9 3
+5 3
+2 2
-5 1
+5 1
+1 1
-5 1
+1 1
+4 2
-7 1
+10 2
+13 2
-12 2
+1 2
+11 8
-12 2
cfn=(656) _IO_do_write@@GLIBC_2.2.5
calls=2 424 
* 110
+9 24
-1 12
+1 12
-1 12
cfn=(656)
calls=12 424 
* 1260
* 24
-12 2
+1 2
-28 2
cfi=(189)
cfn=(640)
calls=1 343 
* 310
+1 1
+9 1
-9 5

fn=(822)
382 12
+1 2
cfi=(189)
cfn=(824)
calls=2 +69 
* 138
* 4
+3 2
+4 4
-2 6
+3 6

fn=(826)
793 14
+5 8
+2 2
+1 4
+11 4
+4 10

fn=(636)
1198 364
+7 52
-7 104
+6 208
+9 104
-2 208
+17 3
+1 50
+5 50
+2 100
+2 50
-4 50
+2 50
+2 50
-1 50
-1 50
cob=(3)
cfi=(153)
cfn=(704)
calls=50 0 
* 929
-2 1
+2 2
+2 1
-4 1
+2 1
+2 1
-1 1
-1 1
cob=(3)
cfi=(153)
cfn=(704)
calls=1 0 
* 17
+2 51
-2 51
+4 102
+28 468
-55 51
+4 51
-4 51
+1 102
-14 1
+44 1
fi=(192)
1025 3
+1 2
fe=(188)
1244 1
fi=(192)
1025 3
+1 2
fe=(188)
1244 6
cfn=(638)
calls=2 732 
* 506
* 4
+6 4
+1 10
+2 6
+11 4
+1 4
cfi=(189)
cfn=(658)
calls=1 371 
* 3103
+2 3
-48 1713
-2 1292
446 2
1221 1
+11 3
444 2

fn=(656)
424 14
+2 42
+1 1
-3 39
fi=(192)
1025 13
fe=(188)
424 104
+20 13
-10 26
+7 52
fi=(192)
1025 26
+1 26
fe=(188)
449 52
cfn=(662)
calls=13 1174 
* 598
* 13
+1 39
+2 13
+4 26
-3 26
-1 26
+4 26
-30 26
+28 13
-28 26
+1 104
+28 26

fn=(644)
1147 2
+1 4
cfi=(191)
cfn=(646)
calls=2 30 
* 12

fl=(116) ./wcsmbs/../sysdeps/x86_64/multiarch/wcscpy.c
fn=(360) wcscpy
60 1
-17 2
-1 4
+2 3
+2 2
+4 3
+10 1

fl=(136) ./string/../sysdeps/x86_64/multiarch/strspn.c
fn=(422) strspn
29 1
fi=(214)
+7 5
fe=(136)
-7 1

fl=(81) ./string/../sysdeps/x86/cacheinfo.c
fn=(280) __x86_cacheinfo
86 1
fi=(82) ./string/../sysdeps/x86/cacheinfo.h
-27 1
+3 3
+2 1
+1 1
-1 2
+7 3
+2 1
+1 1
-1 2
+5 2
+2 2
+1 2
+1 2
+2 2
+2 2
fe=(81)

fl=(195)
fn=(672)
25 154
+4 11
+1 22
-1 11
+1 11
-1 22
+1 11
-1 22
+1 33
cfi=(196)
cfn=(674)
calls=11 278 
* 5535
+4 55

fl=(85) ./string/../sysdeps/x86_64/multiarch/strpbrk.c
fn=(288) strpbrk
29 1
fi=(214)
+7 5
fe=(85)
-7 1

fl=(127) ./string/../sysdeps/x86_64/multiarch/strlen.c
fn=(394) strlen
29 1
fi=(84)
+11 3
-2 4
fe=(127)
-9 2
fi=(84)
+12 2
+1 3
+3 2
+4 3
+3 5
fe=(127)

ob=(1)
fl=(44) ./string/./string/strdup.c
fn=(138) strdup
40 24
+1 4
cfi=(22) ./string/../sysdeps/x86_64/multiarch/../multiarch/strlen-sse2.S
cfn=(62) strlen
calls=4 +16 
* 122
* 4
fi=(221) ./string/../include/rtld-malloc.h
+15 8
cfi=(27) ./elf/./elf/dl-minimal-malloc.c
cfn=(78) __minimal_malloc
calls=4 -20 
* 120
fe=(44)
-12 8
+3 12
+1 12
-1 4
cfi=(29) ./string/../sysdeps/x86_64/multiarch/memmove-vec-unaligned-erms.S
cfn=(82) memcpy
calls=4 210 
* 60

fl=(142) ./elf/./dl-find_object.h
fn=(444) _dl_find_object_from_map
95 10
+1 10
+1 5
+6 25
+1 139
+1 96
+2 15
+5 5

fl=(63) ./io/../sysdeps/unix/sysv/linux/access.c
fn=(200) access
25 1
+2 7
+4 1

fl=(146) ./elf/./elf/dl-lookup-direct.c
fn=(460) _dl_lookup_direct
74 30
+2 3
-2 6
+4 3
-4 3
+2 3
+2 9
+37 3
-37 9
+1 6
+2 12
+3 25
+2 6
-54 3
+54 3
-54 3
+54 3
-54 9
+1 9
+2 6
+1 6
+12 9
+3 3
+2 6
-2 3
+2 9
cfi=(32) ./string/../sysdeps/x86_64/multiarch/../multiarch/strcmp-sse2.S
cfn=(94) strcmp
calls=3 +45 
* 209
* 6
+4 6
+1 3
-1 3
+1 18
+1 9
cfi=(32)
cfn=(94)
calls=3 +39 
* 198
* 6
+57 27
-23 6

fl=(8) ./elf/./elf/dl-setup_hash.c
fn=(14) _dl_setup_hash
25 5
+3 5
-3 5
+3 10
+3 15
+1 10
+2 5
-1 5
+3 15
+1 5
+1 10
+7 5
-5 5
-2 5
+3 10
+2 5
+2 10
+5 5

fl=(78) ./elf/./elf/dl-lookup.c
fn=(270) _dl_lookup_symbol_x
772 876
+3 146
-3 438
+3 146
-3 584
fi=(79) ./elf/../sysdeps/generic/dl-new-hash.h
74 146
+3 292
-8 146
+1 292
+10 146
+1 292
-1 965
+1 1930
+20 1037
-2 1037
+6 1037
-3 2074
+2 1037
-30 1037
+3 2074
fe=(78)
774 146
+1 146
+3 146
-4 146
+1 146
+7 504
+5 146
-2 146
+2 146
-2 146
+6 2094
+1 2044
cfn=(274) do_lookup_x
calls=146 347 
* 55943
* 438
+28 146
-23 438
+23 146
-23 292
+24 800
+7 136
-7 136
+35 544
+34 544
-20 408
+3 272
-57 146
+76 1314
fi=(79)
87 74
+1 74
+1 148
+1 74
fe=(78)
871 2
-72 60
+18 30
+11 40

fn=(276) check_match
70 2085
+3 828
+13 136
-13 136
+13 136
-13 136
+13 408
+3 480
cfi=(32)
cfn=(94)
calls=52 +9 
* 2623
* 104
+4 136
+1 272
+2 212
+19 212
+1 848
+45 136
+1 1112
-18 60
+2 60
+1 30
-1 60
+1 90
-1 60
-29 318
cfi=(32)
cfn=(94)
calls=106 -19 
* 2885
* 212
-44 12
+5 6

fn=(274)
347 1314
+1 146
-1 584
+6 146
-6 146
+65 146
-58 146
+11 146
+50 146
-3 292
+3 292
-50 146
+50 584
-19 1740
+8 580
-4 580
+1 580
+3 2320
+1 1160
+3 580
-3 580
+4 1160
+4 1160
-2 580
+5 2320
+3 4060
+99 1335
358 1162
+3 1162
+4 1170
+21 1160
+4 1160
+71 1088
fi=(4) ./elf/../sysdeps/generic/ldsodefs.h
139 272
+1 408
fe=(78)
476 272
fi=(80) ./elf/../sysdeps/generic/dl-protected.h
29 544
fe=(78)
483 1048
+16 272
+1 136
+22 136
-21 136
+21 952
-99 435
-1 290
+2 290
+2 144
+6 576
-6 144
+6 1008
+7 483
-10 1485
+2 139
+1 417
-1 139
+1 278
-1 139
+1 139
+1 139
-1 139
+1 139
-1 973
cfn=(276)
calls=139 70 
* 13793
+4 417
+3 6
+31 64
+52 10
-1 10
+1 70
-35 30

fl=(50) ./elf/./elf/dl-catch.c
fn=(236) _dl_receive_error
186 2
58 1
186 4
+2 1
-2 1
58 1
+1 1
+11 1
192 1
+2 1
cfi=(2) ./elf/./elf/rtld.c
cfn=(238) version_check_doit
calls=1 674 
* 6307
69 2
+1 1
198 1
-1 1
+1 3

fn=(160) _dl_catch_exception
204 30
58 5
204 10
+3 10
+22 5
-1 5
+1 5
58 10
235 15
cfi=(51) ./setjmp/../sysdeps/x86_64/setjmp.S
cfn=(162) __sigsetjmp
calls=5 31 
* 120
* 15
+2 15
cfi=(64) ./elf/./elf/dl-deps.c
cfn=(206) openaux
calls=4 61 
* 10349
cfi=(2)
cfn=(164) map_doit
calls=1 641 
* 2662
69 5
+1 5
-1 5
+1 5
239 20
-25 5
+34 15
59 10
+11 15

fn=(158) _dl_catch_error
254 6
+2 1
-2 6
+2 1
cfn=(160)
calls=1 -52 
* 2728
+1 2
+1 1
+1 1
-1 1
+1 1
+2 6

fl=(48)
fn=(482) _dl_audit_activity_nsid
41 3
+4 12
+1 3
+1 15

fn=(778) _dl_audit_objclose
97 5
+1 20

fn=(198) _dl_audit_objopen
77 3
+1 12

fn=(552)
118 1
+1 4

fn=(152) _dl_audit_activity_map
29 2
+2 1
-2 5
+1 1
+1 2
+6 6

fl=(70) ./io/../sysdeps/unix/sysv/linux/pread64_nocancel.c
fn=(224) __pread64_nocancel
25 4
+1 8
+1 2

fl=(43) ./string/../sysdeps/x86_64/multiarch/../multiarch/memset-vec-unaligned-erms.S
fn=(130) memset
132 8
+1 40
+5 8
+1 8
+3 3
+1 3
244 3
+1 3
+12 3
+3 3
+1 3
+12 3
+1 3
+13 3
+1 3
+2 3
+3 1
+3 2
+3 1
+1 1
+1 1
+1 1
+1 1
+1 1
+1 1
-6 34
+1 34
+1 34
+1 34
+1 34
+1 34
+1 34
+3 3
+1 3
+1 3
+1 3
+5 3
+34 5
+2 5
+1 5
+39 5
+1 5
+2 5

fl=(147) ./elf/./elf/dl-call-libc-early-init.c
fn=(464) _dl_call_libc_early_init
27 1
+2 2
-2 1
+6 3
-6 3
+6 1
-6 2
+6 1
cfi=(146)
cfn=(460)
calls=1 +41 
* 225
+4 2
+2 3
+2 1
-1 1
-1 1
+2 2
-1 1
cob=(2)
cfi=(148)
cfn=(466)
calls=1 -7 
* 353

fl=(29)
fn=(82)
210 22
+1 22
+6 22
+1 22
+2 14
+1 14
+1 14
+2 6
+1 6
+1 6
+2 6
+80 8
+1 8
+2 1
+4 1
+1 1
+1 1
+1 1
+1 1
+4 1
+2 1
+39 7
+1 7
+1 7
+1 7
+1 7
+7 8
+1 8
+1 8
+1 8
+1 8
+1 8
+1 8
+11 8
+1 8
+2 8
+1 8
+1 8

fn=(126) mempcpy
197 17
+1 17
+1 17
+1 17
+17 17
+1 17
+2 6
+1 6
+1 6
+2 4
+1 4
+1 4
+2 4
+80 11
+1 11
+2 2
+4 2
+1 2
+1 2
+8 2
+39 9
+1 9
+1 9
+1 9
+1 9
+7 2
+1 2
+1 2
+1 2
+1 2
+1 2
+1 2
+11 2
+1 2
+2 2
+1 2
+1 2

fl=(155) ./elf/./elf/dl-init.c
fn=(498) call_init.part.0
26 60
+17 5
+3 5
-3 10
+3 10
+5 8
+8 12
+1 12
cob=(3)
cfi=(153)
cfn=(520)
calls=1 -60 
* 7
cob=(3)
cfi=(153)
cfn=(500)
calls=1 -60 
* 7
+3 4
+1 8
+6 6
+2 6
-2 3
+3 19
+1 4
cob=(2)
cfi=(160)
cfn=(518)
calls=1 545 
* 12
* 12
cob=(5)
cfi=(161)
cfn=(524) 0x000000000000a2f0
calls=1 -74 
* 12
cob=(2)
cfi=(157)
cfn=(510)
calls=1 -28 
* 72
cob=(4)
cfi=(156)
cfn=(504)
calls=1 -74 
* 12
-1 12
+3 40
-29 2

fn=(496) _dl_init
81 13
+1 1
+1 1
+3 3
+8 2
+25 1
+1 8
+1 10
-92 10
+6 15
+2 22
+83 8
cfn=(498)
calls=4 -94 
* 283
* 8
+7 8
-98 2
+60 2
-54 3
+2 7
cfn=(498)
calls=1 -11 
* 77
* 2

fl=(145) ./elf/../sysdeps/nptl/dl-mutex.c
fn=(458) __rtld_mutex_init
30 2
+10 3
-10 3
+10 1
-10 1
+10 1
-10 1
+7 1
+3 2
cfi=(146)
cfn=(460)
calls=1 +34 
* 233
+4 2
+1 8
+2 3
-2 1
+2 3
cfi=(146)
cfn=(460)
calls=1 +27 
* 223
+4 2
+1 7
+1 6

fl=(73) ./elf/./elf/dl-version.c
fn=(242) _dl_check_map_versions
155 50
+15 15
+2 25
+2 5
+1 5
+2 10
+3 6
-16 6
+20 3
-4 3
-24 3
+28 21
+16 6
36 3
200 3
36 21
+1 10
-1 20
+2 39
cfi=(52) ./elf/./elf/dl-misc.c
cfn=(168) _dl_name_match_p
calls=13 +30 
* 1159
* 29
208 9
+5 3
fi=(222) ./elf/../sysdeps/generic/_itoa.h
76 9
fe=(73)
213 6
+4 6
+1 6
-1 6
+4 3
-3 3
+3 3
-3 9
-1 24
+1 24
-1 24
+4 12
-3 12
+3 12
-3 61
56 60
+8 45
+6 45
+16 15
+1 30
+2 15
+5 105
+14 326
+12 444
+4 148
-30 296
231 60
+3 45
+5 12
-24 12
110 15
+3 75
cfi=(32)
cfn=(94)
calls=15 -15 
* 523
* 45
224 45
+4 6
+15 9
+14 15
+3 4
+3 14
+3 8
+4 2
-7 8
+3 6
+4 44
-7 176
+3 134
+8 6
+6 8
fi=(28) ./elf/../include/rtld-malloc.h
44 4
fe=(73)
280 8
fi=(28)
44 4
cfi=(27)
cfn=(74) __minimal_calloc
calls=4 +36 
* 164
fe=(73)
281 8
-2 4
fi=(28)
44 4
fe=(73)
281 4
+13 4
-3 4
+3 16
+2 8
+3 12
+4 9
+7 15
+1 15
-1 45
+1 15
+1 15
-2 15
+2 30
+1 45
+3 45
+5 12
-15 12
+2 12
-2 12
+2 12
-2 12
+2 24
-2 3
+2 3
-2 3
+2 3
-2 3
+2 6
+16 9
+10 6
+3 4
+4 46
+6 46
+1 46
+1 46
-1 138
+1 46
-1 46
+1 46
+1 46
+3 138
+4 46
-14 96
+10 6
+12 4
+1 6
+1 6
+1 2
+19 45
164 2
-8 2
257 5
+17 6
+60 2
-40 2
+76 4
+2 4
+4 2
-4 120
+1 60
+2 1
+1 2
-1 1
+1 1
cfi=(32)
cfn=(244) strncmp
calls=1 98 
* 32
* 2

fn=(240) _dl_check_all_versions
392 7
+4 5
-2 1
+4 30
cfn=(242)
calls=5 155 
* 6207
-2 5
+2 15
-1 5
-1 10
+5 7

fl=(67) ./elf/./elf/dl-cache.c
fn=(222) _dl_cache_libcmp
357 19
+1 19
+32 19
-33 19
+1 42
+2 101
+2 101
-2 202
+20 198
+2 198
-12 82
+2 82
+14 82
+1 82
-29 164
+32 6
-28 4
+6 2
+2 2
-2 2
+1 2
-1 2
+1 2
-1 2
+2 7
+1 3
-1 4
+2 2
-3 2
+3 7
+1 3
-1 4
+2 4
+9 51

fn=(214) _dl_load_cache_lookup
403 20
+2 4
+3 6
+69 3
+5 2
205 2
482 4
+3 6
fi=(69) ./elf/../sysdeps/x86/dl-procinfo.h
39 4
+3 6
cfi=(32)
cfn=(94)
calls=2 +56 
* 50
* 8
fe=(67)
208 12
cfi=(11)
cfn=(28)
calls=2 387 
* 46
* 2
+12 2
-10 2
-2 2
+12 4
-7 10
+9 10
+1 2
-32 4
+36 2
-4 2
+4 4
-5 75
+1 15
-32 30
+36 15
-4 15
+4 30
+4 51
cfn=(222)
calls=17 357 
* 1347
+1 34
346 15
+3 4
220 8
347 11
220 26
+2 20
+20 4
+3 4
+2 8
cfn=(222)
calls=2 357 
* 174
* 4
-7 4
-30 6
+1 2
fi=(223) ./elf/../sysdeps/x86/dl-isa-level.h
28 4
fe=(67)
210 4
fi=(223)
28 2
fe=(67)
210 2
+1 2
-1 6
+76 6
fi=(223)
28 6
fe=(67)
259 4
+10 6
+1 8
+16 2
fi=(68) ./elf/../sysdeps/generic/dl-cache.h
125 2
fe=(67)
286 6
+9 4
+3 4
+3 2
+1 6
+28 4
500 4
+12 4
cfi=(22)
cfn=(62)
calls=2 57 
* 70
+1 2
-1 2
+1 24
+1 2
-1 2
+1 2
-1 2
+1 2
cfi=(29)
cfn=(82)
calls=2 210 
* 30
* 2
+1 2
cfi=(44)
cfn=(138)
calls=2 40 
* 198
+1 16
411 4
cfi=(52)
cfn=(216) _dl_sysdep_read_whole_file
calls=1 36 
* 103
* 1
+8 5
+1 8
+3 3
+1 1
-1 3
fi=(68)
194 1
+1 5
fe=(67)
431 1
+1 2

fn=(484) _dl_unload_cache
525 1
+1 4
-1 1
+3 1
-3 1
+3 1
cfi=(140) ./misc/../sysdeps/unix/syscall-template.S
cfn=(486) munmap
calls=1 117 
* 6
+7 1
-6 1
+4 1
+2 1

fl=(32)
fn=(244)
98 1
+27 1
+1 1
+1 1
+1 1
+1 1
+2 1
+1 1
+2 1
+1 1
+21 1
+1 1
+1 1
+1 1
+1 1
+1 1
+1 1
+1 1
+17 1
+1 1
+1 1
+1 1
+1 1
+1 1
+1 1
2104 1
+3 1
+1 1
+2 1
+1 1
+8 1
+1 1

fn=(94)
98 254
+33 254
+1 254
+2 254
+1 254
+21 254
+1 254
+1 213
+1 213
+1 200
+1 200
+1 200
+1 200
+17 200
+1 200
+1 200
+1 200
+1 200
+1 200
+1 200
+5 12
+1 36
+9 12
+1 12
+1 12
+1 12
+1 12
+1 12
+1 12
+1 12
-7 54
+1 54
+1 54
+1 54
+1 54
+1 54
+1 54
+1 54
+1 63
+1 23
+1 23
+1 23
+2 23
+1 23
+1 23
+1 23
+1 23
+1 23
-5 40
+1 40
+1 40
+1 40
+1 40
+1 40
+10 3
+1 3
+1 3
+2 3
+6 3
+1 3
+1 3
+1 3
+1 3
+5 3
+2 1
+1 1
+1 2
+8 1
+1 1
+3 1
+1 1
+1 1
+1 1
+1 1
+1 1
+31 7
+1 7
+1 7
+1 7
+1 7
+2 7
+1 7
+1 7
+1 7
+1 7
+1 7
+1 7
+1 7
+3 7
+1 7
+1 7
+6 7
+1 7
+1 14
+4 7
+1 7
+3 7
+1 7
+1 7
+2 7
+1 7
+1 7
+4 7
+1 7
+1 7
+1 7
+1 7
+1 7
661 1
+1 1
+1 1
+1 1
+1 1
+2 1
+1 1
+1 1
+1 1
+1 1
+1 1
+1 1
780 2
+1 2
+1 2
+1 2
+1 2
+2 2
+1 2
+1 2
+1 2
+1 2
+1 2
+1 2
+1 1
+4 1
+1 1
+1 1
+6 1
+1 1
+1 2
+4 1
+1 1
+3 1
+1 1
+1 1
+2 1
+1 1
+1 1
+4 1
+1 1
+1 1
+1 1
+1 1
+1 1
+69 3
+1 3
+1 3
+1 3
+1 3
+2 3
+1 3
+1 3
+1 3
+1 3
+1 3
+1 3
+1 2
+4 2
+1 2
+1 2
+6 2
+1 2
+1 4
+4 2
+1 2
+3 2
+1 2
+1 2
+2 2
+1 2
+1 2
+4 2
+1 2
+1 2
+1 2
+1 2
+1 2
+7 1
+1 1
+2 1
+1 1
+2 1
+1 1
+1 1
+2 1
+1 1
+1 1
+4 1
+1 1
+1 1
+1 1
+1 1
+1 1
+41 1
+1 1
+1 1
+1 1
+1 1
+2 1
+1 1
+1 1
+1 1
+1 1
+1 1
+1 1
+1 1
+4 1
+1 1
+1 1
+6 1
+1 1
+1 2
+4 1
+1 1
+3 1
+1 1
+1 1
+2 1
+1 1
+1 1
+4 1
+1 1
+1 1
+1 1
+1 1
+1 1
+69 5
+1 5
+1 5
+1 5
+1 5
+2 5
+1 5
+1 5
+1 5
+1 5
+1 5
+1 5
+1 1
+4 1
+1 1
+1 1
+6 1
+1 1
+1 2
+4 1
+1 1
+3 1
+1 1
+1 1
+2 1
+1 1
+1 1
+4 1
+1 1
+1 1
+1 1
+1 1
+1 1
+69 4
+1 4
+1 4
+1 4
+1 4
+2 4
+1 4
+1 4
+1 4
+1 4
+1 4
+1 4
1375 5
+1 5
+1 5
+1 5
+1 5
+2 5
+1 5
+1 5
+1 5
+1 5
+1 5
+1 5
+1 1
+4 1
+1 1
+1 1
+6 1
+1 1
+1 2
+4 1
+1 1
+3 1
+1 1
+1 1
+2 1
+1 1
+1 1
+4 1
+1 1
+1 1
+1 1
+1 1
+1 1
+69 5
+1 5
+1 5
+1 5
+1 5
+2 5
+1 5
+1 5
+1 5
+1 5
+1 5
+1 5
+1 4
+4 4
+1 4
+1 4
+6 4
+1 4
+1 8
+4 4
+1 4
+3 4
+1 4
+1 4
+2 4
+1 4
+1 4
+4 4
+1 4
+1 4
+1 4
+1 4
+1 4
+69 9
+1 9
+1 9
+1 9
+1 9
+2 9
+1 9
+1 9
+1 9
+1 9
+1 9
+1 9
+1 5
+4 5
+1 5
+1 5
+6 5
+1 5
+1 10
+4 5
+1 5
+3 5
+1 5
+1 5
+2 5
+1 5
+1 5
+4 5
+1 5
+1 5
+1 5
+1 5
+1 5
+7 1
+1 1
+2 1
+1 1
+2 1
+1 1
+1 1
+2 1
+1 1
+1 1
+4 1
+1 1
+1 1
+1 1
+1 1
+1 1
+41 14
+1 14
+1 14
+1 14
+1 14
+2 14
+1 14
+1 14
+1 14
+1 14
+1 14
+1 14
+1 7
+4 7
+1 7
+1 7
+6 7
+1 7
+1 14
+4 7
+1 7
+3 7
+1 7
+1 7
+2 7
+1 7
+1 7
+4 7
+1 7
+1 7
+1 7
+1 7
+1 7
+7 1
+1 1
+2 1
+1 1
+2 1
+1 1
+1 1
+2 1
+1 1
+1 1
+4 1
+1 1
+1 1
+1 1
+1 1
+1 1
+41 6
+1 6
+1 6
+1 6
+1 6
+2 6
+1 6
+1 6
+1 6
+1 6
+1 6
+1 6
+1 3
+4 3
+1 3
+1 3
+6 3
+1 3
+1 6
+4 3
+1 3
+3 3
+1 3
+1 3
+2 3
+1 3
+1 3
+4 3
+1 3
+1 3
+1 3
+1 3
+1 3
+69 1
+1 1
+1 1
+1 1
+1 1
+2 1
+1 1
+1 1
+1 1
+1 1
+1 1
+1 1
2093 33
+2 33
+1 33
+1 33
+1 33
-3 33
+1 33
+1 33
+1 33
+1 46
+5 23
+6 23
+1 23
+8 23
+1 23
-16 231
+6 231
+1 231
+8 231
+1 231

fl=(62) ./io/../sysdeps/unix/sysv/linux/close_nocancel.c
fn=(194) __GI___close_nocancel
25 4
+1 16
+1 4

fl=(71) ./malloc/./malloc/scratch_buffer_set_array_size.c
fn=(228) __libc_scratch_buffer_set_array_size
30 39
+4 3
+1 6
+10 6
+18 3
-17 3
+17 15

fl=(1) ???
fn=(0) 0x000000000001f540
0 2
cfi=(2)
cfn=(2) _dl_start
calls=1 517 
0 220271
0 8
cfi=(76) ./elf/../sysdeps/x86_64/dl-cet.c
cfn=(492) _dl_cet_setup_features
calls=1 331 
0 4
0 10
cfi=(155)
cfn=(496)
calls=1 81 
0 486
0 3
cob=(6)
cfi=(162)
cfn=(532)
calls=1 0 
0 3236588

fl=(66) ./io/../sysdeps/unix/sysv/linux/fstatat64.c
fn=(212) fstatat
146 6
-55 6
+70 7
+1 1
-2 4
+1 4

fl=(20) ./elf/../sysdeps/x86/dl-cacheinfo.h
fn=(50) handle_intel.constprop.0
255 24
-5 12
+17 12
-17 96
+11 12
+1 12
+5 36
+4 24
+34 96
-29 12
+3 24
-3 12
+3 36
cfn=(52) intel_check_word.constprop.0
calls=12 123 
* 4092
+2 24
+3 60
cfn=(52)
calls=12 123 
* 1272
+2 24

fn=(52)
123 48
-4 72
+10 24
-10 96
+10 48
-10 24
+10 24
-10 24
+10 24
+2 48
+71 48
fi=(21) ./elf/../bits/stdlib-bsearch.h
32 24
fe=(20)
202 120
-71 96
+2 60
+2 120
+8 120
+51 96
+22 48
fi=(21)
28 48
-1 96
+2 216
+2 168
+1 84
fe=(20)
+78 168
+3 324
fi=(21)
-78 264
-6 528
+2 480
+1 240
fe=(20)
+78 480
+15 12
246 144
fi=(21)
37 120
fe=(20)
155 36
+3 36
-6 12
+3 39
+9 18
+23 21
-32 63
+3 63
+4 58
+2 116
+3 84
+1 48
+1 48
+1 30
+2 11
+2 22
+6 14
+3 8
+1 12
-20 15
+12 4
+2 4
+1 4
-2 4
-1 4
+2 8
-2 4
+3 4
-2 12
+2 12
+11 2
-9 12

fn=(56) get_common_cache_info.constprop.0
571 11
+17 1
+1 1
+9 1
-12 1
+2 1
+2 1
+8 1
-11 1
+3 1
+11 2
-5 3
+17 1
+5 3
+4 2
770 5
+1 5
+4 2
+8 1
-1 1
+1 1
+1 1
+1 7
627 5
+3 6
-32 5
+75 4
+8 5
+2 2
-2 1
+6 3
+3 1
+1 5
-4 4
+21 2
-21 4
+2 1
+2 4
-4 1
+6 4
+3 2
+5 1
+2 2
+1 1
+1 1
-2 2
+1 1
-19 4
+46 2
+1 1
+1 2
+1 1
+25 3
630 3
+10 6
+14 2
+4 1
+3 1
+1 1
-4 2
+3 3
+6 4
-37 12
+7 6
-7 3
+7 2
+3 20
+5 2
+4 1
+1 1
-1 2
+1 1
+61 2
+7 1
+2 2
-16 1
+22 1
-6 2
+1 1
+5 1
-30 5

fl=(24) ./elf/../sysdeps/nptl/dl-tls_init_tp.c
fn=(256) __tls_init_tp
68 2
fi=(224) ./elf/../include/list.h
-24 1
fe=(24)
+24 3
fi=(224)
-25 1
fe=(24)
+26 1
+3 1
fi=(224)
-29 1
+1 1
+1 1
+2 1
fe=(24)
+28 4
+1 2
+1 1
+5 2
+5 1
+6 1
-3 1
+3 1
-6 3
+6 1
+12 4
cfi=(11)
cfn=(28)
calls=1 387 
* 24
fi=(75) ./elf/../sysdeps/unix/sysv/linux/rseq-internal.h
-73 3
+8 1
fe=(24)
+81 3
+7 2
+1 3
fi=(75)
-95 7
+3 2
fe=(24)

fn=(68) __tls_pre_init_tp
53 3
+3 8
+5 1
-5 1
+5 1
+1 1
-6 1
+8 1

fn=(86) rtld_mutex_dummy
42 10
+2 20

fl=(65) ./io/../sysdeps/unix/sysv/linux/stat64.c
fn=(210) stat
28 6
+1 12
cfi=(66)
cfn=(212)
calls=3 146 
* 28

fl=(16) ./elf/../sysdeps/x86/cpu-features.c
fn=(42) update_active.constprop.0
72 8
+4 1
+10 1
+9 1
+9 1
-19 1
-1 1
+29 1
-4 1
-24 1
+9 1
+9 1
+9 1
-28 2
+25 1
-15 1
-9 1
+9 1
+9 1
+9 1
-3 1
+7 1
-13 1
+9 1
+4 2
-22 1
+22 2
-13 1
+6 1
+3 1
+5 1
+12 1
-8 1
-4 1
+7 1
-3 4
+1 1
+2 1
-2 2
+1 3
+5 1
+2 1
-2 4
+1 1
+1 1
-1 2
+1 1
-1 1
+3 2
+1 4
+14 2
356 2
+4 3
fi=(18) ./elf/../sysdeps/unix/sysv/linux/x86/dl-hwcap2.h
25 2
fi=(19) ./elf/../sysdeps/x86/get-isa-level.h
+5 1
-2 1
+2 3
fe=(16)
369 1
+1 8
151 2
+1 2
-1 5
+1 2
+2 3
+90 1
+1 1
-1 2
+17 4
+16 2
+5 1
-1 2
+4 4
+4 2
+4 3
+1 2
+3 1
-1 1
+9 1
-5 1
+2 1
-2 1
+5 1
+51 1
fi=(19)
31 1
fe=(16)
356 2
fi=(19)
32 3
+4 3
fe=(16)
158 4
+3 1
+3 2
+14 1
+2 1
+10 3
-12 1
+12 1
-12 1
+2 2
-2 1
+2 1
+8 1
-8 1
+6 3
+2 1
-2 1
+2 3
+7 5
fi=(19)
39 2
+1 4
-2 1
+7 4
+2 1
+1 2
+3 5
+2 4
+1 2
+1 2
+3 1
-1 1
+1 3
fe=(16)
171 1
-5 2
+4 1

fn=(36) init_cpu_features.constprop.0
682 1
+17 1
-17 7
+3 1
+1 1
+1 1
+3 1
+9 2
+3 6
1001 3
+1 2
+3 2
+1 2
+6 1
+1 1
+1 1
+1 1
fi=(20)
792 1
+1 1
+2 1
+14 2
+85 1
+1 1
+15 1
-5 1
+5 1
-10 1
-6 1
+2 1
+14 1
-15 1
+2 1
-1 1
+2 1
-1 1
+2 1
-1 1
+1 1
+2 1
+1 1
+1 1
+1 1
+35 2
-15 3
+8 2
+27 6
+9 2
+19 2
+8 6
cfi=(11)
cfn=(28)
calls=1 387 
* 23
* 1
+2 2
+3 4
cfi=(11)
cfn=(28)
calls=1 387 
* 23
* 1
+2 2
+3 4
cfi=(11)
cfn=(28)
calls=1 387 
* 23
* 1
+1 5
+16 2
-12 5
cfi=(11)
cfn=(28)
calls=1 387 
* 23
* 1
+1 3
+6 3
+3 1
-3 2
cfi=(11)
cfn=(28)
calls=1 387 
* 23
* 1
+3 5
-3 1
+3 5
cfi=(11)
cfn=(58) __GI___tunable_set_val
calls=1 153 
* 62
+1 10
cfi=(11)
cfn=(58)
calls=1 153 
* 62
+1 11
cfi=(11)
cfn=(58)
calls=1 153 
* 62
+3 10
cfi=(11)
cfn=(58)
calls=1 153 
* 62
+2 10
cfi=(11)
cfn=(58)
calls=1 153 
* 62
+13 1
+2 1
fe=(16)
-23 1
fi=(20)
+21 1
+3 1
fe=(16)
-24 1
fi=(20)
+26 1
-5 1
+2 1
-2 1
+3 1
fe=(16)
-24 1
fi=(20)
+25 1
+3 1
-1 1
fe=(16)
-27 1
cfi=(11)
cfn=(28)
calls=1 387 
* 22
+3 4
cfi=(11)
cfn=(28)
calls=1 387 
* 24
+6 3
+54 1
-1 1
+1 1
+45 4
cfi=(11)
cfn=(28)
calls=1 387 
* 22
+2 4
cfi=(11)
cfn=(28)
calls=1 387 
* 22
+6 4
cfi=(11)
cfn=(28)
calls=1 387 
* 24
+7 8
fi=(20)
974 12
fe=(16)
+68 1
-1 2
+1 3
+44 3
+27 2
-10 2
+1 2
+2 3
+1 2
+2 3
+1 2
fi=(20)
811 2
cfn=(50)
calls=1 255 
* 455
+1 1
-1 1
+1 1
cfn=(50)
calls=1 255 
* 503
+1 1
-1 1
+1 1
cfn=(50)
calls=1 255 
* 530
+4 1
-4 1
+1 2
+3 1
cfn=(50)
calls=1 255 
* 476
+2 1
-2 1
+2 1
cfn=(50)
calls=1 255 
* 468
+3 1
-3 1
+1 2
+2 1
cfn=(50)
calls=1 255 
* 446
+2 1
-2 1
+2 1
cfn=(50)
calls=1 255 
* 447
+3 1
-2 1
-1 1
+3 1
cfn=(50)
calls=1 255 
* 494
+2 1
-2 1
+2 1
cfn=(50)
calls=1 255 
* 495
+1 1
+2 1
-3 1
+1 1
+2 1
cfn=(50)
calls=1 255 
* 521
+2 1
-2 1
+2 1
cfn=(50)
calls=1 255 
* 522
+2 1
-2 1
+2 1
cfn=(50)
calls=1 255 
* 523
+2 4
-2 1
+2 1
cfn=(56)
calls=1 571 
* 223
+93 1
-6 3
+6 1
-6 2
+6 2
-6 2
+6 2
-1 2
fe=(16)
708 6
cfn=(38) get_common_indices.constprop.0
calls=1 398 
* 74
376 3
+1 2
+1 6
+5 2
713 1
cfn=(42)
calls=1 72 
* 222
+2 1
+2 1
1015 1
715 2
878 2
+7 2
+2 2
+4 2
+6 2
+2 1
706 2
-3 1
384 6
+5 2
+1 7
717 1
fi=(20)
987 1
-48 1
fe=(16)
717 1
fi=(20)
987 2
fe=(16)
717 6
+4 7
+78 1
-25 3
+92 2
+3 2
fi=(20)
+38 1
fe=(16)
-37 1
-89 2
+51 2

fn=(38)
398 3
+4 4
+3 3
+5 2
-5 1
+5 1
-5 1
+4 1
+1 1
+1 4
+1 4
+1 3
+1 2
+7 2
+2 5
+5 1
-5 1
+5 1
-5 1
+5 1
-5 2
+5 1
+7 1
-7 4
+7 1
+1 3
+6 1
-6 4
+6 1
fi=(17) ./elf/../sysdeps/unix/sysv/linux/x86/dl-minsigstacksize.h
24 2
+3 2
+1 2
+37 3
+7 1
+2 1
fe=(16)
457 3

fl=(14) ./elf/../sysdeps/unix/sysv/linux/brk.c
fn=(30) brk
36 1
fi=(225) ./elf/../sysdeps/unix/sysv/linux/brk_call.h
-12 2
fe=(14)
+13 1
+1 2
+6 1
+1 1

fl=(13) ./elf/./elf/dl-sort-maps.c
fn=(232) _dl_sort_maps
298 24
+8 2
-8 2
+8 4
+4 16
-99 2
-28 2
-2 2
+1 4
+29 2
-28 8
+1 2
-1 2
+1 2
-1 4
+1 8
-1 8
+1 8
-1 16
+28 30
+8 6
-3 2
+2 2
+1 4
-3 2
+5 32
+2 10
-83 50
cfn=(234) dfs_traversal.part.0
calls=10 -5 
* 383
+86 30
+18 8
+32 8
+7 2
+27 2
-47 6
cfi=(29)
cfn=(82)
calls=2 -53 
* 38
* 2

fn=(234)
135 90
+10 10
-2 10
+2 20
+2 28
-7 30
+7 60
+9 20
+15 30
+1 10
+1 60
-17 15

fn=(26) _dl_sort_maps_init
289 2
+1 2
-1 2
+1 2
cfi=(11)
cfn=(28)
calls=1 +97 
* 24
+2 3
-1 1
+2 2

fl=(25) ./elf/./elf/dl-environ.c
fn=(70) _dl_next_ld_env_entry
28 3
+1 3
+3 108
+13 98
-13 196
+2 200
+1 22
+5 2
-3 2
+3 2
+2 2

fl=(27)
fn=(74)
80 10
+4 10
-4 40
+7 10
+1 30
fi=(28)
-32 10
cfi=(27)
cfn=(78)
calls=10 -20 
* 407
fe=(27)

fn=(78)
36 232
+1 87
+11 84
+3 28
-3 28
+3 56
-3 2
+3 1
-3 1
+3 110
+19 29
+1 29
+2 174
-17 8
+1 4
+2 2
+1 14
cfi=(57) ./misc/../sysdeps/unix/sysv/linux/mmap64.c
cfn=(182) mmap
calls=2 -13 
* 52
* 2
+2 4
+2 8
cfi=(58) ./misc/../sysdeps/unix/sysv/linux/setvmaname.c
cfn=(184) __set_vma_name
calls=2 -31 
* 56
+1 6
+2 2
+4 2
-4 4
-24 1
-1 1
+1 1
+1 2
-2 2

fn=(142) __minimal_free
97 1
+2 4

fl=(22)
fn=(62)
57 20
+44 20
+1 20
+1 20
+1 20
+1 20
+1 20
+1 20
+2 20
+2 20
+31 20
+1 20
+1 20
+1 20
+1 20
+1 11
+2 11
+4 9
+1 9
+1 9
+1 9
+1 9
+1 9
+1 9
+1 9
+1 9
+1 9
+1 9
+1 9
+5 72

fl=(30) ./elf/./elf/dl-load.c
fn=(136) expand_dynamic_string_token
385 18
241 4
385 2
241 2
cfi=(41) ./string/../sysdeps/x86_64/multiarch/../multiarch/strchr-sse2.S
cfn=(118) index
calls=2 32 
* 72
+3 4
410 2
-11 2
+11 12
-11 2
cfi=(44)
cfn=(138)
calls=2 40 
* 180

fn=(132) fillin_rpath.isra.0
468 9
+4 1
-4 8
+6 3
cfi=(7) ./elf/./elf/dl-minimal.c
cfn=(134) strsep
calls=1 239 
* 240
* 3
cfi=(7)
cfn=(134)
calls=1 239 
* 8
* 6
+7 2
+2 3
cfn=(136)
calls=1 -98 
* 125
* 1
+4 2
+5 2
cfi=(22)
cfn=(62)
calls=1 57 
* 17
* 1
+1 2
+7 5
+9 15
+1 8
fi=(28)
50 2
cfi=(27)
cfn=(142)
calls=1 +47 
* 5
+1 1
fe=(30)
528 4
+4 4
fi=(28)
56 1
cfi=(27)
cfn=(78)
calls=1 -20 
* 30
* 1
fe=(30)
534 2
+5 1
+1 2
-1 1
-1 1
+2 1
cfi=(29)
cfn=(126)
calls=1 197 
* 13
+3 1
-3 1
+1 1
+2 1
+6 1
+1 1
-1 3
+1 5
+1 1
-1 1
+1 1
-1 3
+1 1
-1 2
+1 1
+2 2
+1 3
+1 1
+6 2
+1 1
+3 3
-60 2
-22 2
+88 1
+3 8
-24 2

fn=(208) open_path
1812 16
+1 2
-1 6
+1 2
+6 4
+5 34
+67 4
-74 2
+7 6
+57 2
-65 2
+65 2
+10 4
-64 4
+8 12
+7 4
-11 2
+12 2
-1 8
cfi=(29)
cfn=(126)
calls=2 197 
* 26
+1 20
+50 2
-2 4
-48 22
+3 12
+5 28
cfi=(29)
cfn=(126)
calls=4 197 
* 52
* 16
cfi=(29)
cfn=(126)
calls=4 197 
* 52
+3 8
+6 12
+3 28
cfn=(170) open_verify.constprop.0
calls=4 1572 
* 224
* 4
+2 12
+2 6
+93 18
-88 6
+1 21
+6 3
+2 6
-2 6
+2 3
cfi=(65)
cfn=(210)
calls=3 28 
* 46
* 3
+3 3
-3 6
+1 2
+9 8
+2 1
-2 2
+2 4
+44 16
+6 4
-2 2
+2 4
+3 6
1822 4
+2 4

fn=(176) _dl_map_object_from_fd
944 30
+15 3
-15 6
+15 3
-15 6
+15 6
+77 12
+10 6
+7 21
cfi=(26) ./elf/./elf/dl-object.c
cfn=(72) _dl_new_object
calls=3 59 
* 1204
* 3
+1 6
+11 3
+5 3
-4 3
-1 3
+2 3
+2 3
-2 3
+2 6
+1 9
+1 4
+19 4
-2 2
+2 22
-2 1
+2 37
+10 3
-10 3
+10 9
+27 3
-33 3
-3 3
+2 3
-1 3
+35 3
+9 3
-50 3
+41 3
+9 3
-36 3
+63 15
-62 118
+26 84
+8 24
+1 12
-1 12
+1 48
+1 12
-1 12
+1 12
+2 12
-2 12
+2 12
+2 12
-4 12
+1 12
+3 12
-4 12
+4 60
+2 24
+13 24
+1 45
+5 9
+1 81
-28 18
-35 27
+62 3
+1 27
-28 6
-35 66
+1 173
1213 3
1100 3
1213 6
1100 9
1218 21
+10 9
+1 3
-1 3
+1 3
-1 9
+1 9
-1 9
+1 9
-1 27
1066 6
1235 6
+10 12
+7 12
fi=(59) ./elf/./dl-map-segments.h
28 3
fe=(30)
1252 9
fi=(59)
28 6
+1 24
cfi=(57)
cfn=(182)
calls=3 +18 
* 84
+73 6
-1 3
-72 3
+73 3
+3 6
+1 3
+2 3
-3 3
+1 3
+2 3
+17 3
-44 3
fi=(60) ./elf/./dl-load.h
+10 24
fi=(59)
+58 48
+6 3
+2 3
-2 3
+1 3
+2 6
-1 6
+3 6
+5 6
+3 9
+8 18
cfi=(43)
cfn=(130)
calls=3 -44 
* 312
* 3
+6 6
+12 12
-59 72
+2 36
+2 72
cfi=(57)
cfn=(182)
calls=9 -92 
* 189
* 18
fe=(30)
1264 3
fi=(56) ./elf/../sysdeps/posix/dl-fileid.h
37 6
cfi=(55) ./io/../sysdeps/unix/sysv/linux/fstat64.c
cfn=(178) fstat
calls=3 -7 
* 18
* 6
fe=(30)
989 6
fi=(56)
40 9
fe=(30)
989 3
fi=(56)
40 3
fe=(30)
989 39
+1 18
fi=(56)
49 24
fe=(30)
1519 27
1074 13
+1 2
-1 1
+1 1
-1 1
+1 1
cfi=(70)
cfn=(224)
calls=1 25 
* 7
* 2
+46 2
+1 1
-15 6
+7 3
+2 3
-2 3
+1 3
+1 3
-1 6
+1 24
+60 3
+5 1
-1 2
+5 1
-5 2
-66 1
+71 4
+1 1
+3 1
-3 1
+8 4
+15 6
+1 3
1008 6
1268 12
+1 9
fi=(61) ./elf/./elf/get-dynamic-info.h
39 6
+6 3
-2 3
+11 3
+1 3
-10 6
+8 3
+15 3
-23 12
+23 68
-23 272
+4 142
+3 18
-1 36
+3 60
+1 48
+1 15
+16 12
+12 10
+1 12
+1 12
+1 12
+1 10
+1 11
+1 11
+1 12
+12 3
+7 3
-7 21
+7 7
+5 4
+7 4
+1 9
+6 9
+1 3
+17 9
+5 2
+2 2
+2 2
+2 2
+4 9
+2 6
+1 4
+9 4
+6 4
+4 6
fe=(30)
1275 6
+1 6
+2 6
+10 9
+19 9
+2 18
+52 9
+1 2
+6 27
+1 58
+6 8
cfn=(88) _dl_process_pt_gnu_property
calls=2 868 
* 154
-7 70
+1 34
+6 34
-6 68
fi=(31) ./elf/../sysdeps/x86/dl-prop.h
149 12
fe=(30)
1380 6
cfi=(62)
cfn=(194)
calls=3 25 
* 18
* 6
+13 6
+2 12
+2 6
+16 6
cfi=(8)
cfn=(14)
calls=3 25 
* 81
+4 6
+1 6
+17 6
+1 1
+3 1
+5 1
-5 1
+5 1
-5 2
+5 2
-5 2
+5 2
+5 6
+12 24
+10 6
+1 4
+5 2
cfi=(46) ./elf/../elf/dl-tls.c
cfn=(226) _dl_assign_tls_modid
calls=1 125 
* 12
+7 9
cfi=(26)
cfn=(84) _dl_add_to_namespace_list
calls=3 31 
* 165
+3 6
+4 6
cfi=(45) ./elf/./elf/dl-debug.c
cfn=(196) _dl_debug_update
calls=3 38 
* 21
* 3
+1 9
+22 21
+1 9
cfi=(48)
cfn=(198)
calls=3 77 
* 15
* 3
fi=(60)
92 8
+2 2
-1 2
+1 2
-1 2
+1 2
-1 2
+1 2
-1 4
+3 8
fi=(61)
-37 12
+3 12
+2 12
181 3
-22 2
fe=(30)
1510 6
1074 2
fi=(59)
186 8
cfi=(57)
cfn=(182)
calls=1 47 
* 21
+3 2
fe=(30)
1462 9
+2 2
-1 10
+1 2
-1 2
+1 2
-1 2
cfi=(32)
cfn=(94)
calls=2 98 
* 50
* 4
+2 5
1275 2

fn=(106) _dl_init_paths
706 11
+14 1
-14 2
+14 2
cfi=(37) ./elf/./elf/dl-hwcaps.c
cfn=(108) _dl_important_hwcaps
calls=1 172 
* 1244
fi=(28)
56 1
fe=(30)
720 1
fi=(28)
56 1
cfi=(27)
cfn=(78)
calls=1 -20 
* 30
fe=(30)
725 1
+2 3
+8 2
-1 3
+5 3
fi=(28)
56 1
cfi=(27)
cfn=(78)
calls=1 -20 
* 30
fe=(30)
739 1
+2 4
+7 1
+8 1
+2 1
+12 2
-23 1
+9 1
+11 1
-4 1
-5 1
+3 2
+7 2
+2 2
-11 1
+11 3
-8 1
+4 1
+1 3
+1 16
cfi=(43)
cfn=(130)
calls=4 132 
* 56
+2 15
-14 3
+10 3
+4 9
-12 3
-2 3
+2 3
+4 3
-3 3
+3 3
+1 3
-2 3
+5 9
+1 6
+3 1
+15 1
-8 1
+5 1
-6 1
+9 2
+2 4
+2 3
+36 5
+2 2
cfi=(22)
cfn=(62)
calls=1 57 
* 17
* 9
-19 1
-2 1
+2 2
+19 9
cfi=(29)
cfn=(82)
calls=1 210 
* 11
* 1
+5 4
-1 2
+2 1
+1 2
-2 4
+1 13
+1 26
-2 52
+5 1
fi=(28)
56 1
cfi=(27)
cfn=(78)
calls=1 -20 
* 30
fe=(30)
836 1
fi=(28)
56 1
fe=(30)
838 2
+6 6
cfn=(132)
calls=1 468 
* 581
+3 3
+6 1
+4 8
-35 2
+5 2

fn=(88)
868 3
+8 3
-8 6
+8 3
-6 3
+12 6
-13 3
+13 3
-13 3
+13 6
+3 9
+1 6
+1 6
+3 9
+1 9
+4 3
+1 6
+22 3
+2 3
-2 6
+2 9
-20 10
+1 5
+3 10
+3 5
+1 20
fi=(31)
95 20
+7 10
+16 5
-3 10
254 6
+1 3
+2 12
+3 3
-8 4
+5 2
-4 2
+4 6
+3 2
-2 1
fe=(30)

fn=(204) _dl_dst_count
238 8
+3 4
-3 20
+7 4
-7 8
+3 4
cfi=(41)
cfn=(118)
calls=4 32 
* 120
+3 8
+20 36

fn=(166) _dl_map_object
1967 60
+8 10
+1 20
+3 97
+5 112
+2 48
cfi=(52)
cfn=(168)
calls=16 68 
* 1597
* 32
+4 28
+1 42
+4 6
-1 30
+1 6
+1 6
-1 6
+1 12
cfi=(32)
cfn=(94)
calls=6 98 
* 150
* 12
2270 48
2011 9
-1 6
+9 3
-50 3
+50 6
+17 6
-2 3
+2 3
cfi=(41)
cfn=(118)
calls=3 32 
* 72
* 6
2202 2
-1 3
cfn=(136)
calls=1 385 
* 175
+6 1
-7 1
+1 1
+2 2
+4 7
cfn=(170)
calls=1 1572 
* 106
+3 2
-3 1
+3 1
+12 4
+45 1
+1 5
-1 1
+1 8
cfn=(176)
calls=1 944 
* 1940
-1 2
+1 10
-1 2
+1 16
cfn=(176)
calls=2 944 
* 4154
* 9
2040 4
cfi=(22)
cfn=(62)
calls=2 57 
* 34
* 4
+2 4
+7 8
+51 26
cfn=(208)
calls=2 1812 
* 824
+6 2
-6 2
+6 4
2222 8
+46 4
682 2
2107 2
682 4
2135 4
cfi=(67)
cfn=(214)
calls=2 403 
* 2702
* 2
+2 4
+4 4
+31 2
-23 4
+23 14
cfn=(170)
calls=2 1572 
* 243
+4 4
-4 2
+4 2
+1 2
+17 4
2074 10
682 2
2075 2
682 6
2099 4
+1 4
-47 2
+1 2
696 10
2058 6
682 2
2059 2
682 4
2073 10
+1 4
+41 2
+14 4
+2 6
-47 4

fn=(170)
1572 70
+32 7
-32 14
+32 14
+19 28
cfi=(53) ./io/../sysdeps/unix/sysv/linux/open64_nocancel.c
cfn=(172) __open_nocancel
calls=7 28 
* 152
* 7
+2 14
+8 3
+1 6
+5 3
-5 3
+5 15
cfi=(54) ./io/../sysdeps/unix/sysv/linux/read_nocancel.c
cfn=(174) __read_nocancel
calls=3 25 
* 18
+2 6
+2 6
+2 6
+6 6
+17 39
+81 6
+5 6
+6 12
+6 6
+6 3
+1 3
-1 9
+1 9
+26 63
-22 13
+1 2
-1 1
+1 1
cfi=(70)
cfn=(224)
calls=1 25 
* 7
* 2
1668 3
-59 8
1777 2

fl=(23) ./elf/../misc/sbrk.c
fn=(64) sbrk
37 4
+3 1
-3 2
+21 2
+4 2
+16 5

fl=(9) ./elf/../sysdeps/unix/sysv/linux/dl-sysdep.c
fn=(16) _dl_sysdep_start
102 5
+4 1
-4 1
+1 1
+3 1
cfn=(18) _dl_sysdep_parse_arguments
calls=1 -28 
* 594
+4 2
cfi=(11)
cfn=(22) __GI___tunables_init
calls=1 261 
* 63820
+3 1
cfi=(13)
cfn=(26)
calls=1 289 
* 38
+2 2
cfi=(14)
cfn=(30)
calls=1 -79 
* 8
fi=(6) ./elf/../sysdeps/x86_64/dl-machine.h
220 1
cfi=(15) ./elf/../sysdeps/x86/dl-get-cpu-features.c
cfn=(34) _dl_x86_init_cpu_features
calls=1 37 
* 7349
fe=(9)
-98 3
+1 1
cfi=(22)
cfn=(62)
calls=1 -66 
* 17
* 1
+2 2
cfi=(23)
cfn=(64)
calls=1 -88 
* 16
* 3
+12 3
+3 5
cfi=(2)
cfn=(66) dl_main
calls=1 1346 
* 147719
+3 4

fn=(480) _dl_sysdep_start_cleanup
147 1
+1 1

fn=(18)
78 1
+2 1
-2 6
+1 1
+1 1
-1 1
+2 2
+2 1
-2 1
+2 2
-1 1
+1 2
-1 99
+1 198
+7 56
fi=(10) ./elf/../sysdeps/unix/sysv/linux/dl-parse_auxv.h
-49 1
fe=(9)
+45 1
fi=(10)
-54 1
fe=(9)
+54 1
fi=(10)
-54 1
+1 1
+1 1
+7 3
+1 44
+1 22
-2 22
+2 22
-2 67
fe=(9)
+52 3
+1 1
+1 2
fi=(10)
-49 1
+1 1
fe=(9)
+46 1
fi=(10)
-45 1
+3 1
+1 1
+1 1
+1 1
+2 1
-5 1
-4 1
+1 1
+4 1
+1 1
+3 1
-7 1
-4 1
+1 1
+8 1
fe=(9)
+40 1
-1 1
+2 1
+1 6

fl=(53)
fn=(172)
28 16
+3 8
-3 16
+3 48
+8 56
+2 8
-2 12
+2 8

fl=(206)
fn=(746)
26 5
+17 1
-17 6
+20 13
+3 2
cob=(2)
cfi=(207)
cfn=(748)
calls=1 +28 
* 44
+2 1
+3 2
+2 5
+7 3
-2 1
+2 1
cfi=(48)
cfn=(482)
calls=1 -22 
* 11
+5 15
+5 1
-5 1
+5 3
+2 10
+2 10
+2 10
+1 5
+1 5
+4 5
-12 15
+14 6
+1 4
+6 6
cfi=(13)
cfn=(232)
calls=1 298 
* 392
+9 2
cob=(2)
cfi=(208)
cfn=(750)
calls=1 367 
* 34
+5 6
+2 1
+2 2
-2 4
+2 8
+2 20
cfi=(209) ./elf/./elf/dl-call_fini.c
cfn=(752) _dl_call_fini
calls=5 -90 
* 468
+3 10
cfi=(48)
cfn=(778)
calls=5 -20 
* 25
-9 10
+14 5
-14 15
+18 3
cfi=(48)
cfn=(482)
calls=1 -85 
* 11
* 2
+6 4
+2 1
-2 2
+6 2
+7 8
-77 2

fl=(51)
fn=(162)
31 5
+2 5
+9 5
+1 10
+1 5
+4 5
+1 5
+1 5
+1 5
+1 5
+2 10
+2 5
+1 5
+1 5
+2 10
+2 5
+8 5
+3 5
+1 5
+7 5
+1 5

fl=(77) ./elf/./elf/dl-reloc.c
fn=(262) _dl_relocate_object
207 66
+1 12
+12 5
+4 20
-4 5
+6 15
+3 5
-1 5
+1 10
+22 25
+4 6
+7 9
fi=(6)
81 14
+6 4
+4 3
+17 1
-11 1
+11 2
+21 2
+5 4
-2 2
fi=(4)
-53 1
fe=(77)
301 2
fi=(4)
79 2
fe=(77)
301 2
fi=(4)
79 4
fe=(77)
301 8
fi=(4)
79 8
fe=(77)
301 9836
fi=(4)
79 1
fe=(77)
301 1
fi=(4)
79 2
fe=(77)
301 202
-80 10
fi=(6)
393 10
fe=(77)
190 5
+31 5
-31 5
fi=(6)
393 15
fi=(5) ./elf/./elf/do-rel.h
49 5
fe=(77)
301 5
fi=(5)
50 5
+30 5
-31 10
+4 5
-3 5
+3 5
-3 5
+3 15
+27 10
-31 5
fe=(77)
301 5
fi=(5)
50 5
+30 5
-31 10
+4 5
-3 5
+3 5
-3 5
+3 15
+27 10
-7 1
-1 1
+11 8
fi=(6)
514 60
+4 60
+3 90
+1 30
fi=(5)
83 90
+2 120
+11 6
fe=(77)
301 30
fi=(5)
51 5
fi=(4)
+28 25
fi=(6)
730 10
+4 6
fe=(77)
304 25
+24 5
+3 10
+17 15
+2 48
-98 10
+3 4
+7 2
-9 2
+9 4
fi=(6)
81 4
fi=(5)
+33 27
+9 17
+1 3
fi=(6)
498 3
fi=(5)
124 3
fi=(6)
498 6
fi=(5)
124 68
fi=(6)
498 68
fi=(5)
124 68
fi=(6)
498 136
+5 142
+1 71
fi=(5)
123 71
fi=(6)
504 71
-5 71
fi=(5)
123 142
+3 27
+3 28
+2 25
fe=(77)
+59 8
fi=(5)
73 4
fe=(77)
190 4
fi=(5)
72 4
fe=(77)
190 36
fi=(5)
-57 8
+1 4
+1 4
-2 4
+2 4
+3 4
-5 4
+2 4
-2 4
+1 8
+2 4
-2 4
+2 12
+2 8
-5 402
+1 201
+1 201
-2 201
+2 201
+3 201
-5 201
+2 201
-2 201
+1 402
+2 201
-2 201
+2 603
+2 402
+9 158
fi=(6)
267 316
+7 316
+4 316
fe=(77)
170 632
fi=(4)
-30 429
fe=(77)
+31 286
+3 286
+8 272
-8 1215
+12 268
-3 134
+1 134
+2 540
-3 2
+1 2
+2 144
+1 136
-1 136
+2 272
-1 544
+3 816
cfi=(78)
cfn=(270)
calls=136 772 
* 78290
+3 136
+1 272
-4 136
+4 680
fi=(6)
+93 566
+3 137
-3 426
+3 152
-3 152
+5 304
+25 948
423 39
fi=(5)
150 39
fi=(6)
423 256
fi=(5)
150 419
-19 832
+33 16
+1 64
+1 189
+3 94
+4 47
-1 47
-3 47
+2 94
+2 47
-2 94
fe=(77)
-1 188
fi=(6)
287 47
+3 47
-3 47
+4 94
476 94
+2 47
cfi=(15)
cfn=(462) __x86_cpu_features
calls=1 71 
* 6
cob=(2)
cfi=(139)
cfn=(432)
calls=1 31 
* 21
cob=(2)
cfi=(138)
cfn=(428)
calls=1 33 
* 22
cob=(2)
cfi=(137)
cfn=(424)
calls=1 31 
* 18
cob=(2)
cfi=(136)
cfn=(422)
calls=1 29 
* 7
cob=(2)
cfi=(134)
cfn=(418)
calls=1 29 
* 23
cob=(2)
cfi=(133)
cfn=(414)
calls=1 29 
* 22
cob=(2)
cfi=(132)
cfn=(410)
calls=1 33 
* 17
cob=(2)
cfi=(131)
cfn=(406)
calls=1 29 
* 22
cob=(2)
cfi=(129)
cfn=(402)
calls=1 29 
* 24
cob=(2)
cfi=(128)
cfn=(398)
calls=1 29 
* 19
cob=(2)
cfi=(127)
cfn=(394)
calls=1 29 
* 25
cob=(2)
cfi=(100)
cfn=(390)
calls=1 31 
* 18
cob=(2)
cfi=(126)
cfn=(386)
calls=1 31 
* 21
cob=(2)
cfi=(125)
cfn=(382)
calls=1 29 
* 17
cob=(2)
cfi=(123)
cfn=(378)
calls=2 31 
* 20
cob=(2)
cfi=(121)
cfn=(374)
calls=1 29 
* 24
cob=(2)
cfi=(120)
cfn=(370)
calls=1 31 
* 25
cob=(2)
cfi=(119)
cfn=(366)
calls=1 31 
* 21
cob=(2)
cfi=(117)
cfn=(362)
calls=1 29 
* 17
cob=(2)
cfi=(116)
cfn=(360)
calls=1 60 
* 16
cob=(2)
cfi=(115)
cfn=(358)
calls=1 29 
* 7
cob=(2)
cfi=(113)
cfn=(354)
calls=1 31 
* 21
cob=(2)
cfi=(112)
cfn=(352)
calls=1 67 
* 21
cob=(2)
cfi=(110)
cfn=(348)
calls=2 31 
* 46
cob=(2)
cfi=(108)
cfn=(344)
calls=1 31 
* 19
cob=(2)
cfi=(107)
cfn=(340)
calls=1 30 
* 25
cob=(2)
cfi=(106)
cfn=(336)
calls=1 28 
* 25
cob=(2)
cfi=(104)
cfn=(332)
calls=1 29 
* 24
cob=(2)
cfi=(103)
cfn=(330)
calls=1 65 
* 19
cob=(2)
cfi=(100)
cfn=(324)
calls=2 31 
* 50
cob=(2)
cfi=(98)
cfn=(320)
calls=1 29 
* 22
cob=(2)
cfi=(96)
cfn=(316)
calls=1 31 
* 18
cob=(2)
cfi=(95)
cfn=(312)
calls=1 29 
* 25
cob=(2)
cfi=(94)
cfn=(308)
calls=1 29 
* 22
cob=(2)
cfi=(92)
cfn=(304)
calls=1 29 
* 22
cob=(2)
cfi=(91)
cfn=(300)
calls=1 29 
* 19
cob=(2)
cfi=(89)
cfn=(296)
calls=1 29 
* 24
cob=(2)
cfi=(87)
cfn=(292)
calls=1 30 
* 19
cob=(2)
cfi=(86)
cfn=(290)
calls=1 79 
* 19
cob=(2)
cfi=(85)
cfn=(288)
calls=1 29 
* 7
cob=(2)
cfi=(83)
cfn=(284)
calls=2 31 
* 50
cob=(2)
cfi=(81)
cfn=(280)
calls=1 86 
* 28
fi=(5)
165 47
fi=(6)
479 47
fi=(5)
165 100
-14 90
fi=(6)
460 3
+5 2
-1 3
+1 2
-1 1
cfi=(29)
cfn=(82)
calls=1 210 
* 11
+2 5
+1 2
-67 48
+2 64
+4 16
+9 16
-9 32
+9 16
fi=(5)
150 32
fi=(6)
320 30
+3 30
-36 75
fi=(5)
141 47
+1 47
-1 141
+2 47
fi=(6)
287 235
fe=(77)
175 63
+3 7
-1 7
+19 7
-18 14
301 3
+55 25
+3 5
-3 5
+3 5
+4 10
+1 20
cfi=(140)
cfn=(436) mprotect
calls=5 117 
* 30
* 10
-63 6
fi=(5)
180 7
fe=(77)
+10 2
fi=(5)
73 1
fe=(77)
190 3
fi=(6)
436 7
fi=(5)
182 2
+1 2
-1 1
+3 1
-3 4
+3 2
-3 10
+1 10
-1 5
+3 5
-3 20
+3 10
+8 6
fi=(6)
+74 12
+7 12
+4 12
fe=(77)
170 24
fi=(4)
-30 18
fe=(77)
+31 12
+3 12
+8 12
-8 54
+12 12
-3 6
+1 6
+2 36
+4 24
-4 6
+4 18
cfi=(78)
cfn=(270)
calls=6 772 
* 3235
+3 6
+1 12
-4 6
+4 30
fi=(6)
+93 20
+3 2
-3 6
+3 2
-3 2
+5 4
+25 36
423 6
fi=(5)
196 18
-16 24
+31 7
fe=(77)
-33 7
-3 21

fl=(42) ./string/../sysdeps/x86_64/multiarch/../multiarch/memcmp-sse2.S
fn=(122) bcmp
59 1
+12 1
+1 1
+22 1
+1 1
+45 1
+1 1
+2 1
+1 1
+2 1
+1 1
+2 1
+1 1
+47 1
+1 1
+1 1
+1 1
+1 1
+1 1

fl=(38) ./elf/../sysdeps/x86_64/dl-hwcaps-subdirs.c
fn=(110) _dl_hwcaps_subdirs_active
29 1
fi=(19)
+2 1
fe=(38)
+7 1
fi=(19)
-8 4
fe=(38)
+22 1
fi=(19)
-20 3
+4 1
fe=(38)
+2 1
fi=(19)
-2 2
+3 4
+1 4
+5 1
fe=(38)
-7 1
fi=(19)
+7 3
fe=(38)
-2 1
fi=(19)
+5 2
+3 5
+2 4
+1 2
+1 2
+3 1
fe=(38)
-10 1
fi=(19)
+10 3
fe=(38)

fl=(140)
fn=(436)
117 25
+5 5

fn=(486)
117 5
+5 1

fl=(7)
fn=(12) __rtld_malloc_init_stubs
42 1
+1 2
+1 2
+1 2
+1 2
+1 1

fn=(134)
239 2
+3 4
+2 2
+1 4
+4 3
-2 2
+4 28
+5 84
-2 56
+13 1
+4 4
-22 14
+15 14
-15 30

fn=(454) lookup_malloc_symbol
61 8
+3 4
-3 12
+3 4
-3 12
+3 4
-3 4
+2 4
+1 16
cfi=(78)
cfn=(270)
calls=4 772 
* 2368
+4 28
+1 28
+2 4
fi=(144) ./elf/./dl-sym-post.h
-30 8
+12 12
fe=(7)
+19 24

fn=(450) __rtld_malloc_init_real
76 2
+10 1
fi=(143) ./elf/../sysdeps/generic/dl-hash.h
-41 1
-1 1
fe=(7)
+32 8
+11 1
-1 1
fi=(143)
-43 1
+5 3
+14 4
-17 3
+3 15
+14 20
-17 15
fe=(7)
+46 2
fi=(143)
-24 1
fe=(7)
+22 1
+2 2
fi=(143)
-19 1
fe=(7)
+19 1
cfn=(454)
calls=1 -30 
* 617
+1 3
-1 1
+1 1
cfn=(454)
calls=1 -31 
* 606
+1 3
-1 1
+1 1
cfn=(454)
calls=1 -32 
* 691
+1 3
-1 1
+1 1
cfn=(454)
calls=1 -33 
* 626
+5 1
+1 1
+1 1
+1 1
+1 8

fl=(46)
fn=(440) _dl_allocate_tls_init
523 11
+1 2
+4 1
+6 1
-6 1
+6 1
cfi=(24)
cfn=(86)
calls=1 42 
* 3
+3 3
+12 1
-18 1
+42 3
-19 12
+9 3
+1 2
+6 3
+3 1
-2 1
+2 1
-2 1
+2 4
+4 1
-4 1
+4 1
-1 2
+4 2
+1 4
+2 2
+1 2
+17 1
-8 1
+8 1
+2 4
cfi=(29)
cfn=(126)
calls=1 197 
* 13
* 6
cfi=(43)
cfn=(130)
calls=1 132 
* 25
-49 1
+55 1
-55 4
+6 5
+55 2
cfi=(24)
cfn=(86)
calls=1 42 
* 3
+3 2
+3 9

fn=(250) _dl_determine_tlsoffset
216 9
+6 4
+3 2
+36 3
+2 1
-2 1
-2 1
-40 1
-1 1
-1 1
+46 2
+23 3
+3 1
-3 5
+2 2
+6 1
-33 2
+20 1
-20 5
+2 2
+3 1
-1 1
+5 2
-5 1
+1 1
-1 1
+3 2
+2 3
+32 2
-1 1
+53 1
-52 5
+2 2
+51 8

fn=(438) _dl_add_to_slotinfo
1017 8
+9 1
-9 1
+6 1
+4 1
+4 3
+34 2
+3 2
+1 3
+3 6

fn=(226)
125 1
+16 1
-13 1
-3 3
+3 1
+55 1
-2 1
+5 1
+1 2

fn=(248) _dl_tls_static_surplus_init
97 2
+3 1
-3 3
+3 1
-3 1
+3 1
-3 1
+3 1
-3 1
+3 1
cfi=(11)
cfn=(28)
calls=1 387 
* 23
* 1
+1 4
cfi=(11)
cfn=(28)
calls=1 387 
* 23
+1 1
+2 1
-3 1
+1 2
+2 3
+3 1
+2 1
-26 3
+28 3
+1 6

fn=(146) _dl_count_modids
192 1
+2 2
+1 1
+15 2

fn=(252) _dl_allocate_tls_storage
417 7
+2 1
+11 1
+1 1
fi=(28)
56 1
cfi=(27)
cfn=(78)
calls=1 -20 
* 85
fe=(46)
432 2
+8 3
fi=(28)
44 1
fe=(46)
440 2
+5 1
-5 1
+1 1
+4 304
+19 1
-99 1
+4 1
+1 1
fi=(28)
44 1
cfi=(27)
cfn=(74)
calls=1 +36 
* 41
fe=(46)
371 2
+3 1
+6 2
+90 7

fl=(39) ./elf/./elf/dl-hwcaps_split.c
fn=(120) _dl_hwcaps_split
25 5
+1 3
+21 1
-20 1
+20 3

fn=(114) _dl_hwcaps_split_masked
51 110
-25 44
+36 5
-7 5
+7 35
-26 24
+5 27
cfi=(41)
cfn=(118)
calls=9 -9 
* 216
* 9
+1 18
+3 6
+11 12
+1 18
+1 12
-2 6
+1 9
+1 6
-28 24
+4 48
+1 12
-1 30
+24 6
+9 12
-5 6
-2 6
+2 42
-19 6
cfi=(22)
cfn=(62)
calls=3 +14 
* 51
* 6

fl=(41)
fn=(118)
32 18
+1 18
+1 18
+1 18
+1 18
+1 18
+1 18
+1 18
+1 18
+1 18
+1 18
+1 18
+1 18
+1 18
+1 18
+1 18
+1 18
+1 18
+1 16
+4 16
+1 16
+1 16
+1 16
+2 16
+4 2
+1 2
+1 2
+1 2
+1 2
+1 2
+1 2
+1 2
+1 2
+1 2
+1 2
+1 2
+1 2
+1 2
+1 2
+1 2
+1 2
+1 2
+1 2
+1 2
+1 2
+1 2
+1 2
+1 2
+52 2
+4 2
+1 2
+1 2
+1 2
+2 2

fl=(11)
fn=(22)
261 8
+22 1
-22 1
128 1
283 1
-22 1
+6 4
42 505
+6 100
-3 100
+3 11730
+4 200
+4 200
fi=(12) ./elf/./elf/dl-tunables.h
160 100
fe=(11)
56 200
fi=(12)
161 70
-1 310
+1 370
-1 200
fe=(11)
281 16400
+6 29700
fi=(12)
160 1000
+1 2000
-1 61
+1 244
-1 305
fe=(11)
304 8

fn=(58)
153 15
-81 40
+81 15
-81 10
+10 5
fi=(226) ./elf/./dl-tunable-types.h
+2 5
fe=(11)
+9 40
+1 25
fi=(12)
+47 10
fe=(11)
-26 25
+1 5
+1 5
+1 5
+39 15
fi=(12)
-15 10
fe=(11)
-45 10
+3 5
fi=(12)
+51 5
fe=(11)
-51 5
+4 10
+7 10
+1 10
-12 25

fn=(28)
387 37
+3 74
-3 37
+3 296
+9 34
-9 68
+19 23
+7 222
+2 37
-19 14
+1 14
+9 6

fl=(57)
fn=(182)
47 16
+3 32
-3 96
+6 32
+5 96
+2 64
-7 36

fl=(49) ./string/../string/strcspn.c
fn=(156) strcspn
32 6
+1 3
+1 2
+5 6
+1 4
+1 4
+1 4
+2 1
+3 3
+1 2
-1 6
+1 4
+3 4
+1 4
+1 4
+1 4
+2 3
+6 1
-1 1
+1 1
+2 2
-1 2
+2 1
+2 6
-5 11
-1 11
+1 11
+2 22
-1 22
+2 11
+2 66
+2 1
+1 3
+1 2
-1 1
+1 1

fl=(52)
fn=(168)
68 203
+1 58
cfi=(32)
cfn=(94)
calls=29 +29 
* 869
* 58
+3 29
+2 58
+6 30
-6 60
+1 105
cfi=(32)
cfn=(94)
calls=35 +23 
* 1071
* 70
+8 5
-13 5
+13 39
-1 24
+1 72

fn=(216)
36 2
+3 1
-3 7
+3 1
-3 2
+3 1
cfi=(53)
cfn=(172)
calls=1 -11 
* 20
+1 2
+23 8
-21 4
cfi=(55)
cfn=(178)
calls=1 -12 
* 6
* 2
+2 2
+3 2
+13 2
cfi=(62)
cfn=(194)
calls=1 -35 
* 6
* 1
-11 6
cfi=(57)
cfn=(182)
calls=1 -2 
* 26
* 2

fl=(15)
fn=(462)
71 1
-32 3
+32 2

fn=(34)
37 1
+2 3
+2 1
cfi=(16)
cfn=(36)
calls=1 682 
* 7344

fl=(55)
fn=(178)
30 4
+9 16
+33 4

fl=(37)
fn=(108)
172 6
+3 1
-3 3
+3 1
-3 5
+2 1
cfi=(38)
cfn=(110)
calls=1 29 
* 49
+1 1
fi=(40) ./elf/./dl-hwcaps.h
43 1
fe=(37)
174 1
fi=(40)
45 2
+32 1
+1 1
+1 1
fe=(37)
-27 2
cfi=(39)
cfn=(114)
calls=1 -1 
* 23
* 2
fi=(40)
-9 1
+2 1
-2 1
+34 2
+1 2
+1 1
fe=(37)
-24 2
-1 2
+1 2
+1 2
+1 2
-5 4
cfi=(39)
cfn=(114)
calls=2 -1 
* 130
* 2
cfi=(39)
cfn=(114)
calls=1 -1 
* 125
* 6
+48 4
fi=(28)
-44 2
cfi=(27)
cfn=(78)
calls=1 -20 
* 30
fe=(37)
+46 2
-2 1
+2 1
+3 1
+3 1
fi=(40)
-65 1
+2 1
fe=(37)
+67 1
fi=(40)
-66 1
fe=(37)
+66 2
cfi=(39)
cfn=(120)
calls=1 -87 
* 13
* 2
fi=(40)
-69 1
+2 1
-2 1
+34 2
+1 2
+1 1
fe=(37)
+48 10
+1 4
+1 2
+1 2
-1 2
-4 4
cfi=(39)
cfn=(114)
calls=2 -74 
* 130
* 2
cfi=(39)
cfn=(114)
calls=1 -74 
* 125
* 6
+8 3
+9 5
+3 8
-2 6
+14 1
+4 1
+1 1
+1 1
-20 3
+19 1
+1 1
-20 2
+8 2
+4 2
-4 3
+4 2
cfi=(42)
cfn=(122)
calls=1 -96 
* 19
+1 3
-14 8
+47 1
-4 2
+4 2
-3 1
+7 1
-7 2
+7 1
fi=(28)
56 1
cfi=(27)
cfn=(78)
calls=1 -20 
* 30
* 1
fe=(37)
194 2
+8 1
fi=(40)
43 1
fe=(37)
201 1
80 1
fi=(40)
-35 1
fe=(37)
+35 1
202 1
fi=(40)
77 1
+1 1
fe=(37)
202 3
fi=(40)
79 1
fe=(37)
-2 2
cfi=(39)
cfn=(114)
calls=1 -26 
* 23
* 2
fi=(40)
-34 1
+2 1
fe=(37)
+35 2
fi=(40)
-37 1
+34 2
+1 2
+1 3
fe=(37)
+1 4
+7 2
-7 8
cfi=(29)
cfn=(126)
calls=2 197 
* 26
+4 2
+2 2
+2 2
-2 4
-9 4
cfi=(39)
cfn=(114)
calls=2 -26 
* 130
* 2
cfi=(39)
cfn=(114)
calls=1 -26 
* 125
* 6
213 2
-5 1
+1 1
-1 1
+5 1
+3 9

fl=(64)
fn=(206)
61 24
+7 4
-4 12
+1 4
-1 28
cfi=(30)
cfn=(166)
calls=4 1967 
* 10261
* 4
+5 12

fn=(202) _dl_map_object_deps
143 4
+1 2
-1 1
+1 1
-1 2
+1 1
-1 1
+1 1
-1 4
+1 3
-1 1
+1 7
-8 1
+8 2
-8 1
-6 1
-2 1
+16 1
-8 1
-7 1
+1 1
+6 1
+24 4
-28 3
-2 1
+31 1
-33 2
+2 2
+30 2
-30 1
-1 4
+7 4
+24 3
+28 3
-6 1
+46 1
fi=(72) ./elf/../include/scratch_buffer.h
77 1
fe=(64)
+87 1
fi=(72)
-87 1
+1 1
fe=(64)
184 1
+44 4
-31 1
-4 1
+4 6
-4 4
+4 8
+11 14
-18 2
+18 4
417 10
+2 3
+3 3
-3 9
+3 3
-3 3
fi=(28)
56 3
cfi=(27)
cfn=(78)
calls=3 -20 
* 90
fe=(64)
423 9
fi=(28)
56 3
fe=(64)
423 3
+6 3
+1 15
cfi=(29)
cfn=(82)
calls=3 210 
* 33
+1 15
cfi=(29)
cfn=(82)
calls=3 210 
* 33
+3 3
+1 6
+4 15
188 8
442 12
-1 5
+1 10
183 6
+27 12
+7 3
+4 3
-6 3
+1 3
+1 3
+1 6
+3 9
-2 3
-29 15
+32 162
+6 16
cfi=(30)
cfn=(204)
calls=4 +10 
* 212
* 12
+4 8
-2 4
+2 8
cfi=(50)
cfn=(160)
calls=4 -28 
* 10613
+1 8
+9 4
+2 8
+5 15
+6 3
+2 3
-8 6
+3 3
+1 3
+1 3
+1 3
+4 3
-3 3
+3 9
+4 12
+1 6
-43 333
+7 8
+38 231
fi=(72)
85 3
fe=(64)
448 5
+1 1
+3 4
+11 5
fi=(28)
56 1
cfi=(27)
cfn=(78)
calls=1 -20 
* 30
fe=(64)
465 3
fi=(28)
56 1
fe=(64)
465 1
+5 2
+1 1
-1 3
+4 3
-2 2
+13 4
+5 4
-16 12
+11 4
-7 4
+7 4
-2 8
-5 1
+7 1
-2 2
+2 1
-11 1
+11 1
+5 1
-16 3
+21 3
+37 2
+15 2
-14 2
+20 1
-1 4
+1 4
-1 5
cfi=(13)
cfn=(232)
calls=1 298 
* 343
+5 1
+2 1
+1 1
+1 2
-2 1
+2 1
+7 3
+3 2
+3 8
198 32
+3 3
fi=(72)
-70 12
cfi=(71)
cfn=(228)
calls=3 30 
* 75
fe=(64)
+70 9
+4 6
547 4
cfi=(29)
cfn=(82)
calls=1 210 
* 19
* 3
-53 2
144 2

fl=(45)
fn=(196)
38 4
+3 4
-1 8
+4 8
+4 4

fn=(144) _dl_debug_initialize
56 3
+3 2
+4 1
+22 1
+10 1
-32 2
+1 1
+21 2
+5 2
+1 1
+4 1
-4 1
-1 1
+2 1
+3 1
+4 2
+8 2
-50 1
+4 2
+35 6

fn=(150) _dl_debug_state
116 2
+1 2

fl=(76)
fn=(492)
331 1
+3 2
+16 1

fn=(260) _dl_cet_check
361 8
-76 1
-10 2
+2 2
-1 1
+6 1
+3 1
+8 1
-11 1
+1 1
-1 1
+1 1
-1 1
+1 1
+10 4
+3 1
+4 2
+2 2
-1 1
+2 2
+2 2
-1 2
+4 1
+2 1
+3 2
145 2
+12 2
+16 1
+6 1
363 6

fl=(209)
fn=(752)
24 40
+4 10
+6 5
-2 5
+3 10
+3 3
+1 3
-1 3
+1 6
+3 12
+1 3
cob=(5)
cfi=(161)
cfn=(798) 0x000000000000a2b0
calls=1 -43 
* 97
cob=(4)
cfi=(156)
cfn=(780)
calls=1 -43 
* 98
cob=(6)
cfi=(162)
cfn=(754)
calls=1 -43 
* 98
-1 12
+5 5
+1 10
+1 6
+1 15
-1 3
cob=(3)
cfi=(153)
cfn=(814)
calls=1 -49 
* 4
cob=(3)
cfi=(153)
cfn=(796)
calls=1 -49 
* 4
cob=(3)
cfi=(153)
cfn=(776)
calls=1 -49 
* 4
+1 12

fl=(26)
fn=(72)
59 60
+3 8
+18 6
+3 3
cfi=(22)
cfn=(62)
calls=3 -26 
* 69
+4 3
-4 3
+4 3
+5 3
-9 9
fi=(28)
-39 6
cfi=(27)
cfn=(74)
calls=3 +36 
* 224
fe=(26)
+39 1
fi=(28)
-39 2
cfi=(27)
cfn=(74)
calls=1 +36 
* 47
* 4
fe=(26)
+51 8
+5 4
+4 4
-6 4
+2 4
+4 4
-5 4
+4 4
+1 4
-1 4
+1 8
cfi=(29)
cfn=(82)
calls=4 210 
* 55
* 4
+15 4
-15 4
+2 4
+13 8
+6 1
+2 7
+3 2
-3 21
+3 6
+2 4
+4 4
+3 11

ob=(5)
fl=(161)
fn=(524)
0 12

fn=(808) 0x000000000000a240
0 4

ob=(1)
fl=(26)
fn=(72)
139 1
+2 12
-2 8
+2 8
-2 16
+16 8
-5 4
+5 4
-6 4
+6 4
-6 4
+6 8
+2 6
+3 6
-3 6
+7 12
+4 9
+8 1
+13 1
-10 2
+10 6
-10 6
+10 9
+2 3
cfi=(22)
cfn=(62)
calls=3 57 
* 105
+21 3
-21 9
+17 3
-13 9
+50 9
cfi=(29)
cfn=(126)
calls=3 -48 
* 55
* 3
+5 6
+1 6
-1 106
+1 106
+4 6
+1 3
+3 3
+4 36
131 8
-8 3
-4 6
+34 1
+7 4
+8 12
fi=(28)
56 6
cfi=(27)
cfn=(78)
calls=3 -20 
* 90
* 3
fe=(26)
200 6
-1 6
64 2
+2 3
+1 2
+4 6
+6 2

fn=(84)
31 16
+2 4
-2 8
+2 4
-2 12
+2 4
cfi=(24)
cfn=(86)
calls=4 +9 
* 12
+2 35
+3 36
+2 3
+2 3
+4 3
+4 3
-4 6
+1 6
+1 6
+3 15
-1 3
cfi=(24)
cfn=(86)
calls=3 -8 
* 9
-4 1
+4 1
-4 2
+1 2
+1 2
+3 5
-1 1
cfi=(24)
cfn=(86)
calls=1 -8 
* 3
-5 2

fl=(141) ./elf/./elf/dl-find_object.c
fn=(446) _dlfo_process_initial
474 2
+3 2
-3 6
+1 2
+3 4
+26 14
+1 6
+1 10
-1 20
+3 36
+3 32
-7 10
+27 2
-2 2
+2 6
-18 24
+3 8
-1 8
cfi=(142)
cfn=(444)
calls=4 95 
* 237
+2 16

fn=(448) _dlfo_sort_mappings
536 1
+1 2
+3 4
+4 1
+1 1
-1 1
+1 2
-1 2
+1 2
-1 2
+1 10
+1 30
+3 3
-1 3
-3 18
+8 9
+1 6
-1 3
-13 6
+14 9
+1 6
-15 6
+17 1

fn=(442) _dl_find_object_init
561 2
+3 1
-3 3
+5 2
+13 1
cfn=(446)
calls=1 474 
* 97
+1 1
-1 1
+1 1
fi=(28)
56 1
cfi=(27)
cfn=(78)
calls=1 -20 
* 30
fe=(141)
580 1
fi=(28)
56 1
fe=(141)
582 2
+3 2
+5 1
+1 1
cfn=(446)
calls=1 474 
* 350
+3 3
+10 4
-37 2
cfi=(142)
cfn=(444)
calls=1 95 
* 68
* 1
+29 2
cfn=(448)
calls=1 -60 
* 128
+3 6
+2 1

fl=(2)
fn=(154) handle_preload_list
869 11
+5 1
-5 2
+5 2
-4 3
+7 3
cfi=(49)
cfn=(156)
calls=1 32 
* 240
* 1
+1 3
+9 1
183 1
889 2
183 2
891 2
-80 1
+5 1
-6 1
-4 1
+10 2
-6 1
+4 1
+2 2
-5 1
+1 1
+4 1
cfi=(50)
cfn=(158)
calls=1 254 
* 2754
+1 3
+8 3
+67 1
-18 2
+21 9
-15 4
cfi=(29)
cfn=(82)
calls=1 210 
* 19
+1 2

fn=(2)
517 16
85 1
547 4
85 1
543 1
fi=(6)
55 1
fe=(2)
+30 1
546 1
85 1
fi=(3) ./elf/./get-dynamic-info.h
-40 1
fe=(2)
546 1
fi=(3)
45 2
+23 18
-23 72
+4 36
+3 5
-1 10
+3 20
+1 16
+1 5
fi=(4)
+23 1
fi=(3)
+31 1
-38 3
+12 4
+1 3
+1 4
+1 4
+1 5
+1 3
+1 4
+1 4
+12 7
+7 2
-51 4
+64 3
+6 3
+1 3
+3 2
+1 3
+5 5
+3 5
fe=(2)
563 154
fi=(4)
79 1
fe=(2)
563 1
fi=(4)
79 2
fe=(2)
563 27
fi=(6)
287 3
fi=(5)
49 1
fe=(2)
563 1
fi=(5)
50 1
-1 2
+4 1
-3 1
+3 4
+3 2
-7 1
fe=(2)
563 1
fi=(5)
50 1
-1 2
+4 1
-3 1
+3 4
+3 2
+7 3
+2 3
-2 6
fi=(6)
278 3
fi=(5)
64 6
fi=(6)
278 6
+9 24
+3 6
+1 6
+26 8
+6 2
fi=(5)
61 13
fe=(2)
563 6
fi=(5)
51 1
fi=(4)
+28 2
fi=(3)
-17 4
+2 4
fe=(2)
565 1
+13 1
cfi=(7)
cfn=(12)
calls=1 42 
* 10
458 2
85 1
476 2
85 3
476 1
cfi=(8)
cfn=(14)
calls=1 25 
* 27
+2 1
+16 2
-17 1
+11 1
-10 1
+16 1
cfi=(9)
cfn=(16)
calls=1 102 
* 219598
* 1
+2 2
+89 9
fi=(3)
103 3
fe=(2)

fn=(66)
1346 2
197 1
1346 11
199 1
302 1
+1 1
197 1
+99 3
1357 1
cfi=(24)
cfn=(68)
calls=1 53 
* 17
2749 1
2538 1
2749 2
2598 1
+2 2
+15 1
-13 2
cfi=(25)
cfn=(70)
calls=1 28 
* 89
* 4
cfi=(25)
cfn=(70)
calls=2 28 
* 549
* 9
+4 6
-2 2
+2 6
+1 2
-1 6
+1 17
-1 89
+9 12
2727 3
1373 1
+1 2
-1 2
+1 2
2687 3
-47 2
+10 2
1637 9
cfi=(26)
cfn=(72)
calls=1 59 
* 210
* 1
+2 2
+1 3
+6 1
-5 2
+1 3
+4 1
cfi=(26)
cfn=(84)
calls=1 31 
* 42
+1 2
1116 1
-1 1
1351 1
1143 1
-21 2
+21 2
-19 1
+1 1
-3 1
+21 2
+57 1
-82 1
+25 1
-3 1
+4 1
+19 1
+37 4
-56 102
+56 4
-1 4
+1 8
-1 4
+2 8
+1 1
+2 12
+1 14
+4 8
+1 8
+1 4
+4 12
-72 27
1253 2
+1 22
+6 4
cfi=(30)
cfn=(88)
calls=1 868 
* 90
-7 26
+1 13
+6 13
-6 26
fi=(31)
235 4
+1 2
-87 4
fe=(2)
1148 1
-5 1
+5 2
-5 2
+30 1
-9 2
+2 1
-3 1
+10 2
+18 2
-38 2
-10 1
+10 1
+1 9
-11 2
+1 14
1247 1
1143 1
1247 2
1143 3
1266 4
+3 3
+2 3
1672 3
+2 2
-1 1
+1 1
+1 3
-2 2
cfi=(32)
cfn=(94)
calls=1 98 
* 25
* 2
+7 1
+3 1
-5 1
+3 1
+2 1
+1 2
+4 2
+2 2
fi=(3)
39 4
+4 1
+2 1
+9 1
+1 1
-10 2
+23 27
-23 108
+4 54
+3 6
-1 12
+3 24
+1 20
fe=(2)
1243 1
1143 1
1243 1
1143 2
fi=(3)
72 4
+43 2
+7 3
+1 4
+6 3
+18 4
+5 2
+2 2
+2 2
+2 2
+1 2
+3 4
+2 3
+1 2
+9 2
+6 2
+1 3
+3 3
fe=(2)
1698 4
+7 2
cfi=(8)
cfn=(14)
calls=1 25 
* 27
+3 2
fi=(33) ./elf/./setup-vdso.h
24 2
fi=(36) ./elf/./dl-main.h
+85 2
fi=(35) ./elf/../sysdeps/unix/sysv/linux/dl-vdso-setup.h
-64 1
fi=(36)
+64 3
cfi=(30)
cfn=(106)
calls=1 706 
* 2322
fe=(2)
1733 3
cfi=(45)
cfn=(144)
calls=1 56 
* 34
+7 1
-5 1
-2 1
+7 1
+4 1
+1 1
+2 1
-3 3
+1 2
+3 1
+11 1
-13 1
+13 1
+1 2
+5 1
-3 2
+2 1
+1 2
+5 3
+1 5
-1 2
224 1
+1 1
-1 1
+1 3
+1 2
1788 2
+5 1
-1 1
1352 1
1793 1
+24 1
cfi=(46)
cfn=(146)
calls=1 192 
* 6
* 1
fi=(47) ./elf/../sysdeps/generic/dl-debug.h
29 4
+1 1
fe=(2)
1823 1
+1 1
cfi=(45)
cfn=(150)
calls=1 116 
* 2
+1 1
+4 3
cfi=(48)
cfn=(152)
calls=1 29 
* 17
+5 3
+2 1
+2 2
+9 2
+16 4
cfi=(63)
cfn=(200)
calls=1 25 
* 9
* 2
+76 4
+16 3
85 1
1965 1
85 2
1965 1
85 1
1965 5
85 1
1965 2
cfi=(64)
cfn=(202)
calls=1 143 
* 12851
92 1
+9 1
1971 1
92 2
+9 2
1971 2
+1 6
-1 4
+1 8
-1 16
+4 3
+1 2
+1 1
+2 18
+1 8
+46 1
-42 2
+8 3
+1 2
+2 1
+2 3
+2 1
-4 1
+5 1
-1 2
+14 2
+1 2
+1 3
-25 1
+36 2
+2 1
-2 1
+2 2
-2 1
+1 2
+1 1
-1 2
+1 1
cfi=(50)
cfn=(236)
calls=1 186 
* 6329
+10 1
+1 1
-1 1
+1 1
+3 2
837 1
fi=(227) ./elf/../sysdeps/unix/sysv/linux/dl-osinfo.h
39 2
fe=(2)
839 1
fi=(227)
52 1
fe=(2)
848 1
+7 1
-5 1
2047 3
2246 2
+4 1
-4 1
+10 1
-6 1
+6 1
-6 1
+9 2
+8 2
fi=(31)
36 2
+1 3
+3 3
+13 7
-13 4
+9 8
-9 1
+9 20
+4 16
-16 15
+34 1
fe=(2)
2279 1
fi=(31)
71 1
cfi=(76)
cfn=(260)
calls=1 361 
* 55
fe=(2)
2282 1
-3 2
+5 1
-2 2
+2 2
+1 6
cfi=(77)
cfn=(262)
calls=1 207 
* 71381
85 2
2292 1
85 2
2292 1
+1 20
+2 10
+5 10
+2 10
+6 5
+2 10
+1 32
cfi=(77)
cfn=(262)
calls=4 207 
* 41632
+4 12
+1 2
-23 1
+23 1
cfi=(46)
cfn=(438)
calls=1 1017 
* 28
-23 3
92 3
+1 1
2325 1
93 1
2325 1
+4 4
+2 1
+7 4
cfi=(46)
cfn=(440)
calls=1 523 
* 149
+3 2
+4 3
+2 2
+33 3
cfi=(147)
cfn=(464)
calls=1 27 
* 603
+7 1
cfi=(9)
cfn=(480)
calls=1 147 
* 2
+3 3
cfi=(48)
cfn=(482)
calls=1 41 
* 11
+4 2
cfi=(45)
cfn=(196)
calls=1 38 
* 7
+1 1
-1 1
+2 1
cfi=(45)
cfn=(150)
calls=1 116 
* 2
+1 1
+4 1
cfi=(67)
cfn=(484)
calls=1 525 
* 19
+5 8
2304 1
+1 1
-3 2
226 2
-2 1
+1 1
1773 1
+6 1
-6 2
+6 1
fi=(3)
56 5
+3 4
fi=(34) ./elf/../sysdeps/unix/sysv/linux/dl-vdso.h
-19 2
+1 5
fi=(35)
-11 1
+3 1
+3 1
+3 1
fi=(34)
+16 2
fi=(3)
+17 3
+12 3
+1 5
+1 5
+1 5
+1 4
+1 5
+1 5
+1 5
+12 2
+7 1
-7 7
+7 2
fe=(2)
1743 4
2357 1
cfi=(141)
cfn=(442)
calls=1 561 
* 713
+5 3
cfi=(7)
cfn=(450)
calls=1 76 
* 2651
+3 1
cfi=(145)
cfn=(458)
calls=1 30 
* 503
85 1
2371 1
+1 3
85 3
2372 2
cfi=(77)
cfn=(262)
calls=1 207 
* 1743
92 3
+9 3
2687 2
+2 1
+1 1
-1 1
+1 1
+1 1
2040 2
cfn=(246) init_tls
calls=1 734 
* 836
* 2
2650 2
+2 2
+1 1
fi=(3)
62 4
+2 4
fe=(2)
1943 10
85 1
1842 2
85 3
1842 2
cfn=(154)
calls=1 869 
* 3084
* 1
92 3
+9 3
1943 6
+1 1
-1 1
+4 3
+1 1
+1 2
+1 2
-7 2

fn=(164)
641 2
+2 1
-2 4
+2 1
+1 2
-1 2
+1 3
cfi=(30)
cfn=(166)
calls=1 1967 
* 2643
* 1
+2 3

fn=(238)
674 2
+2 1
-2 4
+2 3
cfi=(73)
cfn=(240)
calls=1 392 
* 6292
* 2
+4 3

fn=(246)
734 1
+6 1
-6 3
+2 2
+4 2
+11 1
fi=(28)
44 1
fe=(2)
746 1
+4 1
fi=(28)
44 1
cfi=(27)
cfn=(74)
calls=1 +36 
* 41
fe=(2)
761 1
-12 1
+6 1
-9 1
+11 1
+4 1
+2 3
-1 2
+3 2

ob=(5)
fl=(161)
fn=(808)
0 1

fn=(566)
0 5

fn=(798)
0 3

ob=(1)
fl=(2)
fn=(246)
765 8
+4 1
+2 1
-2 2
-5 1
-1 2
+10 3
+3 2
cfi=(46)
cfn=(248)
calls=1 97 
* 86
+3 1
cfi=(46)
cfn=(250)
calls=1 216 
* 79
+7 1
cfi=(46)
cfn=(252)
calls=1 417 
* 469
* 1
+1 2
+6 1
fi=(74) ./elf/../sysdeps/generic/dl-call_tls_init_tp.h
31 2
fe=(2)
793 1
fi=(74)
31 6
+2 1
cfi=(24)
cfn=(256)
calls=1 +35 
* 79
fe=(2)
800 1
-3 1
+3 4
-36 4
-1 9

ob=(5)
fl=(161)
fn=(798)
0 4

ob=(1)
fl=(54)
fn=(174)
25 3
+1 12
+1 3

fl=(58)
fn=(184)
33 2
+2 7
-2 4
+7 1
-7 2
+7 1
-7 2
+7 1
-7 1
+7 1
cfi=(11)
cfn=(28)
calls=1 387 
* 24
* 3
+7 1
+2 6

ob=(5)
fl=(161)
fn=(798)
0 2
cob=(3)
cfi=(153)
cfn=(804)
calls=1 0 
0 79
0 1
cfn=(808)
calls=1 0 
0 5
0 3

totals: 3457372
