desc: --massif-out-file=massif.out
cmd: ./pfsq_debug 12 1
time_unit: i
#-----------
snapshot=0
#-----------
time=0
mem_heap_B=0
mem_heap_extra_B=0
mem_stacks_B=0
heap_tree=empty
#-----------
snapshot=1
#-----------
time=476869
mem_heap_B=9256
mem_heap_extra_B=1400
mem_stacks_B=0
heap_tree=peak
n7: 9256 (heap allocation functions) malloc/new/new[], --alloc-fns, etc.
 n1: 5120 0x496C1B4: _IO_file_doallocate (filedoalloc.c:101)
  n2: 5120 0x497C523: _IO_doallocbuf (genops.c:347)
   n1: 4096 0x4979883: _IO_file_underflow@@GLIBC_2.2.5 (fileops.c:486)
    n1: 4096 0x497C5D1: _IO_default_uflow (genops.c:362)
     n1: 4096 0x49531C3: __vfscanf_internal (vfscanf-internal.c:676)
      n1: 4096 0x4946EC5: __isoc99_scanf (isoc99_scanf.c:30)
       n1: 4096 0x10A7A1: ReadData (pfsq.c:205)
        n0: 4096 0x10ACA8: main (pfsq.c:405)
   n1: 1024 0x4979F8F: _IO_file_overflow@@GLIBC_2.2.5 (fileops.c:745)
    n1: 1024 0x497AAAE: _IO_new_file_xsputn (fileops.c:1244)
     n1: 1024 0x497AAAE: _IO_file_xsputn@@GLIBC_2.2.5 (fileops.c:1197)
      n1: 1024 0x4947CC8: __printf_buffer_flush_to_file (printf_buffer_to_file.c:59)
       n1: 1024 0x4947CC8: __printf_buffer_to_file_done (printf_buffer_to_file.c:120)
        n1: 1024 0x4952742: __vfprintf_internal (vfprintf-internal.c:1545)
         n1: 1024 0x49471B2: printf (printf.c:33)
          n1: 1024 0x10A536: initialize (pfsq.c:129)
           n0: 1024 0x10AC94: main (pfsq.c:404)
 n2: 1920 0x109343: insertaLista (listaEnlazada.h:22)
  n1: 1920 0x10951C: copiarLista (listaEnlazada.h:93)
   n1: 1920 0x10A8C4: pares_perfectos (pfsq.c:239)
    n0: 1920 0x10AD1E: main (pfsq.c:415)
  n0: 0 in 2 places, all below massif's threshold (1.00%)
 n1: 1152 0x10A504: initialize (pfsq.c:119)
  n0: 1152 0x10AC94: main (pfsq.c:404)
 n1: 480 0x10957E: createAVL (tree.h:27)
  n2: 480 0x1097AF: insert_AVL (tree.h:93)
   n2: 440 0x109806: insert_AVL (tree.h:98)
    n2: 400 0x109806: insert_AVL (tree.h:98)
     n2: 320 0x109806: insert_AVL (tree.h:98)
      n1: 160 0x109806: insert_AVL (tree.h:98)
       n1: 160 0x10A8DD: pares_perfectos (pfsq.c:240)
        n0: 160 0x10AD1E: main (pfsq.c:415)
      n1: 160 0x10A8DD: pares_perfectos (pfsq.c:240)
       n0: 160 0x10AD1E: main (pfsq.c:415)
     n0: 80 in 1 place, below massif's threshold (1.00%)
    n0: 40 in 1 place, below massif's threshold (1.00%)
   n0: 40 in 1 place, below massif's threshold (1.00%)
 n1: 384 0x109B4C: createAVLPath (avlpath.h:25)
  n3: 384 0x109D61: insertPath_AVL (avlpath.h:81)
   n2: 192 0x109DB0: insertPath_AVL (avlpath.h:86)
    n2: 160 0x109D86: insertPath_AVL (avlpath.h:84)
     n1: 128 0x109D86: insertPath_AVL (avlpath.h:84)
      n0: 128 in 2 places, all below massif's threshold (1.00%)
     n0: 32 in 1 place, below massif's threshold (1.00%)
    n0: 32 in 1 place, below massif's threshold (1.00%)
   n1: 160 0x109D86: insertPath_AVL (avlpath.h:84)
    n2: 160 0x109DB0: insertPath_AVL (avlpath.h:86)
     n1: 128 0x109D86: insertPath_AVL (avlpath.h:84)
      n0: 128 in 2 places, all below massif's threshold (1.00%)
     n0: 32 in 1 place, below massif's threshold (1.00%)
   n0: 32 in 1 place, below massif's threshold (1.00%)
 n2: 192 0x109311: insertaLista (listaEnlazada.h:17)
  n1: 192 0x10951C: copiarLista (listaEnlazada.h:93)
   n1: 192 0x10A8C4: pares_perfectos (pfsq.c:239)
    n0: 192 0x10AD1E: main (pfsq.c:415)
  n0: 0 in 2 places, all below massif's threshold (1.00%)
 n0: 8 in 1 place, below massif's threshold (1.00%)
#-----------
snapshot=2
#-----------
time=45415682053
mem_heap_B=9232
mem_heap_extra_B=1384
mem_stacks_B=0
heap_tree=empty
#-----------
snapshot=3
#-----------
time=119210490766
mem_heap_B=9216
mem_heap_extra_B=1368
mem_stacks_B=0
heap_tree=empty
#-----------
snapshot=4
#-----------
time=169697987814
mem_heap_B=9232
mem_heap_extra_B=1384
mem_stacks_B=0
heap_tree=empty
#-----------
snapshot=5
#-----------
time=229458723464
mem_heap_B=9232
mem_heap_extra_B=1384
mem_stacks_B=0
heap_tree=empty
#-----------
snapshot=6
#-----------
time=275824804400
mem_heap_B=9232
mem_heap_extra_B=1384
mem_stacks_B=0
heap_tree=empty
#-----------
snapshot=7
#-----------
time=346919439129
mem_heap_B=9200
mem_heap_extra_B=1368
mem_stacks_B=0
heap_tree=empty
#-----------
snapshot=8
#-----------
time=393285505028
mem_heap_B=9232
mem_heap_extra_B=1368
mem_stacks_B=0
heap_tree=empty
#-----------
snapshot=9
#-----------
time=458198028077
mem_heap_B=9232
mem_heap_extra_B=1384
mem_stacks_B=0
heap_tree=empty
#-----------
snapshot=10
#-----------
time=532383780246
mem_heap_B=9232
mem_heap_extra_B=1368
mem_stacks_B=0
heap_tree=empty
#-----------
snapshot=11
#-----------
time=581840946304
mem_heap_B=9216
mem_heap_extra_B=1368
mem_stacks_B=0
heap_tree=empty
#-----------
snapshot=12
#-----------
time=635408584708
mem_heap_B=9232
mem_heap_extra_B=1384
mem_stacks_B=0
heap_tree=empty
#-----------
snapshot=13
#-----------
time=717793357721
mem_heap_B=9200
mem_heap_extra_B=1360
mem_stacks_B=0
heap_tree=empty
#-----------
snapshot=14
#-----------
time=786447336080
mem_heap_B=9248
mem_heap_extra_B=1376
mem_stacks_B=0
heap_tree=empty
#-----------
snapshot=15
#-----------
time=870306959807
mem_heap_B=9232
mem_heap_extra_B=1384
mem_stacks_B=0
heap_tree=empty
#-----------
snapshot=16
#-----------
time=959134376858
mem_heap_B=9232
mem_heap_extra_B=1384
mem_stacks_B=0
heap_tree=detailed
n7: 9232 (heap allocation functions) malloc/new/new[], --alloc-fns, etc.
 n1: 5120 0x496C1B4: _IO_file_doallocate (filedoalloc.c:101)
  n2: 5120 0x497C523: _IO_doallocbuf (genops.c:347)
   n1: 4096 0x4979883: _IO_file_underflow@@GLIBC_2.2.5 (fileops.c:486)
    n1: 4096 0x497C5D1: _IO_default_uflow (genops.c:362)
     n1: 4096 0x49531C3: __vfscanf_internal (vfscanf-internal.c:676)
      n1: 4096 0x4946EC5: __isoc99_scanf (isoc99_scanf.c:30)
       n1: 4096 0x10A7A1: ReadData (pfsq.c:205)
        n0: 4096 0x10ACA8: main (pfsq.c:405)
   n1: 1024 0x4979F8F: _IO_file_overflow@@GLIBC_2.2.5 (fileops.c:745)
    n1: 1024 0x497AAAE: _IO_new_file_xsputn (fileops.c:1244)
     n1: 1024 0x497AAAE: _IO_file_xsputn@@GLIBC_2.2.5 (fileops.c:1197)
      n1: 1024 0x4947CC8: __printf_buffer_flush_to_file (printf_buffer_to_file.c:59)
       n1: 1024 0x4947CC8: __printf_buffer_to_file_done (printf_buffer_to_file.c:120)
        n1: 1024 0x4952742: __vfprintf_internal (vfprintf-internal.c:1545)
         n1: 1024 0x49471B2: printf (printf.c:33)
          n1: 1024 0x10A536: initialize (pfsq.c:129)
           n0: 1024 0x10AC94: main (pfsq.c:404)
 n2: 1920 0x109343: insertaLista (listaEnlazada.h:22)
  n1: 1920 0x10951C: copiarLista (listaEnlazada.h:93)
   n1: 1920 0x10A8C4: pares_perfectos (pfsq.c:239)
    n0: 1920 0x10AD1E: main (pfsq.c:415)
  n0: 0 in 2 places, all below massif's threshold (1.00%)
 n1: 1152 0x10A504: initialize (pfsq.c:119)
  n0: 1152 0x10AC94: main (pfsq.c:404)
 n1: 480 0x10957E: createAVL (tree.h:27)
  n2: 480 0x1097AF: insert_AVL (tree.h:93)
   n2: 440 0x109806: insert_AVL (tree.h:98)
    n2: 400 0x109806: insert_AVL (tree.h:98)
     n2: 320 0x109806: insert_AVL (tree.h:98)
      n1: 160 0x109806: insert_AVL (tree.h:98)
       n1: 160 0x10A8DD: pares_perfectos (pfsq.c:240)
        n0: 160 0x10AD1E: main (pfsq.c:415)
      n1: 160 0x10A8DD: pares_perfectos (pfsq.c:240)
       n0: 160 0x10AD1E: main (pfsq.c:415)
     n0: 80 in 1 place, below massif's threshold (1.00%)
    n0: 40 in 1 place, below massif's threshold (1.00%)
   n0: 40 in 1 place, below massif's threshold (1.00%)
 n1: 352 0x109B4C: createAVLPath (avlpath.h:25)
  n2: 352 0x109D61: insertPath_AVL (avlpath.h:81)
   n2: 288 0x109DB0: insertPath_AVL (avlpath.h:86)
    n2: 192 0x109D86: insertPath_AVL (avlpath.h:84)
     n1: 128 0x109D86: insertPath_AVL (avlpath.h:84)
      n0: 128 in 3 places, all below massif's threshold (1.00%)
     n0: 64 in 2 places, all below massif's threshold (1.00%)
    n0: 96 in 2 places, all below massif's threshold (1.00%)
   n0: 64 in 2 places, all below massif's threshold (1.00%)
 n2: 192 0x109311: insertaLista (listaEnlazada.h:17)
  n1: 192 0x10951C: copiarLista (listaEnlazada.h:93)
   n1: 192 0x10A8C4: pares_perfectos (pfsq.c:239)
    n0: 192 0x10AD1E: main (pfsq.c:415)
  n0: 0 in 2 places, all below massif's threshold (1.00%)
 n0: 16 in 2 places, all below massif's threshold (1.00%)
#-----------
snapshot=17
#-----------
time=1049718789528
mem_heap_B=9104
mem_heap_extra_B=1352
mem_stacks_B=0
heap_tree=empty
#-----------
snapshot=18
#-----------
time=1109391187880
mem_heap_B=9136
mem_heap_extra_B=1344
mem_stacks_B=0
heap_tree=empty
#-----------
snapshot=19
#-----------
time=1174268142347
mem_heap_B=9200
mem_heap_extra_B=1376
mem_stacks_B=0
heap_tree=detailed
n7: 9200 (heap allocation functions) malloc/new/new[], --alloc-fns, etc.
 n1: 5120 0x496C1B4: _IO_file_doallocate (filedoalloc.c:101)
  n2: 5120 0x497C523: _IO_doallocbuf (genops.c:347)
   n1: 4096 0x4979883: _IO_file_underflow@@GLIBC_2.2.5 (fileops.c:486)
    n1: 4096 0x497C5D1: _IO_default_uflow (genops.c:362)
     n1: 4096 0x49531C3: __vfscanf_internal (vfscanf-internal.c:676)
      n1: 4096 0x4946EC5: __isoc99_scanf (isoc99_scanf.c:30)
       n1: 4096 0x10A7A1: ReadData (pfsq.c:205)
        n0: 4096 0x10ACA8: main (pfsq.c:405)
   n1: 1024 0x4979F8F: _IO_file_overflow@@GLIBC_2.2.5 (fileops.c:745)
    n1: 1024 0x497AAAE: _IO_new_file_xsputn (fileops.c:1244)
     n1: 1024 0x497AAAE: _IO_file_xsputn@@GLIBC_2.2.5 (fileops.c:1197)
      n1: 1024 0x4947CC8: __printf_buffer_flush_to_file (printf_buffer_to_file.c:59)
       n1: 1024 0x4947CC8: __printf_buffer_to_file_done (printf_buffer_to_file.c:120)
        n1: 1024 0x4952742: __vfprintf_internal (vfprintf-internal.c:1545)
         n1: 1024 0x49471B2: printf (printf.c:33)
          n1: 1024 0x10A536: initialize (pfsq.c:129)
           n0: 1024 0x10AC94: main (pfsq.c:404)
 n2: 1920 0x109343: insertaLista (listaEnlazada.h:22)
  n1: 1920 0x10951C: copiarLista (listaEnlazada.h:93)
   n1: 1920 0x10A8C4: pares_perfectos (pfsq.c:239)
    n0: 1920 0x10AD1E: main (pfsq.c:415)
  n0: 0 in 2 places, all below massif's threshold (1.00%)
 n1: 1152 0x10A504: initialize (pfsq.c:119)
  n0: 1152 0x10AC94: main (pfsq.c:404)
 n1: 480 0x10957E: createAVL (tree.h:27)
  n2: 480 0x1097AF: insert_AVL (tree.h:93)
   n2: 440 0x109806: insert_AVL (tree.h:98)
    n2: 400 0x109806: insert_AVL (tree.h:98)
     n2: 320 0x109806: insert_AVL (tree.h:98)
      n1: 160 0x109806: insert_AVL (tree.h:98)
       n1: 160 0x10A8DD: pares_perfectos (pfsq.c:240)
        n0: 160 0x10AD1E: main (pfsq.c:415)
      n1: 160 0x10A8DD: pares_perfectos (pfsq.c:240)
       n0: 160 0x10AD1E: main (pfsq.c:415)
     n0: 80 in 1 place, below massif's threshold (1.00%)
    n0: 40 in 1 place, below massif's threshold (1.00%)
   n0: 40 in 1 place, below massif's threshold (1.00%)
 n1: 320 0x109B4C: createAVLPath (avlpath.h:25)
  n2: 320 0x109D61: insertPath_AVL (avlpath.h:81)
   n2: 224 0x109DB0: insertPath_AVL (avlpath.h:86)
    n2: 192 0x109D86: insertPath_AVL (avlpath.h:84)
     n1: 128 0x109D86: insertPath_AVL (avlpath.h:84)
      n0: 128 in 3 places, all below massif's threshold (1.00%)
     n0: 64 in 2 places, all below massif's threshold (1.00%)
    n0: 32 in 2 places, all below massif's threshold (1.00%)
   n0: 96 in 2 places, all below massif's threshold (1.00%)
 n2: 192 0x109311: insertaLista (listaEnlazada.h:17)
  n1: 192 0x10951C: copiarLista (listaEnlazada.h:93)
   n1: 192 0x10A8C4: pares_perfectos (pfsq.c:239)
    n0: 192 0x10AD1E: main (pfsq.c:415)
  n0: 0 in 2 places, all below massif's threshold (1.00%)
 n0: 16 in 2 places, all below massif's threshold (1.00%)
#-----------
snapshot=20
#-----------
time=1226999136572
mem_heap_B=9232
mem_heap_extra_B=1368
mem_stacks_B=0
heap_tree=empty
#-----------
snapshot=21
#-----------
time=1309574535713
mem_heap_B=9248
mem_heap_extra_B=1408
mem_stacks_B=0
heap_tree=empty
#-----------
snapshot=22
#-----------
time=1373737041006
mem_heap_B=9168
mem_heap_extra_B=1352
mem_stacks_B=0
heap_tree=empty
#-----------
snapshot=23
#-----------
time=1433474589860
mem_heap_B=9232
mem_heap_extra_B=1368
mem_stacks_B=0
heap_tree=empty
#-----------
snapshot=24
#-----------
time=1515337157263
mem_heap_B=9216
mem_heap_extra_B=1384
mem_stacks_B=0
heap_tree=detailed
n7: 9216 (heap allocation functions) malloc/new/new[], --alloc-fns, etc.
 n1: 5120 0x496C1B4: _IO_file_doallocate (filedoalloc.c:101)
  n2: 5120 0x497C523: _IO_doallocbuf (genops.c:347)
   n1: 4096 0x4979883: _IO_file_underflow@@GLIBC_2.2.5 (fileops.c:486)
    n1: 4096 0x497C5D1: _IO_default_uflow (genops.c:362)
     n1: 4096 0x49531C3: __vfscanf_internal (vfscanf-internal.c:676)
      n1: 4096 0x4946EC5: __isoc99_scanf (isoc99_scanf.c:30)
       n1: 4096 0x10A7A1: ReadData (pfsq.c:205)
        n0: 4096 0x10ACA8: main (pfsq.c:405)
   n1: 1024 0x4979F8F: _IO_file_overflow@@GLIBC_2.2.5 (fileops.c:745)
    n1: 1024 0x497AAAE: _IO_new_file_xsputn (fileops.c:1244)
     n1: 1024 0x497AAAE: _IO_file_xsputn@@GLIBC_2.2.5 (fileops.c:1197)
      n1: 1024 0x4947CC8: __printf_buffer_flush_to_file (printf_buffer_to_file.c:59)
       n1: 1024 0x4947CC8: __printf_buffer_to_file_done (printf_buffer_to_file.c:120)
        n1: 1024 0x4952742: __vfprintf_internal (vfprintf-internal.c:1545)
         n1: 1024 0x49471B2: printf (printf.c:33)
          n1: 1024 0x10A536: initialize (pfsq.c:129)
           n0: 1024 0x10AC94: main (pfsq.c:404)
 n2: 1920 0x109343: insertaLista (listaEnlazada.h:22)
  n1: 1920 0x10951C: copiarLista (listaEnlazada.h:93)
   n1: 1920 0x10A8C4: pares_perfectos (pfsq.c:239)
    n0: 1920 0x10AD1E: main (pfsq.c:415)
  n0: 0 in 2 places, all below massif's threshold (1.00%)
 n1: 1152 0x10A504: initialize (pfsq.c:119)
  n0: 1152 0x10AC94: main (pfsq.c:404)
 n1: 480 0x10957E: createAVL (tree.h:27)
  n2: 480 0x1097AF: insert_AVL (tree.h:93)
   n2: 440 0x109806: insert_AVL (tree.h:98)
    n2: 400 0x109806: insert_AVL (tree.h:98)
     n2: 320 0x109806: insert_AVL (tree.h:98)
      n1: 160 0x109806: insert_AVL (tree.h:98)
       n1: 160 0x10A8DD: pares_perfectos (pfsq.c:240)
        n0: 160 0x10AD1E: main (pfsq.c:415)
      n1: 160 0x10A8DD: pares_perfectos (pfsq.c:240)
       n0: 160 0x10AD1E: main (pfsq.c:415)
     n0: 80 in 1 place, below massif's threshold (1.00%)
    n0: 40 in 1 place, below massif's threshold (1.00%)
   n0: 40 in 1 place, below massif's threshold (1.00%)
 n1: 320 0x109B4C: createAVLPath (avlpath.h:25)
  n3: 320 0x109D61: insertPath_AVL (avlpath.h:81)
   n2: 192 0x109DB0: insertPath_AVL (avlpath.h:86)
    n1: 128 0x109D86: insertPath_AVL (avlpath.h:84)
     n0: 128 in 3 places, all below massif's threshold (1.00%)
    n0: 64 in 2 places, all below massif's threshold (1.00%)
   n1: 128 0x109D86: insertPath_AVL (avlpath.h:84)
    n0: 128 in 3 places, all below massif's threshold (1.00%)
   n0: 0 in 1 place, below massif's threshold (1.00%)
 n2: 208 0x109311: insertaLista (listaEnlazada.h:17)
  n1: 192 0x10951C: copiarLista (listaEnlazada.h:93)
   n1: 192 0x10A8C4: pares_perfectos (pfsq.c:239)
    n0: 192 0x10AD1E: main (pfsq.c:415)
  n0: 16 in 2 places, all below massif's threshold (1.00%)
 n0: 16 in 2 places, all below massif's threshold (1.00%)
#-----------
snapshot=25
#-----------
time=1594987216225
mem_heap_B=9216
mem_heap_extra_B=1384
mem_stacks_B=0
heap_tree=empty
#-----------
snapshot=26
#-----------
time=1661362272224
mem_heap_B=9200
mem_heap_extra_B=1376
mem_stacks_B=0
heap_tree=empty
#-----------
snapshot=27
#-----------
time=1705612309879
mem_heap_B=9232
mem_heap_extra_B=1384
mem_stacks_B=0
heap_tree=empty
#-----------
snapshot=28
#-----------
time=1767562360818
mem_heap_B=9232
mem_heap_extra_B=1368
mem_stacks_B=0
heap_tree=empty
#-----------
snapshot=29
#-----------
time=1816237402340
mem_heap_B=9248
mem_heap_extra_B=1376
mem_stacks_B=0
heap_tree=empty
#-----------
snapshot=30
#-----------
time=1867646673016
mem_heap_B=9248
mem_heap_extra_B=1408
mem_stacks_B=0
heap_tree=empty
#-----------
snapshot=31
#-----------
time=1936192361747
mem_heap_B=9216
mem_heap_extra_B=1368
mem_stacks_B=0
heap_tree=empty
#-----------
snapshot=32
#-----------
time=1987601630966
mem_heap_B=9248
mem_heap_extra_B=1408
mem_stacks_B=0
heap_tree=empty
#-----------
snapshot=33
#-----------
time=2065623503034
mem_heap_B=9200
mem_heap_extra_B=1376
mem_stacks_B=0
heap_tree=empty
#-----------
snapshot=34
#-----------
time=2143645369834
mem_heap_B=9232
mem_heap_extra_B=1384
mem_stacks_B=0
heap_tree=empty
#-----------
snapshot=35
#-----------
time=2213108495585
mem_heap_B=9232
mem_heap_extra_B=1384
mem_stacks_B=0
heap_tree=empty
#-----------
snapshot=36
#-----------
time=2267245721438
mem_heap_B=9232
mem_heap_extra_B=1384
mem_stacks_B=0
heap_tree=empty
#-----------
snapshot=37
#-----------
time=2312342129348
mem_heap_B=9232
mem_heap_extra_B=1384
mem_stacks_B=0
heap_tree=empty
#-----------
snapshot=38
#-----------
time=2408642902992
mem_heap_B=9168
mem_heap_extra_B=1352
mem_stacks_B=0
heap_tree=empty
#-----------
snapshot=39
#-----------
time=2474482723283
mem_heap_B=9232
mem_heap_extra_B=1384
mem_stacks_B=0
heap_tree=empty
#-----------
snapshot=40
#-----------
time=2555286144862
mem_heap_B=9232
mem_heap_extra_B=1384
mem_stacks_B=0
heap_tree=empty
#-----------
snapshot=41
#-----------
time=2621125963317
mem_heap_B=9216
mem_heap_extra_B=1368
mem_stacks_B=0
heap_tree=detailed
n7: 9216 (heap allocation functions) malloc/new/new[], --alloc-fns, etc.
 n1: 5120 0x496C1B4: _IO_file_doallocate (filedoalloc.c:101)
  n2: 5120 0x497C523: _IO_doallocbuf (genops.c:347)
   n1: 4096 0x4979883: _IO_file_underflow@@GLIBC_2.2.5 (fileops.c:486)
    n1: 4096 0x497C5D1: _IO_default_uflow (genops.c:362)
     n1: 4096 0x49531C3: __vfscanf_internal (vfscanf-internal.c:676)
      n1: 4096 0x4946EC5: __isoc99_scanf (isoc99_scanf.c:30)
       n1: 4096 0x10A7A1: ReadData (pfsq.c:205)
        n0: 4096 0x10ACA8: main (pfsq.c:405)
   n1: 1024 0x4979F8F: _IO_file_overflow@@GLIBC_2.2.5 (fileops.c:745)
    n1: 1024 0x497AAAE: _IO_new_file_xsputn (fileops.c:1244)
     n1: 1024 0x497AAAE: _IO_file_xsputn@@GLIBC_2.2.5 (fileops.c:1197)
      n1: 1024 0x4947CC8: __printf_buffer_flush_to_file (printf_buffer_to_file.c:59)
       n1: 1024 0x4947CC8: __printf_buffer_to_file_done (printf_buffer_to_file.c:120)
        n1: 1024 0x4952742: __vfprintf_internal (vfprintf-internal.c:1545)
         n1: 1024 0x49471B2: printf (printf.c:33)
          n1: 1024 0x10A536: initialize (pfsq.c:129)
           n0: 1024 0x10AC94: main (pfsq.c:404)
 n2: 1920 0x109343: insertaLista (listaEnlazada.h:22)
  n1: 1920 0x10951C: copiarLista (listaEnlazada.h:93)
   n1: 1920 0x10A8C4: pares_perfectos (pfsq.c:239)
    n0: 1920 0x10AD1E: main (pfsq.c:415)
  n0: 0 in 2 places, all below massif's threshold (1.00%)
 n1: 1152 0x10A504: initialize (pfsq.c:119)
  n0: 1152 0x10AC94: main (pfsq.c:404)
 n1: 480 0x10957E: createAVL (tree.h:27)
  n2: 480 0x1097AF: insert_AVL (tree.h:93)
   n2: 440 0x109806: insert_AVL (tree.h:98)
    n2: 400 0x109806: insert_AVL (tree.h:98)
     n2: 320 0x109806: insert_AVL (tree.h:98)
      n1: 160 0x109806: insert_AVL (tree.h:98)
       n1: 160 0x10A8DD: pares_perfectos (pfsq.c:240)
        n0: 160 0x10AD1E: main (pfsq.c:415)
      n1: 160 0x10A8DD: pares_perfectos (pfsq.c:240)
       n0: 160 0x10AD1E: main (pfsq.c:415)
     n0: 80 in 1 place, below massif's threshold (1.00%)
    n0: 40 in 1 place, below massif's threshold (1.00%)
   n0: 40 in 1 place, below massif's threshold (1.00%)
 n1: 320 0x109B4C: createAVLPath (avlpath.h:25)
  n3: 320 0x109D61: insertPath_AVL (avlpath.h:81)
   n1: 160 0x109D86: insertPath_AVL (avlpath.h:84)
    n0: 160 in 3 places, all below massif's threshold (1.00%)
   n1: 160 0x109DB0: insertPath_AVL (avlpath.h:86)
    n0: 160 in 3 places, all below massif's threshold (1.00%)
   n0: 0 in 1 place, below massif's threshold (1.00%)
 n2: 208 0x109311: insertaLista (listaEnlazada.h:17)
  n1: 192 0x10951C: copiarLista (listaEnlazada.h:93)
   n1: 192 0x10A8C4: pares_perfectos (pfsq.c:239)
    n0: 192 0x10AD1E: main (pfsq.c:415)
  n0: 16 in 2 places, all below massif's threshold (1.00%)
 n0: 16 in 2 places, all below massif's threshold (1.00%)
#-----------
snapshot=42
#-----------
time=2714522245459
mem_heap_B=9232
mem_heap_extra_B=1368
mem_stacks_B=0
heap_tree=empty
#-----------
snapshot=43
#-----------
time=2771910977315
mem_heap_B=9136
mem_heap_extra_B=1360
mem_stacks_B=0
heap_tree=detailed
n7: 9136 (heap allocation functions) malloc/new/new[], --alloc-fns, etc.
 n1: 5120 0x496C1B4: _IO_file_doallocate (filedoalloc.c:101)
  n2: 5120 0x497C523: _IO_doallocbuf (genops.c:347)
   n1: 4096 0x4979883: _IO_file_underflow@@GLIBC_2.2.5 (fileops.c:486)
    n1: 4096 0x497C5D1: _IO_default_uflow (genops.c:362)
     n1: 4096 0x49531C3: __vfscanf_internal (vfscanf-internal.c:676)
      n1: 4096 0x4946EC5: __isoc99_scanf (isoc99_scanf.c:30)
       n1: 4096 0x10A7A1: ReadData (pfsq.c:205)
        n0: 4096 0x10ACA8: main (pfsq.c:405)
   n1: 1024 0x4979F8F: _IO_file_overflow@@GLIBC_2.2.5 (fileops.c:745)
    n1: 1024 0x497AAAE: _IO_new_file_xsputn (fileops.c:1244)
     n1: 1024 0x497AAAE: _IO_file_xsputn@@GLIBC_2.2.5 (fileops.c:1197)
      n1: 1024 0x4947CC8: __printf_buffer_flush_to_file (printf_buffer_to_file.c:59)
       n1: 1024 0x4947CC8: __printf_buffer_to_file_done (printf_buffer_to_file.c:120)
        n1: 1024 0x4952742: __vfprintf_internal (vfprintf-internal.c:1545)
         n1: 1024 0x49471B2: printf (printf.c:33)
          n1: 1024 0x10A536: initialize (pfsq.c:129)
           n0: 1024 0x10AC94: main (pfsq.c:404)
 n2: 1920 0x109343: insertaLista (listaEnlazada.h:22)
  n1: 1920 0x10951C: copiarLista (listaEnlazada.h:93)
   n1: 1920 0x10A8C4: pares_perfectos (pfsq.c:239)
    n0: 1920 0x10AD1E: main (pfsq.c:415)
  n0: 0 in 2 places, all below massif's threshold (1.00%)
 n1: 1152 0x10A504: initialize (pfsq.c:119)
  n0: 1152 0x10AC94: main (pfsq.c:404)
 n1: 480 0x10957E: createAVL (tree.h:27)
  n2: 480 0x1097AF: insert_AVL (tree.h:93)
   n2: 440 0x109806: insert_AVL (tree.h:98)
    n2: 400 0x109806: insert_AVL (tree.h:98)
     n2: 320 0x109806: insert_AVL (tree.h:98)
      n1: 160 0x109806: insert_AVL (tree.h:98)
       n1: 160 0x10A8DD: pares_perfectos (pfsq.c:240)
        n0: 160 0x10AD1E: main (pfsq.c:415)
      n1: 160 0x10A8DD: pares_perfectos (pfsq.c:240)
       n0: 160 0x10AD1E: main (pfsq.c:415)
     n0: 80 in 1 place, below massif's threshold (1.00%)
    n0: 40 in 1 place, below massif's threshold (1.00%)
   n0: 40 in 1 place, below massif's threshold (1.00%)
 n1: 256 0x109B4C: createAVLPath (avlpath.h:25)
  n2: 256 0x109D61: insertPath_AVL (avlpath.h:81)
   n2: 192 0x109DB0: insertPath_AVL (avlpath.h:86)
    n1: 128 0x109D86: insertPath_AVL (avlpath.h:84)
     n0: 128 in 3 places, all below massif's threshold (1.00%)
    n0: 64 in 2 places, all below massif's threshold (1.00%)
   n0: 64 in 2 places, all below massif's threshold (1.00%)
 n2: 192 0x109311: insertaLista (listaEnlazada.h:17)
  n1: 192 0x10951C: copiarLista (listaEnlazada.h:93)
   n1: 192 0x10A8C4: pares_perfectos (pfsq.c:239)
    n0: 192 0x10AD1E: main (pfsq.c:415)
  n0: 0 in 2 places, all below massif's threshold (1.00%)
 n0: 16 in 2 places, all below massif's threshold (1.00%)
#-----------
snapshot=44
#-----------
time=2825200514939
mem_heap_B=9136
mem_heap_extra_B=1344
mem_stacks_B=0
heap_tree=empty
#-----------
snapshot=45
#-----------
time=2890787641679
mem_heap_B=9232
mem_heap_extra_B=1384
mem_stacks_B=0
heap_tree=empty
#-----------
snapshot=46
#-----------
time=2942878531973
mem_heap_B=9232
mem_heap_extra_B=1384
mem_stacks_B=0
heap_tree=empty
#-----------
snapshot=47
#-----------
time=3015992657557
mem_heap_B=9248
mem_heap_extra_B=1376
mem_stacks_B=0
heap_tree=empty
#-----------
snapshot=48
#-----------
time=3103306812062
mem_heap_B=9232
mem_heap_extra_B=1384
mem_stacks_B=0
heap_tree=empty
#-----------
snapshot=49
#-----------
time=3115838993901
mem_heap_B=9216
mem_heap_extra_B=1392
mem_stacks_B=0
heap_tree=empty
#-----------
snapshot=50
#-----------
time=3119781242420
mem_heap_B=9232
mem_heap_extra_B=1384
mem_stacks_B=0
heap_tree=empty
#-----------
snapshot=51
#-----------
time=3123723489730
mem_heap_B=9184
mem_heap_extra_B=1360
mem_stacks_B=0
heap_tree=empty
#-----------
snapshot=52
#-----------
time=3127665737280
mem_heap_B=9232
mem_heap_extra_B=1384
mem_stacks_B=0
heap_tree=empty
#-----------
snapshot=53
#-----------
time=3131607984963
mem_heap_B=9168
mem_heap_extra_B=1352
mem_stacks_B=0
heap_tree=detailed
n7: 9168 (heap allocation functions) malloc/new/new[], --alloc-fns, etc.
 n1: 5120 0x496C1B4: _IO_file_doallocate (filedoalloc.c:101)
  n2: 5120 0x497C523: _IO_doallocbuf (genops.c:347)
   n1: 4096 0x4979883: _IO_file_underflow@@GLIBC_2.2.5 (fileops.c:486)
    n1: 4096 0x497C5D1: _IO_default_uflow (genops.c:362)
     n1: 4096 0x49531C3: __vfscanf_internal (vfscanf-internal.c:676)
      n1: 4096 0x4946EC5: __isoc99_scanf (isoc99_scanf.c:30)
       n1: 4096 0x10A7A1: ReadData (pfsq.c:205)
        n0: 4096 0x10ACA8: main (pfsq.c:405)
   n1: 1024 0x4979F8F: _IO_file_overflow@@GLIBC_2.2.5 (fileops.c:745)
    n1: 1024 0x497AAAE: _IO_new_file_xsputn (fileops.c:1244)
     n1: 1024 0x497AAAE: _IO_file_xsputn@@GLIBC_2.2.5 (fileops.c:1197)
      n1: 1024 0x4947CC8: __printf_buffer_flush_to_file (printf_buffer_to_file.c:59)
       n1: 1024 0x4947CC8: __printf_buffer_to_file_done (printf_buffer_to_file.c:120)
        n1: 1024 0x4952742: __vfprintf_internal (vfprintf-internal.c:1545)
         n1: 1024 0x49471B2: printf (printf.c:33)
          n1: 1024 0x10A536: initialize (pfsq.c:129)
           n0: 1024 0x10AC94: main (pfsq.c:404)
 n2: 1920 0x109343: insertaLista (listaEnlazada.h:22)
  n1: 1920 0x10951C: copiarLista (listaEnlazada.h:93)
   n1: 1920 0x10A8C4: pares_perfectos (pfsq.c:239)
    n0: 1920 0x10AD1E: main (pfsq.c:415)
  n0: 0 in 2 places, all below massif's threshold (1.00%)
 n1: 1152 0x10A504: initialize (pfsq.c:119)
  n0: 1152 0x10AC94: main (pfsq.c:404)
 n1: 480 0x10957E: createAVL (tree.h:27)
  n2: 480 0x1097AF: insert_AVL (tree.h:93)
   n2: 440 0x109806: insert_AVL (tree.h:98)
    n2: 400 0x109806: insert_AVL (tree.h:98)
     n2: 320 0x109806: insert_AVL (tree.h:98)
      n1: 160 0x109806: insert_AVL (tree.h:98)
       n1: 160 0x10A8DD: pares_perfectos (pfsq.c:240)
        n0: 160 0x10AD1E: main (pfsq.c:415)
      n1: 160 0x10A8DD: pares_perfectos (pfsq.c:240)
       n0: 160 0x10AD1E: main (pfsq.c:415)
     n0: 80 in 1 place, below massif's threshold (1.00%)
    n0: 40 in 1 place, below massif's threshold (1.00%)
   n0: 40 in 1 place, below massif's threshold (1.00%)
 n1: 288 0x109B4C: createAVLPath (avlpath.h:25)
  n2: 288 0x109D61: insertPath_AVL (avlpath.h:81)
   n2: 256 0x109DB0: insertPath_AVL (avlpath.h:86)
    n1: 160 0x109D86: insertPath_AVL (avlpath.h:84)
     n0: 160 in 3 places, all below massif's threshold (1.00%)
    n0: 96 in 2 places, all below massif's threshold (1.00%)
   n0: 32 in 2 places, all below massif's threshold (1.00%)
 n2: 192 0x109311: insertaLista (listaEnlazada.h:17)
  n1: 192 0x10951C: copiarLista (listaEnlazada.h:93)
   n1: 192 0x10A8C4: pares_perfectos (pfsq.c:239)
    n0: 192 0x10AD1E: main (pfsq.c:415)
  n0: 0 in 2 places, all below massif's threshold (1.00%)
 n0: 16 in 2 places, all below massif's threshold (1.00%)
#-----------
snapshot=54
#-----------
time=3135550232304
mem_heap_B=9232
mem_heap_extra_B=1392
mem_stacks_B=0
heap_tree=empty
#-----------
snapshot=55
#-----------
time=3139492480132
mem_heap_B=9248
mem_heap_extra_B=1408
mem_stacks_B=0
heap_tree=empty
#-----------
snapshot=56
#-----------
time=3143434727565
mem_heap_B=9232
mem_heap_extra_B=1384
mem_stacks_B=0
heap_tree=empty
#-----------
snapshot=57
#-----------
time=3147376974857
mem_heap_B=9232
mem_heap_extra_B=1392
mem_stacks_B=0
heap_tree=empty
#-----------
snapshot=58
#-----------
time=3151319222110
mem_heap_B=9200
mem_heap_extra_B=1376
mem_stacks_B=0
heap_tree=empty
#-----------
snapshot=59
#-----------
time=3155261469576
mem_heap_B=9200
mem_heap_extra_B=1360
mem_stacks_B=0
heap_tree=empty
#-----------
snapshot=60
#-----------
time=3159203717048
mem_heap_B=9200
mem_heap_extra_B=1360
mem_stacks_B=0
heap_tree=empty
#-----------
snapshot=61
#-----------
time=3163145964548
mem_heap_B=9232
mem_heap_extra_B=1384
mem_stacks_B=0
heap_tree=empty
#-----------
snapshot=62
#-----------
time=3167088211809
mem_heap_B=9168
mem_heap_extra_B=1352
mem_stacks_B=0
heap_tree=empty
#-----------
snapshot=63
#-----------
time=3171030460350
mem_heap_B=9232
mem_heap_extra_B=1384
mem_stacks_B=0
heap_tree=detailed
n7: 9232 (heap allocation functions) malloc/new/new[], --alloc-fns, etc.
 n1: 5120 0x496C1B4: _IO_file_doallocate (filedoalloc.c:101)
  n2: 5120 0x497C523: _IO_doallocbuf (genops.c:347)
   n1: 4096 0x4979883: _IO_file_underflow@@GLIBC_2.2.5 (fileops.c:486)
    n1: 4096 0x497C5D1: _IO_default_uflow (genops.c:362)
     n1: 4096 0x49531C3: __vfscanf_internal (vfscanf-internal.c:676)
      n1: 4096 0x4946EC5: __isoc99_scanf (isoc99_scanf.c:30)
       n1: 4096 0x10A7A1: ReadData (pfsq.c:205)
        n0: 4096 0x10ACA8: main (pfsq.c:405)
   n1: 1024 0x4979F8F: _IO_file_overflow@@GLIBC_2.2.5 (fileops.c:745)
    n1: 1024 0x497AAAE: _IO_new_file_xsputn (fileops.c:1244)
     n1: 1024 0x497AAAE: _IO_file_xsputn@@GLIBC_2.2.5 (fileops.c:1197)
      n1: 1024 0x4947CC8: __printf_buffer_flush_to_file (printf_buffer_to_file.c:59)
       n1: 1024 0x4947CC8: __printf_buffer_to_file_done (printf_buffer_to_file.c:120)
        n1: 1024 0x4952742: __vfprintf_internal (vfprintf-internal.c:1545)
         n1: 1024 0x49471B2: printf (printf.c:33)
          n1: 1024 0x10A536: initialize (pfsq.c:129)
           n0: 1024 0x10AC94: main (pfsq.c:404)
 n2: 1920 0x109343: insertaLista (listaEnlazada.h:22)
  n1: 1920 0x10951C: copiarLista (listaEnlazada.h:93)
   n1: 1920 0x10A8C4: pares_perfectos (pfsq.c:239)
    n0: 1920 0x10AD1E: main (pfsq.c:415)
  n0: 0 in 2 places, all below massif's threshold (1.00%)
 n1: 1152 0x10A504: initialize (pfsq.c:119)
  n0: 1152 0x10AC94: main (pfsq.c:404)
 n1: 480 0x10957E: createAVL (tree.h:27)
  n2: 480 0x1097AF: insert_AVL (tree.h:93)
   n2: 440 0x109806: insert_AVL (tree.h:98)
    n2: 400 0x109806: insert_AVL (tree.h:98)
     n2: 320 0x109806: insert_AVL (tree.h:98)
      n1: 160 0x109806: insert_AVL (tree.h:98)
       n1: 160 0x10A8DD: pares_perfectos (pfsq.c:240)
        n0: 160 0x10AD1E: main (pfsq.c:415)
      n1: 160 0x10A8DD: pares_perfectos (pfsq.c:240)
       n0: 160 0x10AD1E: main (pfsq.c:415)
     n0: 80 in 1 place, below massif's threshold (1.00%)
    n0: 40 in 1 place, below massif's threshold (1.00%)
   n0: 40 in 1 place, below massif's threshold (1.00%)
 n1: 352 0x109B4C: createAVLPath (avlpath.h:25)
  n3: 352 0x109D61: insertPath_AVL (avlpath.h:81)
   n2: 192 0x109DB0: insertPath_AVL (avlpath.h:86)
    n1: 160 0x109D86: insertPath_AVL (avlpath.h:84)
     n0: 160 in 3 places, all below massif's threshold (1.00%)
    n0: 32 in 2 places, all below massif's threshold (1.00%)
   n1: 160 0x109D86: insertPath_AVL (avlpath.h:84)
    n0: 160 in 3 places, all below massif's threshold (1.00%)
   n0: 0 in 1 place, below massif's threshold (1.00%)
 n2: 192 0x109311: insertaLista (listaEnlazada.h:17)
  n1: 192 0x10951C: copiarLista (listaEnlazada.h:93)
   n1: 192 0x10A8C4: pares_perfectos (pfsq.c:239)
    n0: 192 0x10AD1E: main (pfsq.c:415)
  n0: 0 in 2 places, all below massif's threshold (1.00%)
 n0: 16 in 2 places, all below massif's threshold (1.00%)
#-----------
snapshot=64
#-----------
time=3174972707904
mem_heap_B=9248
mem_heap_extra_B=1408
mem_stacks_B=0
heap_tree=empty
#-----------
snapshot=65
#-----------
time=3178914955232
mem_heap_B=9232
mem_heap_extra_B=1392
mem_stacks_B=0
heap_tree=empty
#-----------
snapshot=66
#-----------
time=3182857202481
mem_heap_B=9136
mem_heap_extra_B=1360
mem_stacks_B=0
heap_tree=empty
#-----------
snapshot=67
#-----------
time=3186799450235
mem_heap_B=9232
mem_heap_extra_B=1368
mem_stacks_B=0
heap_tree=empty
#-----------
snapshot=68
#-----------
time=3190741698122
mem_heap_B=9248
mem_heap_extra_B=1408
mem_stacks_B=0
heap_tree=empty
#-----------
snapshot=69
#-----------
time=3194683945407
mem_heap_B=9136
mem_heap_extra_B=1344
mem_stacks_B=0
heap_tree=empty
