desc: --massif-out-file=massif_at_new.out
cmd: ./pfsqat 10
time_unit: i
#-----------
snapshot=0
#-----------
time=0
mem_heap_B=0
mem_heap_extra_B=0
mem_stacks_B=0
heap_tree=empty
#-----------
snapshot=1
#-----------
time=355214
mem_heap_B=8040
mem_heap_extra_B=840
mem_stacks_B=0
heap_tree=peak
n6: 8040 (heap allocation functions) malloc/new/new[], --alloc-fns, etc.
 n1: 5120 0x496C1B4: _IO_file_doallocate (filedoalloc.c:101)
  n2: 5120 0x497C523: _IO_doallocbuf (genops.c:347)
   n1: 4096 0x4979883: _IO_file_underflow@@GLIBC_2.2.5 (fileops.c:486)
    n1: 4096 0x497C5D1: _IO_default_uflow (genops.c:362)
     n1: 4096 0x49531C3: __vfscanf_internal (vfscanf-internal.c:676)
      n1: 4096 0x4946EC5: __isoc99_scanf (isoc99_scanf.c:30)
       n0: 4096 0x109350: main (in /home/alan/Documentos/perfectsquare/pfsqat)
   n1: 1024 0x4979F8F: _IO_file_overflow@@GLIBC_2.2.5 (fileops.c:745)
    n1: 1024 0x497AAAE: _IO_new_file_xsputn (fileops.c:1244)
     n1: 1024 0x497AAAE: _IO_file_xsputn@@GLIBC_2.2.5 (fileops.c:1197)
      n1: 1024 0x4947CC8: __printf_buffer_flush_to_file (printf_buffer_to_file.c:59)
       n1: 1024 0x4947CC8: __printf_buffer_to_file_done (printf_buffer_to_file.c:120)
        n1: 1024 0x4952742: __vfprintf_internal (vfprintf-internal.c:1545)
         n1: 1024 0x4A1EA3C: __printf_chk (printf_chk.c:33)
          n0: 1024 0x10931F: main (in /home/alan/Documentos/perfectsquare/pfsqat)
 n1: 1280 0x10B324: pares_perfectos (in /home/alan/Documentos/perfectsquare/pfsqat)
  n0: 1280 0x1093E3: main (in /home/alan/Documentos/perfectsquare/pfsqat)
 n1: 1200 0x10B01F: initialize (in /home/alan/Documentos/perfectsquare/pfsqat)
  n0: 1200 0x10931F: main (in /home/alan/Documentos/perfectsquare/pfsqat)
 n3: 224 0x10A14E: insertPath_AVL (in /home/alan/Documentos/perfectsquare/pfsqat)
  n1: 96 0x10A01A: insertPath_AVL (in /home/alan/Documentos/perfectsquare/pfsqat)
   n0: 96 in 2 places, all below massif's threshold (1.00%)
  n1: 96 0x10A078: insertPath_AVL (in /home/alan/Documentos/perfectsquare/pfsqat)
   n1: 96 0x10A01A: insertPath_AVL (in /home/alan/Documentos/perfectsquare/pfsqat)
    n0: 96 in 2 places, all below massif's threshold (1.00%)
  n0: 32 in 1 place, below massif's threshold (1.00%)
 n1: 160 0x10B395: pares_perfectos (in /home/alan/Documentos/perfectsquare/pfsqat)
  n0: 160 0x1093E3: main (in /home/alan/Documentos/perfectsquare/pfsqat)
 n0: 56 in 3 places, all below massif's threshold (1.00%)
#-----------
snapshot=2
#-----------
time=150759153
mem_heap_B=8080
mem_heap_extra_B=832
mem_stacks_B=0
heap_tree=empty
#-----------
snapshot=3
#-----------
time=278102739
mem_heap_B=8032
mem_heap_extra_B=816
mem_stacks_B=0
heap_tree=empty
#-----------
snapshot=4
#-----------
time=452418536
mem_heap_B=8064
mem_heap_extra_B=824
mem_stacks_B=0
heap_tree=detailed
n6: 8064 (heap allocation functions) malloc/new/new[], --alloc-fns, etc.
 n1: 5120 0x496C1B4: _IO_file_doallocate (filedoalloc.c:101)
  n2: 5120 0x497C523: _IO_doallocbuf (genops.c:347)
   n1: 4096 0x4979883: _IO_file_underflow@@GLIBC_2.2.5 (fileops.c:486)
    n1: 4096 0x497C5D1: _IO_default_uflow (genops.c:362)
     n1: 4096 0x49531C3: __vfscanf_internal (vfscanf-internal.c:676)
      n1: 4096 0x4946EC5: __isoc99_scanf (isoc99_scanf.c:30)
       n0: 4096 0x109350: main (in /home/alan/Documentos/perfectsquare/pfsqat)
   n1: 1024 0x4979F8F: _IO_file_overflow@@GLIBC_2.2.5 (fileops.c:745)
    n1: 1024 0x497AAAE: _IO_new_file_xsputn (fileops.c:1244)
     n1: 1024 0x497AAAE: _IO_file_xsputn@@GLIBC_2.2.5 (fileops.c:1197)
      n1: 1024 0x4947CC8: __printf_buffer_flush_to_file (printf_buffer_to_file.c:59)
       n1: 1024 0x4947CC8: __printf_buffer_to_file_done (printf_buffer_to_file.c:120)
        n1: 1024 0x4952742: __vfprintf_internal (vfprintf-internal.c:1545)
         n1: 1024 0x4A1EA3C: __printf_chk (printf_chk.c:33)
          n0: 1024 0x10931F: main (in /home/alan/Documentos/perfectsquare/pfsqat)
 n1: 1280 0x10B324: pares_perfectos (in /home/alan/Documentos/perfectsquare/pfsqat)
  n0: 1280 0x1093E3: main (in /home/alan/Documentos/perfectsquare/pfsqat)
 n1: 1200 0x10B01F: initialize (in /home/alan/Documentos/perfectsquare/pfsqat)
  n0: 1200 0x10931F: main (in /home/alan/Documentos/perfectsquare/pfsqat)
 n2: 288 0x10A14E: insertPath_AVL (in /home/alan/Documentos/perfectsquare/pfsqat)
  n2: 192 0x10A01A: insertPath_AVL (in /home/alan/Documentos/perfectsquare/pfsqat)
   n2: 160 0x10A078: insertPath_AVL (in /home/alan/Documentos/perfectsquare/pfsqat)
    n1: 96 0x10A01A: insertPath_AVL (in /home/alan/Documentos/perfectsquare/pfsqat)
     n0: 96 in 3 places, all below massif's threshold (1.00%)
    n0: 64 in 2 places, all below massif's threshold (1.00%)
   n0: 32 in 2 places, all below massif's threshold (1.00%)
  n0: 96 in 2 places, all below massif's threshold (1.00%)
 n1: 160 0x10B395: pares_perfectos (in /home/alan/Documentos/perfectsquare/pfsqat)
  n0: 160 0x1093E3: main (in /home/alan/Documentos/perfectsquare/pfsqat)
 n0: 16 in 4 places, all below massif's threshold (1.00%)
#-----------
snapshot=5
#-----------
time=608996741
mem_heap_B=8032
mem_heap_extra_B=816
mem_stacks_B=0
heap_tree=detailed
n6: 8032 (heap allocation functions) malloc/new/new[], --alloc-fns, etc.
 n1: 5120 0x496C1B4: _IO_file_doallocate (filedoalloc.c:101)
  n2: 5120 0x497C523: _IO_doallocbuf (genops.c:347)
   n1: 4096 0x4979883: _IO_file_underflow@@GLIBC_2.2.5 (fileops.c:486)
    n1: 4096 0x497C5D1: _IO_default_uflow (genops.c:362)
     n1: 4096 0x49531C3: __vfscanf_internal (vfscanf-internal.c:676)
      n1: 4096 0x4946EC5: __isoc99_scanf (isoc99_scanf.c:30)
       n0: 4096 0x109350: main (in /home/alan/Documentos/perfectsquare/pfsqat)
   n1: 1024 0x4979F8F: _IO_file_overflow@@GLIBC_2.2.5 (fileops.c:745)
    n1: 1024 0x497AAAE: _IO_new_file_xsputn (fileops.c:1244)
     n1: 1024 0x497AAAE: _IO_file_xsputn@@GLIBC_2.2.5 (fileops.c:1197)
      n1: 1024 0x4947CC8: __printf_buffer_flush_to_file (printf_buffer_to_file.c:59)
       n1: 1024 0x4947CC8: __printf_buffer_to_file_done (printf_buffer_to_file.c:120)
        n1: 1024 0x4952742: __vfprintf_internal (vfprintf-internal.c:1545)
         n1: 1024 0x4A1EA3C: __printf_chk (printf_chk.c:33)
          n0: 1024 0x10931F: main (in /home/alan/Documentos/perfectsquare/pfsqat)
 n1: 1280 0x10B324: pares_perfectos (in /home/alan/Documentos/perfectsquare/pfsqat)
  n0: 1280 0x1093E3: main (in /home/alan/Documentos/perfectsquare/pfsqat)
 n1: 1200 0x10B01F: initialize (in /home/alan/Documentos/perfectsquare/pfsqat)
  n0: 1200 0x10931F: main (in /home/alan/Documentos/perfectsquare/pfsqat)
 n2: 256 0x10A14E: insertPath_AVL (in /home/alan/Documentos/perfectsquare/pfsqat)
  n2: 192 0x10A01A: insertPath_AVL (in /home/alan/Documentos/perfectsquare/pfsqat)
   n0: 96 in 2 places, all below massif's threshold (1.00%)
   n1: 96 0x10A078: insertPath_AVL (in /home/alan/Documentos/perfectsquare/pfsqat)
    n0: 96 in 3 places, all below massif's threshold (1.00%)
  n0: 64 in 2 places, all below massif's threshold (1.00%)
 n1: 160 0x10B395: pares_perfectos (in /home/alan/Documentos/perfectsquare/pfsqat)
  n0: 160 0x1093E3: main (in /home/alan/Documentos/perfectsquare/pfsqat)
 n0: 16 in 4 places, all below massif's threshold (1.00%)
#-----------
snapshot=6
#-----------
time=735038945
mem_heap_B=8080
mem_heap_extra_B=832
mem_stacks_B=0
heap_tree=empty
#-----------
snapshot=7
#-----------
time=814644459
mem_heap_B=8048
mem_heap_extra_B=824
mem_stacks_B=0
heap_tree=empty
#-----------
snapshot=8
#-----------
time=952377723
mem_heap_B=8064
mem_heap_extra_B=824
mem_stacks_B=0
heap_tree=empty
#-----------
snapshot=9
#-----------
time=1046486277
mem_heap_B=8032
mem_heap_extra_B=816
mem_stacks_B=0
heap_tree=empty
#-----------
snapshot=10
#-----------
time=1182420208
mem_heap_B=8048
mem_heap_extra_B=824
mem_stacks_B=0
heap_tree=empty
#-----------
snapshot=11
#-----------
time=1297442082
mem_heap_B=8048
mem_heap_extra_B=824
mem_stacks_B=0
heap_tree=empty
#-----------
snapshot=12
#-----------
time=1410439714
mem_heap_B=8048
mem_heap_extra_B=840
mem_stacks_B=0
heap_tree=empty
#-----------
snapshot=13
#-----------
time=1569651205
mem_heap_B=8064
mem_heap_extra_B=824
mem_stacks_B=0
heap_tree=empty
#-----------
snapshot=14
#-----------
time=1669158528
mem_heap_B=8096
mem_heap_extra_B=832
mem_stacks_B=0
heap_tree=empty
#-----------
snapshot=15
#-----------
time=1788568178
mem_heap_B=8064
mem_heap_extra_B=824
mem_stacks_B=0
heap_tree=empty
#-----------
snapshot=16
#-----------
time=1888075599
mem_heap_B=8032
mem_heap_extra_B=816
mem_stacks_B=0
heap_tree=empty
#-----------
snapshot=17
#-----------
time=1967681319
mem_heap_B=8032
mem_heap_extra_B=816
mem_stacks_B=0
heap_tree=empty
#-----------
snapshot=18
#-----------
time=2126892340
mem_heap_B=8048
mem_heap_extra_B=824
mem_stacks_B=0
heap_tree=empty
#-----------
snapshot=19
#-----------
time=2226399626
mem_heap_B=8064
mem_heap_extra_B=824
mem_stacks_B=0
heap_tree=empty
#-----------
snapshot=20
#-----------
time=2365709853
mem_heap_B=7984
mem_heap_extra_B=808
mem_stacks_B=0
heap_tree=empty
#-----------
snapshot=21
#-----------
time=2498385448
mem_heap_B=8048
mem_heap_extra_B=824
mem_stacks_B=0
heap_tree=detailed
n6: 8048 (heap allocation functions) malloc/new/new[], --alloc-fns, etc.
 n1: 5120 0x496C1B4: _IO_file_doallocate (filedoalloc.c:101)
  n2: 5120 0x497C523: _IO_doallocbuf (genops.c:347)
   n1: 4096 0x4979883: _IO_file_underflow@@GLIBC_2.2.5 (fileops.c:486)
    n1: 4096 0x497C5D1: _IO_default_uflow (genops.c:362)
     n1: 4096 0x49531C3: __vfscanf_internal (vfscanf-internal.c:676)
      n1: 4096 0x4946EC5: __isoc99_scanf (isoc99_scanf.c:30)
       n0: 4096 0x109350: main (in /home/alan/Documentos/perfectsquare/pfsqat)
   n1: 1024 0x4979F8F: _IO_file_overflow@@GLIBC_2.2.5 (fileops.c:745)
    n1: 1024 0x497AAAE: _IO_new_file_xsputn (fileops.c:1244)
     n1: 1024 0x497AAAE: _IO_file_xsputn@@GLIBC_2.2.5 (fileops.c:1197)
      n1: 1024 0x4947CC8: __printf_buffer_flush_to_file (printf_buffer_to_file.c:59)
       n1: 1024 0x4947CC8: __printf_buffer_to_file_done (printf_buffer_to_file.c:120)
        n1: 1024 0x4952742: __vfprintf_internal (vfprintf-internal.c:1545)
         n1: 1024 0x4A1EA3C: __printf_chk (printf_chk.c:33)
          n0: 1024 0x10931F: main (in /home/alan/Documentos/perfectsquare/pfsqat)
 n1: 1280 0x10B324: pares_perfectos (in /home/alan/Documentos/perfectsquare/pfsqat)
  n0: 1280 0x1093E3: main (in /home/alan/Documentos/perfectsquare/pfsqat)
 n1: 1200 0x10B01F: initialize (in /home/alan/Documentos/perfectsquare/pfsqat)
  n0: 1200 0x10931F: main (in /home/alan/Documentos/perfectsquare/pfsqat)
 n3: 256 0x10A14E: insertPath_AVL (in /home/alan/Documentos/perfectsquare/pfsqat)
  n2: 128 0x10A01A: insertPath_AVL (in /home/alan/Documentos/perfectsquare/pfsqat)
   n1: 96 0x10A078: insertPath_AVL (in /home/alan/Documentos/perfectsquare/pfsqat)
    n0: 96 in 3 places, all below massif's threshold (1.00%)
   n0: 32 in 2 places, all below massif's threshold (1.00%)
  n1: 128 0x10A078: insertPath_AVL (in /home/alan/Documentos/perfectsquare/pfsqat)
   n0: 128 in 3 places, all below massif's threshold (1.00%)
  n0: 0 in 1 place, below massif's threshold (1.00%)
 n1: 160 0x10B395: pares_perfectos (in /home/alan/Documentos/perfectsquare/pfsqat)
  n0: 160 0x1093E3: main (in /home/alan/Documentos/perfectsquare/pfsqat)
 n0: 32 in 4 places, all below massif's threshold (1.00%)
#-----------
snapshot=22
#-----------
time=2597892558
mem_heap_B=8064
mem_heap_extra_B=824
mem_stacks_B=0
heap_tree=empty
#-----------
snapshot=23
#-----------
time=2697399312
mem_heap_B=8048
mem_heap_extra_B=824
mem_stacks_B=0
heap_tree=empty
#-----------
snapshot=24
#-----------
time=2796906335
mem_heap_B=8064
mem_heap_extra_B=824
mem_stacks_B=0
heap_tree=empty
#-----------
snapshot=25
#-----------
time=2929581822
mem_heap_B=8000
mem_heap_extra_B=808
mem_stacks_B=0
heap_tree=empty
#-----------
snapshot=26
#-----------
time=3029088768
mem_heap_B=8064
mem_heap_extra_B=824
mem_stacks_B=0
heap_tree=empty
#-----------
snapshot=27
#-----------
time=3128595808
mem_heap_B=8064
mem_heap_extra_B=824
mem_stacks_B=0
heap_tree=empty
#-----------
snapshot=28
#-----------
time=3261271489
mem_heap_B=8000
mem_heap_extra_B=808
mem_stacks_B=0
heap_tree=empty
#-----------
snapshot=29
#-----------
time=3427116108
mem_heap_B=8048
mem_heap_extra_B=824
mem_stacks_B=0
heap_tree=empty
#-----------
snapshot=30
#-----------
time=3559791530
mem_heap_B=8048
mem_heap_extra_B=824
mem_stacks_B=0
heap_tree=empty
#-----------
snapshot=31
#-----------
time=3725636336
mem_heap_B=8064
mem_heap_extra_B=824
mem_stacks_B=0
heap_tree=empty
#-----------
snapshot=32
#-----------
time=3858311801
mem_heap_B=8080
mem_heap_extra_B=848
mem_stacks_B=0
heap_tree=empty
#-----------
snapshot=33
#-----------
time=4024156207
mem_heap_B=8096
mem_heap_extra_B=832
mem_stacks_B=0
heap_tree=empty
#-----------
snapshot=34
#-----------
time=4143565851
mem_heap_B=8048
mem_heap_extra_B=824
mem_stacks_B=0
heap_tree=empty
#-----------
snapshot=35
#-----------
time=4302778485
mem_heap_B=8064
mem_heap_extra_B=832
mem_stacks_B=0
heap_tree=empty
#-----------
snapshot=36
#-----------
time=4382384849
mem_heap_B=8064
mem_heap_extra_B=824
mem_stacks_B=0
heap_tree=empty
#-----------
snapshot=37
#-----------
time=4501794454
mem_heap_B=8064
mem_heap_extra_B=824
mem_stacks_B=0
heap_tree=empty
#-----------
snapshot=38
#-----------
time=4661007566
mem_heap_B=8064
mem_heap_extra_B=824
mem_stacks_B=0
heap_tree=empty
#-----------
snapshot=39
#-----------
time=4820219834
mem_heap_B=8064
mem_heap_extra_B=824
mem_stacks_B=0
heap_tree=empty
#-----------
snapshot=40
#-----------
time=4899826270
mem_heap_B=8064
mem_heap_extra_B=824
mem_stacks_B=0
heap_tree=empty
#-----------
snapshot=41
#-----------
time=5019235780
mem_heap_B=8048
mem_heap_extra_B=832
mem_stacks_B=0
heap_tree=empty
#-----------
snapshot=42
#-----------
time=5178448858
mem_heap_B=8064
mem_heap_extra_B=824
mem_stacks_B=0
heap_tree=empty
#-----------
snapshot=43
#-----------
time=5337661501
mem_heap_B=8032
mem_heap_extra_B=816
mem_stacks_B=0
heap_tree=empty
#-----------
snapshot=44
#-----------
time=5457070953
mem_heap_B=8064
mem_heap_extra_B=832
mem_stacks_B=0
heap_tree=empty
#-----------
snapshot=45
#-----------
time=5616283667
mem_heap_B=8064
mem_heap_extra_B=824
mem_stacks_B=0
heap_tree=empty
#-----------
snapshot=46
#-----------
time=5695889961
mem_heap_B=8064
mem_heap_extra_B=824
mem_stacks_B=0
heap_tree=empty
#-----------
snapshot=47
#-----------
time=5815299675
mem_heap_B=8064
mem_heap_extra_B=824
mem_stacks_B=0
heap_tree=empty
#-----------
snapshot=48
#-----------
time=5894906031
mem_heap_B=8064
mem_heap_extra_B=824
mem_stacks_B=0
heap_tree=empty
#-----------
snapshot=49
#-----------
time=6014315493
mem_heap_B=8064
mem_heap_extra_B=824
mem_stacks_B=0
heap_tree=empty
#-----------
snapshot=50
#-----------
time=6093921084
mem_heap_B=8048
mem_heap_extra_B=824
mem_stacks_B=0
heap_tree=empty
#-----------
snapshot=51
#-----------
time=6173526658
mem_heap_B=8064
mem_heap_extra_B=832
mem_stacks_B=0
heap_tree=empty
#-----------
snapshot=52
#-----------
time=6253132537
mem_heap_B=8064
mem_heap_extra_B=824
mem_stacks_B=0
heap_tree=empty
#-----------
snapshot=53
#-----------
time=6332738159
mem_heap_B=8032
mem_heap_extra_B=816
mem_stacks_B=0
heap_tree=detailed
n6: 8032 (heap allocation functions) malloc/new/new[], --alloc-fns, etc.
 n1: 5120 0x496C1B4: _IO_file_doallocate (filedoalloc.c:101)
  n2: 5120 0x497C523: _IO_doallocbuf (genops.c:347)
   n1: 4096 0x4979883: _IO_file_underflow@@GLIBC_2.2.5 (fileops.c:486)
    n1: 4096 0x497C5D1: _IO_default_uflow (genops.c:362)
     n1: 4096 0x49531C3: __vfscanf_internal (vfscanf-internal.c:676)
      n1: 4096 0x4946EC5: __isoc99_scanf (isoc99_scanf.c:30)
       n0: 4096 0x109350: main (in /home/alan/Documentos/perfectsquare/pfsqat)
   n1: 1024 0x4979F8F: _IO_file_overflow@@GLIBC_2.2.5 (fileops.c:745)
    n1: 1024 0x497AAAE: _IO_new_file_xsputn (fileops.c:1244)
     n1: 1024 0x497AAAE: _IO_file_xsputn@@GLIBC_2.2.5 (fileops.c:1197)
      n1: 1024 0x4947CC8: __printf_buffer_flush_to_file (printf_buffer_to_file.c:59)
       n1: 1024 0x4947CC8: __printf_buffer_to_file_done (printf_buffer_to_file.c:120)
        n1: 1024 0x4952742: __vfprintf_internal (vfprintf-internal.c:1545)
         n1: 1024 0x4A1EA3C: __printf_chk (printf_chk.c:33)
          n0: 1024 0x10931F: main (in /home/alan/Documentos/perfectsquare/pfsqat)
 n1: 1280 0x10B324: pares_perfectos (in /home/alan/Documentos/perfectsquare/pfsqat)
  n0: 1280 0x1093E3: main (in /home/alan/Documentos/perfectsquare/pfsqat)
 n1: 1200 0x10B01F: initialize (in /home/alan/Documentos/perfectsquare/pfsqat)
  n0: 1200 0x10931F: main (in /home/alan/Documentos/perfectsquare/pfsqat)
 n2: 256 0x10A14E: insertPath_AVL (in /home/alan/Documentos/perfectsquare/pfsqat)
  n2: 192 0x10A01A: insertPath_AVL (in /home/alan/Documentos/perfectsquare/pfsqat)
   n2: 128 0x10A078: insertPath_AVL (in /home/alan/Documentos/perfectsquare/pfsqat)
    n2: 96 0x10A078: insertPath_AVL (in /home/alan/Documentos/perfectsquare/pfsqat)
     n0: 96 0x1096B9: main (in /home/alan/Documentos/perfectsquare/pfsqat)
     n0: 0 in 2 places, all below massif's threshold (1.00%)
    n0: 32 in 2 places, all below massif's threshold (1.00%)
   n0: 64 in 2 places, all below massif's threshold (1.00%)
  n0: 64 in 2 places, all below massif's threshold (1.00%)
 n1: 160 0x10B395: pares_perfectos (in /home/alan/Documentos/perfectsquare/pfsqat)
  n0: 160 0x1093E3: main (in /home/alan/Documentos/perfectsquare/pfsqat)
 n0: 16 in 4 places, all below massif's threshold (1.00%)
#-----------
snapshot=54
#-----------
time=6412343676
mem_heap_B=8064
mem_heap_extra_B=824
mem_stacks_B=0
heap_tree=empty
#-----------
snapshot=55
#-----------
time=6491949750
mem_heap_B=8064
mem_heap_extra_B=824
mem_stacks_B=0
heap_tree=empty
#-----------
snapshot=56
#-----------
time=6571555316
mem_heap_B=8000
mem_heap_extra_B=808
mem_stacks_B=0
heap_tree=empty
#-----------
snapshot=57
#-----------
time=6651160886
mem_heap_B=8064
mem_heap_extra_B=824
mem_stacks_B=0
heap_tree=empty
#-----------
snapshot=58
#-----------
time=6730766571
mem_heap_B=8064
mem_heap_extra_B=832
mem_stacks_B=0
heap_tree=empty
#-----------
snapshot=59
#-----------
time=6810372629
mem_heap_B=8064
mem_heap_extra_B=824
mem_stacks_B=0
heap_tree=empty
#-----------
snapshot=60
#-----------
time=6889978288
mem_heap_B=8064
mem_heap_extra_B=824
mem_stacks_B=0
heap_tree=empty
#-----------
snapshot=61
#-----------
time=6969583994
mem_heap_B=8080
mem_heap_extra_B=832
mem_stacks_B=0
heap_tree=empty
#-----------
snapshot=62
#-----------
time=7049189560
mem_heap_B=8080
mem_heap_extra_B=832
mem_stacks_B=0
heap_tree=empty
#-----------
snapshot=63
#-----------
time=7128795352
mem_heap_B=8080
mem_heap_extra_B=832
mem_stacks_B=0
heap_tree=detailed
n6: 8080 (heap allocation functions) malloc/new/new[], --alloc-fns, etc.
 n1: 5120 0x496C1B4: _IO_file_doallocate (filedoalloc.c:101)
  n2: 5120 0x497C523: _IO_doallocbuf (genops.c:347)
   n1: 4096 0x4979883: _IO_file_underflow@@GLIBC_2.2.5 (fileops.c:486)
    n1: 4096 0x497C5D1: _IO_default_uflow (genops.c:362)
     n1: 4096 0x49531C3: __vfscanf_internal (vfscanf-internal.c:676)
      n1: 4096 0x4946EC5: __isoc99_scanf (isoc99_scanf.c:30)
       n0: 4096 0x109350: main (in /home/alan/Documentos/perfectsquare/pfsqat)
   n1: 1024 0x4979F8F: _IO_file_overflow@@GLIBC_2.2.5 (fileops.c:745)
    n1: 1024 0x497AAAE: _IO_new_file_xsputn (fileops.c:1244)
     n1: 1024 0x497AAAE: _IO_file_xsputn@@GLIBC_2.2.5 (fileops.c:1197)
      n1: 1024 0x4947CC8: __printf_buffer_flush_to_file (printf_buffer_to_file.c:59)
       n1: 1024 0x4947CC8: __printf_buffer_to_file_done (printf_buffer_to_file.c:120)
        n1: 1024 0x4952742: __vfprintf_internal (vfprintf-internal.c:1545)
         n1: 1024 0x4A1EA3C: __printf_chk (printf_chk.c:33)
          n0: 1024 0x10931F: main (in /home/alan/Documentos/perfectsquare/pfsqat)
 n1: 1280 0x10B324: pares_perfectos (in /home/alan/Documentos/perfectsquare/pfsqat)
  n0: 1280 0x1093E3: main (in /home/alan/Documentos/perfectsquare/pfsqat)
 n1: 1200 0x10B01F: initialize (in /home/alan/Documentos/perfectsquare/pfsqat)
  n0: 1200 0x10931F: main (in /home/alan/Documentos/perfectsquare/pfsqat)
 n3: 288 0x10A14E: insertPath_AVL (in /home/alan/Documentos/perfectsquare/pfsqat)
  n2: 160 0x10A01A: insertPath_AVL (in /home/alan/Documentos/perfectsquare/pfsqat)
   n1: 128 0x10A078: insertPath_AVL (in /home/alan/Documentos/perfectsquare/pfsqat)
    n0: 128 in 3 places, all below massif's threshold (1.00%)
   n0: 32 in 2 places, all below massif's threshold (1.00%)
  n2: 128 0x10A078: insertPath_AVL (in /home/alan/Documentos/perfectsquare/pfsqat)
   n1: 96 0x10A078: insertPath_AVL (in /home/alan/Documentos/perfectsquare/pfsqat)
    n0: 96 in 3 places, all below massif's threshold (1.00%)
   n0: 32 in 2 places, all below massif's threshold (1.00%)
  n0: 0 in 1 place, below massif's threshold (1.00%)
 n1: 160 0x10B395: pares_perfectos (in /home/alan/Documentos/perfectsquare/pfsqat)
  n0: 160 0x1093E3: main (in /home/alan/Documentos/perfectsquare/pfsqat)
 n0: 32 in 4 places, all below massif's threshold (1.00%)
#-----------
snapshot=64
#-----------
time=7208400924
mem_heap_B=8064
mem_heap_extra_B=832
mem_stacks_B=0
heap_tree=empty
#-----------
snapshot=65
#-----------
time=7288006523
mem_heap_B=8048
mem_heap_extra_B=824
mem_stacks_B=0
heap_tree=empty
#-----------
snapshot=66
#-----------
time=7367612129
mem_heap_B=7968
mem_heap_extra_B=800
mem_stacks_B=0
heap_tree=empty
#-----------
snapshot=67
#-----------
time=7447217753
mem_heap_B=8064
mem_heap_extra_B=824
mem_stacks_B=0
heap_tree=empty
#-----------
snapshot=68
#-----------
time=7526823382
mem_heap_B=8096
mem_heap_extra_B=832
mem_stacks_B=0
heap_tree=empty
#-----------
snapshot=69
#-----------
time=7606429001
mem_heap_B=8000
mem_heap_extra_B=808
mem_stacks_B=0
heap_tree=empty
#-----------
snapshot=70
#-----------
time=7686034816
mem_heap_B=8064
mem_heap_extra_B=824
mem_stacks_B=0
heap_tree=empty
#-----------
snapshot=71
#-----------
time=7765640499
mem_heap_B=8080
mem_heap_extra_B=832
mem_stacks_B=0
heap_tree=empty
#-----------
snapshot=72
#-----------
time=7845246154
mem_heap_B=8000
mem_heap_extra_B=808
mem_stacks_B=0
heap_tree=empty
#-----------
snapshot=73
#-----------
time=7924851682
mem_heap_B=8064
mem_heap_extra_B=824
mem_stacks_B=0
heap_tree=detailed
n6: 8064 (heap allocation functions) malloc/new/new[], --alloc-fns, etc.
 n1: 5120 0x496C1B4: _IO_file_doallocate (filedoalloc.c:101)
  n2: 5120 0x497C523: _IO_doallocbuf (genops.c:347)
   n1: 4096 0x4979883: _IO_file_underflow@@GLIBC_2.2.5 (fileops.c:486)
    n1: 4096 0x497C5D1: _IO_default_uflow (genops.c:362)
     n1: 4096 0x49531C3: __vfscanf_internal (vfscanf-internal.c:676)
      n1: 4096 0x4946EC5: __isoc99_scanf (isoc99_scanf.c:30)
       n0: 4096 0x109350: main (in /home/alan/Documentos/perfectsquare/pfsqat)
   n1: 1024 0x4979F8F: _IO_file_overflow@@GLIBC_2.2.5 (fileops.c:745)
    n1: 1024 0x497AAAE: _IO_new_file_xsputn (fileops.c:1244)
     n1: 1024 0x497AAAE: _IO_file_xsputn@@GLIBC_2.2.5 (fileops.c:1197)
      n1: 1024 0x4947CC8: __printf_buffer_flush_to_file (printf_buffer_to_file.c:59)
       n1: 1024 0x4947CC8: __printf_buffer_to_file_done (printf_buffer_to_file.c:120)
        n1: 1024 0x4952742: __vfprintf_internal (vfprintf-internal.c:1545)
         n1: 1024 0x4A1EA3C: __printf_chk (printf_chk.c:33)
          n0: 1024 0x10931F: main (in /home/alan/Documentos/perfectsquare/pfsqat)
 n1: 1280 0x10B324: pares_perfectos (in /home/alan/Documentos/perfectsquare/pfsqat)
  n0: 1280 0x1093E3: main (in /home/alan/Documentos/perfectsquare/pfsqat)
 n1: 1200 0x10B01F: initialize (in /home/alan/Documentos/perfectsquare/pfsqat)
  n0: 1200 0x10931F: main (in /home/alan/Documentos/perfectsquare/pfsqat)
 n3: 288 0x10A14E: insertPath_AVL (in /home/alan/Documentos/perfectsquare/pfsqat)
  n2: 160 0x10A078: insertPath_AVL (in /home/alan/Documentos/perfectsquare/pfsqat)
   n1: 128 0x10A01A: insertPath_AVL (in /home/alan/Documentos/perfectsquare/pfsqat)
    n0: 128 in 3 places, all below massif's threshold (1.00%)
   n0: 32 in 2 places, all below massif's threshold (1.00%)
  n2: 128 0x10A01A: insertPath_AVL (in /home/alan/Documentos/perfectsquare/pfsqat)
   n1: 128 0x10A078: insertPath_AVL (in /home/alan/Documentos/perfectsquare/pfsqat)
    n0: 128 in 3 places, all below massif's threshold (1.00%)
   n0: 0 in 2 places, all below massif's threshold (1.00%)
  n0: 0 in 1 place, below massif's threshold (1.00%)
 n1: 160 0x10B395: pares_perfectos (in /home/alan/Documentos/perfectsquare/pfsqat)
  n0: 160 0x1093E3: main (in /home/alan/Documentos/perfectsquare/pfsqat)
 n0: 16 in 4 places, all below massif's threshold (1.00%)
#-----------
snapshot=74
#-----------
time=8004457376
mem_heap_B=8064
mem_heap_extra_B=824
mem_stacks_B=0
heap_tree=empty
#-----------
snapshot=75
#-----------
time=8084062894
mem_heap_B=8064
mem_heap_extra_B=824
mem_stacks_B=0
heap_tree=empty
#-----------
snapshot=76
#-----------
time=8163668648
mem_heap_B=8080
mem_heap_extra_B=832
mem_stacks_B=0
heap_tree=empty
#-----------
snapshot=77
#-----------
time=8243274274
mem_heap_B=8096
mem_heap_extra_B=832
mem_stacks_B=0
heap_tree=empty
