desc: --massif-out-file=massif_classic.out
cmd: ./pfsqclassic 10 1
time_unit: i
#-----------
snapshot=0
#-----------
time=0
mem_heap_B=0
mem_heap_extra_B=0
mem_stacks_B=0
heap_tree=empty
#-----------
snapshot=1
#-----------
time=343955
mem_heap_B=8080
mem_heap_extra_B=904
mem_stacks_B=0
heap_tree=peak
n6: 8080 (heap allocation functions) malloc/new/new[], --alloc-fns, etc.
 n1: 5120 0x48E81B4: _IO_file_doallocate (filedoalloc.c:101)
  n2: 5120 0x48F8523: _IO_doallocbuf (genops.c:347)
   n1: 4096 0x48F5883: _IO_file_underflow@@GLIBC_2.2.5 (fileops.c:486)
    n1: 4096 0x48F85D1: _IO_default_uflow (genops.c:362)
     n1: 4096 0x48CF1C3: __vfscanf_internal (vfscanf-internal.c:676)
      n1: 4096 0x48C2EC5: __isoc99_scanf (isoc99_scanf.c:30)
       n1: 4096 0x109E00: ReadData (in /home/alan/Documentos/perfectsquare/pfsqclassic)
        n0: 4096 0x10922B: main (in /home/alan/Documentos/perfectsquare/pfsqclassic)
   n1: 1024 0x48F5F8F: _IO_file_overflow@@GLIBC_2.2.5 (fileops.c:745)
    n1: 1024 0x48F6AAE: _IO_new_file_xsputn (fileops.c:1244)
     n1: 1024 0x48F6AAE: _IO_file_xsputn@@GLIBC_2.2.5 (fileops.c:1197)
      n1: 1024 0x48C3CC8: __printf_buffer_flush_to_file (printf_buffer_to_file.c:59)
       n1: 1024 0x48C3CC8: __printf_buffer_to_file_done (printf_buffer_to_file.c:120)
        n1: 1024 0x48CE742: __vfprintf_internal (vfprintf-internal.c:1545)
         n1: 1024 0x499AA3C: __printf_chk (printf_chk.c:33)
          n0: 1024 0x109219: main (in /home/alan/Documentos/perfectsquare/pfsqclassic)
 n1: 1440 0x109EFB: pares_perfectos (in /home/alan/Documentos/perfectsquare/pfsqclassic)
  n0: 1440 0x109238: main (in /home/alan/Documentos/perfectsquare/pfsqclassic)
 n1: 1200 0x109BAF: initialize (in /home/alan/Documentos/perfectsquare/pfsqclassic)
  n0: 1200 0x109219: main (in /home/alan/Documentos/perfectsquare/pfsqclassic)
 n1: 144 0x109E7B: pares_perfectos (in /home/alan/Documentos/perfectsquare/pfsqclassic)
  n0: 144 0x109238: main (in /home/alan/Documentos/perfectsquare/pfsqclassic)
 n1: 128 0x10A096: llenarAlcance (in /home/alan/Documentos/perfectsquare/pfsqclassic)
  n0: 128 0x1094B4: main (in /home/alan/Documentos/perfectsquare/pfsqclassic)
 n0: 48 in 3 places, all below massif's threshold (1.00%)
#-----------
snapshot=2
#-----------
time=111602007
mem_heap_B=8080
mem_heap_extra_B=904
mem_stacks_B=0
heap_tree=detailed
n6: 8080 (heap allocation functions) malloc/new/new[], --alloc-fns, etc.
 n1: 5120 0x48E81B4: _IO_file_doallocate (filedoalloc.c:101)
  n2: 5120 0x48F8523: _IO_doallocbuf (genops.c:347)
   n1: 4096 0x48F5883: _IO_file_underflow@@GLIBC_2.2.5 (fileops.c:486)
    n1: 4096 0x48F85D1: _IO_default_uflow (genops.c:362)
     n1: 4096 0x48CF1C3: __vfscanf_internal (vfscanf-internal.c:676)
      n1: 4096 0x48C2EC5: __isoc99_scanf (isoc99_scanf.c:30)
       n1: 4096 0x109E00: ReadData (in /home/alan/Documentos/perfectsquare/pfsqclassic)
        n0: 4096 0x10922B: main (in /home/alan/Documentos/perfectsquare/pfsqclassic)
   n1: 1024 0x48F5F8F: _IO_file_overflow@@GLIBC_2.2.5 (fileops.c:745)
    n1: 1024 0x48F6AAE: _IO_new_file_xsputn (fileops.c:1244)
     n1: 1024 0x48F6AAE: _IO_file_xsputn@@GLIBC_2.2.5 (fileops.c:1197)
      n1: 1024 0x48C3CC8: __printf_buffer_flush_to_file (printf_buffer_to_file.c:59)
       n1: 1024 0x48C3CC8: __printf_buffer_to_file_done (printf_buffer_to_file.c:120)
        n1: 1024 0x48CE742: __vfprintf_internal (vfprintf-internal.c:1545)
         n1: 1024 0x499AA3C: __printf_chk (printf_chk.c:33)
          n0: 1024 0x109219: main (in /home/alan/Documentos/perfectsquare/pfsqclassic)
 n1: 1440 0x109EFB: pares_perfectos (in /home/alan/Documentos/perfectsquare/pfsqclassic)
  n0: 1440 0x109238: main (in /home/alan/Documentos/perfectsquare/pfsqclassic)
 n1: 1200 0x109BAF: initialize (in /home/alan/Documentos/perfectsquare/pfsqclassic)
  n0: 1200 0x109219: main (in /home/alan/Documentos/perfectsquare/pfsqclassic)
 n1: 144 0x109E7B: pares_perfectos (in /home/alan/Documentos/perfectsquare/pfsqclassic)
  n0: 144 0x109238: main (in /home/alan/Documentos/perfectsquare/pfsqclassic)
 n0: 128 0x109475: main (in /home/alan/Documentos/perfectsquare/pfsqclassic)
 n0: 48 in 4 places, all below massif's threshold (1.00%)
#-----------
snapshot=3
#-----------
time=313240612
mem_heap_B=8080
mem_heap_extra_B=904
mem_stacks_B=0
heap_tree=empty
#-----------
snapshot=4
#-----------
time=433970162
mem_heap_B=8080
mem_heap_extra_B=904
mem_stacks_B=0
heap_tree=empty
#-----------
snapshot=5
#-----------
time=539286968
mem_heap_B=8080
mem_heap_extra_B=904
mem_stacks_B=0
heap_tree=empty
#-----------
snapshot=6
#-----------
time=668151340
mem_heap_B=8064
mem_heap_extra_B=896
mem_stacks_B=0
heap_tree=empty
#-----------
snapshot=7
#-----------
time=817362173
mem_heap_B=8080
mem_heap_extra_B=904
mem_stacks_B=0
heap_tree=empty
#-----------
snapshot=8
#-----------
time=976065547
mem_heap_B=8064
mem_heap_extra_B=896
mem_stacks_B=0
heap_tree=empty
#-----------
snapshot=9
#-----------
time=1073728503
mem_heap_B=8016
mem_heap_extra_B=872
mem_stacks_B=0
heap_tree=detailed
n5: 8016 (heap allocation functions) malloc/new/new[], --alloc-fns, etc.
 n1: 5120 0x48E81B4: _IO_file_doallocate (filedoalloc.c:101)
  n2: 5120 0x48F8523: _IO_doallocbuf (genops.c:347)
   n1: 4096 0x48F5883: _IO_file_underflow@@GLIBC_2.2.5 (fileops.c:486)
    n1: 4096 0x48F85D1: _IO_default_uflow (genops.c:362)
     n1: 4096 0x48CF1C3: __vfscanf_internal (vfscanf-internal.c:676)
      n1: 4096 0x48C2EC5: __isoc99_scanf (isoc99_scanf.c:30)
       n1: 4096 0x109E00: ReadData (in /home/alan/Documentos/perfectsquare/pfsqclassic)
        n0: 4096 0x10922B: main (in /home/alan/Documentos/perfectsquare/pfsqclassic)
   n1: 1024 0x48F5F8F: _IO_file_overflow@@GLIBC_2.2.5 (fileops.c:745)
    n1: 1024 0x48F6AAE: _IO_new_file_xsputn (fileops.c:1244)
     n1: 1024 0x48F6AAE: _IO_file_xsputn@@GLIBC_2.2.5 (fileops.c:1197)
      n1: 1024 0x48C3CC8: __printf_buffer_flush_to_file (printf_buffer_to_file.c:59)
       n1: 1024 0x48C3CC8: __printf_buffer_to_file_done (printf_buffer_to_file.c:120)
        n1: 1024 0x48CE742: __vfprintf_internal (vfprintf-internal.c:1545)
         n1: 1024 0x499AA3C: __printf_chk (printf_chk.c:33)
          n0: 1024 0x109219: main (in /home/alan/Documentos/perfectsquare/pfsqclassic)
 n1: 1440 0x109EFB: pares_perfectos (in /home/alan/Documentos/perfectsquare/pfsqclassic)
  n0: 1440 0x109238: main (in /home/alan/Documentos/perfectsquare/pfsqclassic)
 n1: 1200 0x109BAF: initialize (in /home/alan/Documentos/perfectsquare/pfsqclassic)
  n0: 1200 0x109219: main (in /home/alan/Documentos/perfectsquare/pfsqclassic)
 n1: 144 0x109E7B: pares_perfectos (in /home/alan/Documentos/perfectsquare/pfsqclassic)
  n0: 144 0x109238: main (in /home/alan/Documentos/perfectsquare/pfsqclassic)
 n0: 112 in 5 places, all below massif's threshold (1.00%)
#-----------
snapshot=10
#-----------
time=1247350439
mem_heap_B=8064
mem_heap_extra_B=896
mem_stacks_B=0
heap_tree=empty
#-----------
snapshot=11
#-----------
time=1399269259
mem_heap_B=8000
mem_heap_extra_B=864
mem_stacks_B=0
heap_tree=detailed
n5: 8000 (heap allocation functions) malloc/new/new[], --alloc-fns, etc.
 n1: 5120 0x48E81B4: _IO_file_doallocate (filedoalloc.c:101)
  n2: 5120 0x48F8523: _IO_doallocbuf (genops.c:347)
   n1: 4096 0x48F5883: _IO_file_underflow@@GLIBC_2.2.5 (fileops.c:486)
    n1: 4096 0x48F85D1: _IO_default_uflow (genops.c:362)
     n1: 4096 0x48CF1C3: __vfscanf_internal (vfscanf-internal.c:676)
      n1: 4096 0x48C2EC5: __isoc99_scanf (isoc99_scanf.c:30)
       n1: 4096 0x109E00: ReadData (in /home/alan/Documentos/perfectsquare/pfsqclassic)
        n0: 4096 0x10922B: main (in /home/alan/Documentos/perfectsquare/pfsqclassic)
   n1: 1024 0x48F5F8F: _IO_file_overflow@@GLIBC_2.2.5 (fileops.c:745)
    n1: 1024 0x48F6AAE: _IO_new_file_xsputn (fileops.c:1244)
     n1: 1024 0x48F6AAE: _IO_file_xsputn@@GLIBC_2.2.5 (fileops.c:1197)
      n1: 1024 0x48C3CC8: __printf_buffer_flush_to_file (printf_buffer_to_file.c:59)
       n1: 1024 0x48C3CC8: __printf_buffer_to_file_done (printf_buffer_to_file.c:120)
        n1: 1024 0x48CE742: __vfprintf_internal (vfprintf-internal.c:1545)
         n1: 1024 0x499AA3C: __printf_chk (printf_chk.c:33)
          n0: 1024 0x109219: main (in /home/alan/Documentos/perfectsquare/pfsqclassic)
 n1: 1440 0x109EFB: pares_perfectos (in /home/alan/Documentos/perfectsquare/pfsqclassic)
  n0: 1440 0x109238: main (in /home/alan/Documentos/perfectsquare/pfsqclassic)
 n1: 1200 0x109BAF: initialize (in /home/alan/Documentos/perfectsquare/pfsqclassic)
  n0: 1200 0x109219: main (in /home/alan/Documentos/perfectsquare/pfsqclassic)
 n1: 144 0x109E7B: pares_perfectos (in /home/alan/Documentos/perfectsquare/pfsqclassic)
  n0: 144 0x109238: main (in /home/alan/Documentos/perfectsquare/pfsqclassic)
 n0: 96 in 5 places, all below massif's threshold (1.00%)
#-----------
snapshot=12
#-----------
time=1552620566
mem_heap_B=8064
mem_heap_extra_B=896
mem_stacks_B=0
heap_tree=empty
#-----------
snapshot=13
#-----------
time=1740689918
mem_heap_B=8064
mem_heap_extra_B=896
mem_stacks_B=0
heap_tree=empty
#-----------
snapshot=14
#-----------
time=1909952376
mem_heap_B=8048
mem_heap_extra_B=888
mem_stacks_B=0
heap_tree=empty
#-----------
snapshot=15
#-----------
time=2098022063
mem_heap_B=8032
mem_heap_extra_B=880
mem_stacks_B=0
heap_tree=empty
#-----------
snapshot=16
#-----------
time=2229670917
mem_heap_B=8064
mem_heap_extra_B=896
mem_stacks_B=0
heap_tree=empty
#-----------
snapshot=17
#-----------
time=2304898503
mem_heap_B=8080
mem_heap_extra_B=904
mem_stacks_B=0
heap_tree=empty
#-----------
snapshot=18
#-----------
time=2491536282
mem_heap_B=8048
mem_heap_extra_B=888
mem_stacks_B=0
heap_tree=empty
#-----------
snapshot=19
#-----------
time=2621752750
mem_heap_B=8064
mem_heap_extra_B=896
mem_stacks_B=0
heap_tree=detailed
n6: 8064 (heap allocation functions) malloc/new/new[], --alloc-fns, etc.
 n1: 5120 0x48E81B4: _IO_file_doallocate (filedoalloc.c:101)
  n2: 5120 0x48F8523: _IO_doallocbuf (genops.c:347)
   n1: 4096 0x48F5883: _IO_file_underflow@@GLIBC_2.2.5 (fileops.c:486)
    n1: 4096 0x48F85D1: _IO_default_uflow (genops.c:362)
     n1: 4096 0x48CF1C3: __vfscanf_internal (vfscanf-internal.c:676)
      n1: 4096 0x48C2EC5: __isoc99_scanf (isoc99_scanf.c:30)
       n1: 4096 0x109E00: ReadData (in /home/alan/Documentos/perfectsquare/pfsqclassic)
        n0: 4096 0x10922B: main (in /home/alan/Documentos/perfectsquare/pfsqclassic)
   n1: 1024 0x48F5F8F: _IO_file_overflow@@GLIBC_2.2.5 (fileops.c:745)
    n1: 1024 0x48F6AAE: _IO_new_file_xsputn (fileops.c:1244)
     n1: 1024 0x48F6AAE: _IO_file_xsputn@@GLIBC_2.2.5 (fileops.c:1197)
      n1: 1024 0x48C3CC8: __printf_buffer_flush_to_file (printf_buffer_to_file.c:59)
       n1: 1024 0x48C3CC8: __printf_buffer_to_file_done (printf_buffer_to_file.c:120)
        n1: 1024 0x48CE742: __vfprintf_internal (vfprintf-internal.c:1545)
         n1: 1024 0x499AA3C: __printf_chk (printf_chk.c:33)
          n0: 1024 0x109219: main (in /home/alan/Documentos/perfectsquare/pfsqclassic)
 n1: 1440 0x109EFB: pares_perfectos (in /home/alan/Documentos/perfectsquare/pfsqclassic)
  n0: 1440 0x109238: main (in /home/alan/Documentos/perfectsquare/pfsqclassic)
 n1: 1200 0x109BAF: initialize (in /home/alan/Documentos/perfectsquare/pfsqclassic)
  n0: 1200 0x109219: main (in /home/alan/Documentos/perfectsquare/pfsqclassic)
 n1: 144 0x109E7B: pares_perfectos (in /home/alan/Documentos/perfectsquare/pfsqclassic)
  n0: 144 0x109238: main (in /home/alan/Documentos/perfectsquare/pfsqclassic)
 n0: 112 0x109475: main (in /home/alan/Documentos/perfectsquare/pfsqclassic)
 n0: 48 in 4 places, all below massif's threshold (1.00%)
#-----------
snapshot=20
#-----------
time=2817078234
mem_heap_B=8064
mem_heap_extra_B=896
mem_stacks_B=0
heap_tree=empty
#-----------
snapshot=21
#-----------
time=2979849151
mem_heap_B=8064
mem_heap_extra_B=896
mem_stacks_B=0
heap_tree=empty
#-----------
snapshot=22
#-----------
time=3142619701
mem_heap_B=8080
mem_heap_extra_B=904
mem_stacks_B=0
heap_tree=empty
#-----------
snapshot=23
#-----------
time=3305390978
mem_heap_B=8080
mem_heap_extra_B=904
mem_stacks_B=0
heap_tree=empty
#-----------
snapshot=24
#-----------
time=3468161762
mem_heap_B=8064
mem_heap_extra_B=896
mem_stacks_B=0
heap_tree=empty
#-----------
snapshot=25
#-----------
time=3598378353
mem_heap_B=8080
mem_heap_extra_B=904
mem_stacks_B=0
heap_tree=detailed
n6: 8080 (heap allocation functions) malloc/new/new[], --alloc-fns, etc.
 n1: 5120 0x48E81B4: _IO_file_doallocate (filedoalloc.c:101)
  n2: 5120 0x48F8523: _IO_doallocbuf (genops.c:347)
   n1: 4096 0x48F5883: _IO_file_underflow@@GLIBC_2.2.5 (fileops.c:486)
    n1: 4096 0x48F85D1: _IO_default_uflow (genops.c:362)
     n1: 4096 0x48CF1C3: __vfscanf_internal (vfscanf-internal.c:676)
      n1: 4096 0x48C2EC5: __isoc99_scanf (isoc99_scanf.c:30)
       n1: 4096 0x109E00: ReadData (in /home/alan/Documentos/perfectsquare/pfsqclassic)
        n0: 4096 0x10922B: main (in /home/alan/Documentos/perfectsquare/pfsqclassic)
   n1: 1024 0x48F5F8F: _IO_file_overflow@@GLIBC_2.2.5 (fileops.c:745)
    n1: 1024 0x48F6AAE: _IO_new_file_xsputn (fileops.c:1244)
     n1: 1024 0x48F6AAE: _IO_file_xsputn@@GLIBC_2.2.5 (fileops.c:1197)
      n1: 1024 0x48C3CC8: __printf_buffer_flush_to_file (printf_buffer_to_file.c:59)
       n1: 1024 0x48C3CC8: __printf_buffer_to_file_done (printf_buffer_to_file.c:120)
        n1: 1024 0x48CE742: __vfprintf_internal (vfprintf-internal.c:1545)
         n1: 1024 0x499AA3C: __printf_chk (printf_chk.c:33)
          n0: 1024 0x109219: main (in /home/alan/Documentos/perfectsquare/pfsqclassic)
 n1: 1440 0x109EFB: pares_perfectos (in /home/alan/Documentos/perfectsquare/pfsqclassic)
  n0: 1440 0x109238: main (in /home/alan/Documentos/perfectsquare/pfsqclassic)
 n1: 1200 0x109BAF: initialize (in /home/alan/Documentos/perfectsquare/pfsqclassic)
  n0: 1200 0x109219: main (in /home/alan/Documentos/perfectsquare/pfsqclassic)
 n1: 144 0x109E7B: pares_perfectos (in /home/alan/Documentos/perfectsquare/pfsqclassic)
  n0: 144 0x109238: main (in /home/alan/Documentos/perfectsquare/pfsqclassic)
 n0: 128 0x109475: main (in /home/alan/Documentos/perfectsquare/pfsqclassic)
 n0: 48 in 4 places, all below massif's threshold (1.00%)
#-----------
snapshot=26
#-----------
time=3761149337
mem_heap_B=8064
mem_heap_extra_B=896
mem_stacks_B=0
heap_tree=empty
#-----------
snapshot=27
#-----------
time=3923919857
mem_heap_B=8064
mem_heap_extra_B=896
mem_stacks_B=0
heap_tree=detailed
n6: 8064 (heap allocation functions) malloc/new/new[], --alloc-fns, etc.
 n1: 5120 0x48E81B4: _IO_file_doallocate (filedoalloc.c:101)
  n2: 5120 0x48F8523: _IO_doallocbuf (genops.c:347)
   n1: 4096 0x48F5883: _IO_file_underflow@@GLIBC_2.2.5 (fileops.c:486)
    n1: 4096 0x48F85D1: _IO_default_uflow (genops.c:362)
     n1: 4096 0x48CF1C3: __vfscanf_internal (vfscanf-internal.c:676)
      n1: 4096 0x48C2EC5: __isoc99_scanf (isoc99_scanf.c:30)
       n1: 4096 0x109E00: ReadData (in /home/alan/Documentos/perfectsquare/pfsqclassic)
        n0: 4096 0x10922B: main (in /home/alan/Documentos/perfectsquare/pfsqclassic)
   n1: 1024 0x48F5F8F: _IO_file_overflow@@GLIBC_2.2.5 (fileops.c:745)
    n1: 1024 0x48F6AAE: _IO_new_file_xsputn (fileops.c:1244)
     n1: 1024 0x48F6AAE: _IO_file_xsputn@@GLIBC_2.2.5 (fileops.c:1197)
      n1: 1024 0x48C3CC8: __printf_buffer_flush_to_file (printf_buffer_to_file.c:59)
       n1: 1024 0x48C3CC8: __printf_buffer_to_file_done (printf_buffer_to_file.c:120)
        n1: 1024 0x48CE742: __vfprintf_internal (vfprintf-internal.c:1545)
         n1: 1024 0x499AA3C: __printf_chk (printf_chk.c:33)
          n0: 1024 0x109219: main (in /home/alan/Documentos/perfectsquare/pfsqclassic)
 n1: 1440 0x109EFB: pares_perfectos (in /home/alan/Documentos/perfectsquare/pfsqclassic)
  n0: 1440 0x109238: main (in /home/alan/Documentos/perfectsquare/pfsqclassic)
 n1: 1200 0x109BAF: initialize (in /home/alan/Documentos/perfectsquare/pfsqclassic)
  n0: 1200 0x109219: main (in /home/alan/Documentos/perfectsquare/pfsqclassic)
 n1: 144 0x109E7B: pares_perfectos (in /home/alan/Documentos/perfectsquare/pfsqclassic)
  n0: 144 0x109238: main (in /home/alan/Documentos/perfectsquare/pfsqclassic)
 n0: 128 0x109475: main (in /home/alan/Documentos/perfectsquare/pfsqclassic)
 n0: 32 in 4 places, all below massif's threshold (1.00%)
#-----------
snapshot=28
#-----------
time=4101870404
mem_heap_B=8032
mem_heap_extra_B=880
mem_stacks_B=0
heap_tree=empty
#-----------
snapshot=29
#-----------
time=4214712261
mem_heap_B=8064
mem_heap_extra_B=896
mem_stacks_B=0
heap_tree=empty
#-----------
snapshot=30
#-----------
time=4327554577
mem_heap_B=8080
mem_heap_extra_B=904
mem_stacks_B=0
heap_tree=empty
#-----------
snapshot=31
#-----------
time=4440396827
mem_heap_B=8080
mem_heap_extra_B=904
mem_stacks_B=0
heap_tree=detailed
n6: 8080 (heap allocation functions) malloc/new/new[], --alloc-fns, etc.
 n1: 5120 0x48E81B4: _IO_file_doallocate (filedoalloc.c:101)
  n2: 5120 0x48F8523: _IO_doallocbuf (genops.c:347)
   n1: 4096 0x48F5883: _IO_file_underflow@@GLIBC_2.2.5 (fileops.c:486)
    n1: 4096 0x48F85D1: _IO_default_uflow (genops.c:362)
     n1: 4096 0x48CF1C3: __vfscanf_internal (vfscanf-internal.c:676)
      n1: 4096 0x48C2EC5: __isoc99_scanf (isoc99_scanf.c:30)
       n1: 4096 0x109E00: ReadData (in /home/alan/Documentos/perfectsquare/pfsqclassic)
        n0: 4096 0x10922B: main (in /home/alan/Documentos/perfectsquare/pfsqclassic)
   n1: 1024 0x48F5F8F: _IO_file_overflow@@GLIBC_2.2.5 (fileops.c:745)
    n1: 1024 0x48F6AAE: _IO_new_file_xsputn (fileops.c:1244)
     n1: 1024 0x48F6AAE: _IO_file_xsputn@@GLIBC_2.2.5 (fileops.c:1197)
      n1: 1024 0x48C3CC8: __printf_buffer_flush_to_file (printf_buffer_to_file.c:59)
       n1: 1024 0x48C3CC8: __printf_buffer_to_file_done (printf_buffer_to_file.c:120)
        n1: 1024 0x48CE742: __vfprintf_internal (vfprintf-internal.c:1545)
         n1: 1024 0x499AA3C: __printf_chk (printf_chk.c:33)
          n0: 1024 0x109219: main (in /home/alan/Documentos/perfectsquare/pfsqclassic)
 n1: 1440 0x109EFB: pares_perfectos (in /home/alan/Documentos/perfectsquare/pfsqclassic)
  n0: 1440 0x109238: main (in /home/alan/Documentos/perfectsquare/pfsqclassic)
 n1: 1200 0x109BAF: initialize (in /home/alan/Documentos/perfectsquare/pfsqclassic)
  n0: 1200 0x109219: main (in /home/alan/Documentos/perfectsquare/pfsqclassic)
 n1: 144 0x109E7B: pares_perfectos (in /home/alan/Documentos/perfectsquare/pfsqclassic)
  n0: 144 0x109238: main (in /home/alan/Documentos/perfectsquare/pfsqclassic)
 n0: 128 0x109475: main (in /home/alan/Documentos/perfectsquare/pfsqclassic)
 n0: 48 in 4 places, all below massif's threshold (1.00%)
#-----------
snapshot=32
#-----------
time=4609659811
mem_heap_B=8064
mem_heap_extra_B=896
mem_stacks_B=0
heap_tree=empty
#-----------
snapshot=33
#-----------
time=4778923170
mem_heap_B=8080
mem_heap_extra_B=904
mem_stacks_B=0
heap_tree=empty
#-----------
snapshot=34
#-----------
time=4891764834
mem_heap_B=8048
mem_heap_extra_B=888
mem_stacks_B=0
heap_tree=empty
#-----------
snapshot=35
#-----------
time=5004606892
mem_heap_B=8048
mem_heap_extra_B=888
mem_stacks_B=0
heap_tree=detailed
n6: 8048 (heap allocation functions) malloc/new/new[], --alloc-fns, etc.
 n1: 5120 0x48E81B4: _IO_file_doallocate (filedoalloc.c:101)
  n2: 5120 0x48F8523: _IO_doallocbuf (genops.c:347)
   n1: 4096 0x48F5883: _IO_file_underflow@@GLIBC_2.2.5 (fileops.c:486)
    n1: 4096 0x48F85D1: _IO_default_uflow (genops.c:362)
     n1: 4096 0x48CF1C3: __vfscanf_internal (vfscanf-internal.c:676)
      n1: 4096 0x48C2EC5: __isoc99_scanf (isoc99_scanf.c:30)
       n1: 4096 0x109E00: ReadData (in /home/alan/Documentos/perfectsquare/pfsqclassic)
        n0: 4096 0x10922B: main (in /home/alan/Documentos/perfectsquare/pfsqclassic)
   n1: 1024 0x48F5F8F: _IO_file_overflow@@GLIBC_2.2.5 (fileops.c:745)
    n1: 1024 0x48F6AAE: _IO_new_file_xsputn (fileops.c:1244)
     n1: 1024 0x48F6AAE: _IO_file_xsputn@@GLIBC_2.2.5 (fileops.c:1197)
      n1: 1024 0x48C3CC8: __printf_buffer_flush_to_file (printf_buffer_to_file.c:59)
       n1: 1024 0x48C3CC8: __printf_buffer_to_file_done (printf_buffer_to_file.c:120)
        n1: 1024 0x48CE742: __vfprintf_internal (vfprintf-internal.c:1545)
         n1: 1024 0x499AA3C: __printf_chk (printf_chk.c:33)
          n0: 1024 0x109219: main (in /home/alan/Documentos/perfectsquare/pfsqclassic)
 n1: 1440 0x109EFB: pares_perfectos (in /home/alan/Documentos/perfectsquare/pfsqclassic)
  n0: 1440 0x109238: main (in /home/alan/Documentos/perfectsquare/pfsqclassic)
 n1: 1200 0x109BAF: initialize (in /home/alan/Documentos/perfectsquare/pfsqclassic)
  n0: 1200 0x109219: main (in /home/alan/Documentos/perfectsquare/pfsqclassic)
 n1: 144 0x109E7B: pares_perfectos (in /home/alan/Documentos/perfectsquare/pfsqclassic)
  n0: 144 0x109238: main (in /home/alan/Documentos/perfectsquare/pfsqclassic)
 n0: 96 0x109475: main (in /home/alan/Documentos/perfectsquare/pfsqclassic)
 n0: 48 in 4 places, all below massif's threshold (1.00%)
#-----------
snapshot=36
#-----------
time=5173869834
mem_heap_B=8064
mem_heap_extra_B=896
mem_stacks_B=0
heap_tree=empty
#-----------
snapshot=37
#-----------
time=5286711925
mem_heap_B=8080
mem_heap_extra_B=904
mem_stacks_B=0
heap_tree=empty
#-----------
snapshot=38
#-----------
time=5399553724
mem_heap_B=8080
mem_heap_extra_B=904
mem_stacks_B=0
heap_tree=empty
#-----------
snapshot=39
#-----------
time=5512395328
mem_heap_B=8064
mem_heap_extra_B=896
mem_stacks_B=0
heap_tree=empty
#-----------
snapshot=40
#-----------
time=5625237830
mem_heap_B=8064
mem_heap_extra_B=896
mem_stacks_B=0
heap_tree=empty
#-----------
snapshot=41
#-----------
time=5738079597
mem_heap_B=8064
mem_heap_extra_B=896
mem_stacks_B=0
heap_tree=empty
#-----------
snapshot=42
#-----------
time=5907342113
mem_heap_B=8064
mem_heap_extra_B=896
mem_stacks_B=0
heap_tree=empty
#-----------
snapshot=43
#-----------
time=6076605613
mem_heap_B=8064
mem_heap_extra_B=896
mem_stacks_B=0
heap_tree=empty
#-----------
snapshot=44
#-----------
time=6189447336
mem_heap_B=8080
mem_heap_extra_B=904
mem_stacks_B=0
heap_tree=empty
#-----------
snapshot=45
#-----------
time=6302289541
mem_heap_B=8048
mem_heap_extra_B=888
mem_stacks_B=0
heap_tree=empty
#-----------
snapshot=46
#-----------
time=6415131276
mem_heap_B=8064
mem_heap_extra_B=896
mem_stacks_B=0
heap_tree=empty
#-----------
snapshot=47
#-----------
time=6527973246
mem_heap_B=8064
mem_heap_extra_B=896
mem_stacks_B=0
heap_tree=empty
#-----------
snapshot=48
#-----------
time=6640814930
mem_heap_B=8064
mem_heap_extra_B=896
mem_stacks_B=0
heap_tree=empty
#-----------
snapshot=49
#-----------
time=6810077508
mem_heap_B=8080
mem_heap_extra_B=904
mem_stacks_B=0
heap_tree=empty
#-----------
snapshot=50
#-----------
time=6885305416
mem_heap_B=8080
mem_heap_extra_B=904
mem_stacks_B=0
heap_tree=empty
#-----------
snapshot=51
#-----------
time=6960533008
mem_heap_B=8080
mem_heap_extra_B=904
mem_stacks_B=0
heap_tree=empty
#-----------
snapshot=52
#-----------
time=7035760668
mem_heap_B=8064
mem_heap_extra_B=896
mem_stacks_B=0
heap_tree=empty
#-----------
snapshot=53
#-----------
time=7110988498
mem_heap_B=8064
mem_heap_extra_B=896
mem_stacks_B=0
heap_tree=empty
#-----------
snapshot=54
#-----------
time=7186216114
mem_heap_B=8064
mem_heap_extra_B=896
mem_stacks_B=0
heap_tree=empty
#-----------
snapshot=55
#-----------
time=7261443771
mem_heap_B=8048
mem_heap_extra_B=888
mem_stacks_B=0
heap_tree=empty
#-----------
snapshot=56
#-----------
time=7336671389
mem_heap_B=8016
mem_heap_extra_B=872
mem_stacks_B=0
heap_tree=empty
