desc: --massif-out-file=massif_tree_new.out
cmd: ./pfsqtree 10 1
time_unit: i
#-----------
snapshot=0
#-----------
time=0
mem_heap_B=0
mem_heap_extra_B=0
mem_stacks_B=0
heap_tree=empty
#-----------
snapshot=1
#-----------
time=375735
mem_heap_B=8000
mem_heap_extra_B=1000
mem_stacks_B=0
heap_tree=peak
n8: 8000 (heap allocation functions) malloc/new/new[], --alloc-fns, etc.
 n1: 5120 0x496C1B4: _IO_file_doallocate (filedoalloc.c:101)
  n2: 5120 0x497C523: _IO_doallocbuf (genops.c:347)
   n1: 4096 0x4979883: _IO_file_underflow@@GLIBC_2.2.5 (fileops.c:486)
    n1: 4096 0x497C5D1: _IO_default_uflow (genops.c:362)
     n1: 4096 0x49531C3: __vfscanf_internal (vfscanf-internal.c:676)
      n1: 4096 0x4946EC5: __isoc99_scanf (isoc99_scanf.c:30)
       n1: 4096 0x10BE50: ReadData (in /home/alan/Documentos/perfectsquare/pfsqtree)
        n0: 4096 0x1092DD: main (in /home/alan/Documentos/perfectsquare/pfsqtree)
   n1: 1024 0x4979F8F: _IO_file_overflow@@GLIBC_2.2.5 (fileops.c:745)
    n1: 1024 0x497AAAE: _IO_new_file_xsputn (fileops.c:1244)
     n1: 1024 0x497AAAE: _IO_file_xsputn@@GLIBC_2.2.5 (fileops.c:1197)
      n1: 1024 0x4947CC8: __printf_buffer_flush_to_file (printf_buffer_to_file.c:59)
       n1: 1024 0x4947CC8: __printf_buffer_to_file_done (printf_buffer_to_file.c:120)
        n1: 1024 0x4952742: __vfprintf_internal (vfprintf-internal.c:1545)
         n1: 1024 0x4A1EA3C: __printf_chk (printf_chk.c:33)
          n0: 1024 0x1092CF: main (in /home/alan/Documentos/perfectsquare/pfsqtree)
 n1: 1120 0x10C017: pares_perfectos (in /home/alan/Documentos/perfectsquare/pfsqtree)
  n0: 1120 0x109348: main (in /home/alan/Documentos/perfectsquare/pfsqtree)
 n1: 800 0x10BC0F: initialize (in /home/alan/Documentos/perfectsquare/pfsqtree)
  n0: 800 0x1092CF: main (in /home/alan/Documentos/perfectsquare/pfsqtree)
 n2: 400 0x10A213: insert_AVL (in /home/alan/Documentos/perfectsquare/pfsqtree)
  n2: 360 0x10A0CA: insert_AVL (in /home/alan/Documentos/perfectsquare/pfsqtree)
   n2: 320 0x10A0CA: insert_AVL (in /home/alan/Documentos/perfectsquare/pfsqtree)
    n2: 240 0x10A0CA: insert_AVL (in /home/alan/Documentos/perfectsquare/pfsqtree)
     n1: 160 0x10BF5B: pares_perfectos (in /home/alan/Documentos/perfectsquare/pfsqtree)
      n0: 160 0x109348: main (in /home/alan/Documentos/perfectsquare/pfsqtree)
     n0: 80 in 1 place, below massif's threshold (1.00%)
    n0: 80 in 1 place, below massif's threshold (1.00%)
   n0: 40 in 1 place, below massif's threshold (1.00%)
  n0: 40 in 1 place, below massif's threshold (1.00%)
 n1: 160 0x10AECE: insertPath_AVL (in /home/alan/Documentos/perfectsquare/pfsqtree)
  n0: 160 in 3 places, all below massif's threshold (1.00%)
 n1: 160 0x10BF34: pares_perfectos (in /home/alan/Documentos/perfectsquare/pfsqtree)
  n0: 160 0x109348: main (in /home/alan/Documentos/perfectsquare/pfsqtree)
 n1: 160 0x10BFCA: pares_perfectos (in /home/alan/Documentos/perfectsquare/pfsqtree)
  n0: 160 0x109348: main (in /home/alan/Documentos/perfectsquare/pfsqtree)
 n0: 80 in 4 places, all below massif's threshold (1.00%)
#-----------
snapshot=2
#-----------
time=156094225
mem_heap_B=8032
mem_heap_extra_B=976
mem_stacks_B=0
heap_tree=empty
#-----------
snapshot=3
#-----------
time=269671775
mem_heap_B=8080
mem_heap_extra_B=992
mem_stacks_B=0
heap_tree=empty
#-----------
snapshot=4
#-----------
time=419042521
mem_heap_B=8032
mem_heap_extra_B=976
mem_stacks_B=0
heap_tree=empty
#-----------
snapshot=5
#-----------
time=506430654
mem_heap_B=8080
mem_heap_extra_B=992
mem_stacks_B=0
heap_tree=empty
#-----------
snapshot=6
#-----------
time=646250287
mem_heap_B=8048
mem_heap_extra_B=984
mem_stacks_B=0
heap_tree=empty
#-----------
snapshot=7
#-----------
time=758884338
mem_heap_B=8064
mem_heap_extra_B=984
mem_stacks_B=0
heap_tree=empty
#-----------
snapshot=8
#-----------
time=885111854
mem_heap_B=8080
mem_heap_extra_B=992
mem_stacks_B=0
heap_tree=empty
#-----------
snapshot=9
#-----------
time=962790178
mem_heap_B=8080
mem_heap_extra_B=1008
mem_stacks_B=0
heap_tree=empty
#-----------
snapshot=10
#-----------
time=1069598646
mem_heap_B=8016
mem_heap_extra_B=1008
mem_stacks_B=0
heap_tree=empty
#-----------
snapshot=11
#-----------
time=1229773967
mem_heap_B=8096
mem_heap_extra_B=992
mem_stacks_B=0
heap_tree=empty
#-----------
snapshot=12
#-----------
time=1314644820
mem_heap_B=8064
mem_heap_extra_B=984
mem_stacks_B=0
heap_tree=empty
#-----------
snapshot=13
#-----------
time=1416489755
mem_heap_B=8080
mem_heap_extra_B=992
mem_stacks_B=0
heap_tree=detailed
n8: 8080 (heap allocation functions) malloc/new/new[], --alloc-fns, etc.
 n1: 5120 0x496C1B4: _IO_file_doallocate (filedoalloc.c:101)
  n2: 5120 0x497C523: _IO_doallocbuf (genops.c:347)
   n1: 4096 0x4979883: _IO_file_underflow@@GLIBC_2.2.5 (fileops.c:486)
    n1: 4096 0x497C5D1: _IO_default_uflow (genops.c:362)
     n1: 4096 0x49531C3: __vfscanf_internal (vfscanf-internal.c:676)
      n1: 4096 0x4946EC5: __isoc99_scanf (isoc99_scanf.c:30)
       n1: 4096 0x10BE50: ReadData (in /home/alan/Documentos/perfectsquare/pfsqtree)
        n0: 4096 0x1092DD: main (in /home/alan/Documentos/perfectsquare/pfsqtree)
   n1: 1024 0x4979F8F: _IO_file_overflow@@GLIBC_2.2.5 (fileops.c:745)
    n1: 1024 0x497AAAE: _IO_new_file_xsputn (fileops.c:1244)
     n1: 1024 0x497AAAE: _IO_file_xsputn@@GLIBC_2.2.5 (fileops.c:1197)
      n1: 1024 0x4947CC8: __printf_buffer_flush_to_file (printf_buffer_to_file.c:59)
       n1: 1024 0x4947CC8: __printf_buffer_to_file_done (printf_buffer_to_file.c:120)
        n1: 1024 0x4952742: __vfprintf_internal (vfprintf-internal.c:1545)
         n1: 1024 0x4A1EA3C: __printf_chk (printf_chk.c:33)
          n0: 1024 0x1092CF: main (in /home/alan/Documentos/perfectsquare/pfsqtree)
 n1: 1120 0x10C017: pares_perfectos (in /home/alan/Documentos/perfectsquare/pfsqtree)
  n0: 1120 0x109348: main (in /home/alan/Documentos/perfectsquare/pfsqtree)
 n1: 800 0x10BC0F: initialize (in /home/alan/Documentos/perfectsquare/pfsqtree)
  n0: 800 0x1092CF: main (in /home/alan/Documentos/perfectsquare/pfsqtree)
 n2: 400 0x10A213: insert_AVL (in /home/alan/Documentos/perfectsquare/pfsqtree)
  n2: 360 0x10A0CA: insert_AVL (in /home/alan/Documentos/perfectsquare/pfsqtree)
   n2: 320 0x10A0CA: insert_AVL (in /home/alan/Documentos/perfectsquare/pfsqtree)
    n2: 240 0x10A0CA: insert_AVL (in /home/alan/Documentos/perfectsquare/pfsqtree)
     n1: 160 0x10BF5B: pares_perfectos (in /home/alan/Documentos/perfectsquare/pfsqtree)
      n0: 160 0x109348: main (in /home/alan/Documentos/perfectsquare/pfsqtree)
     n0: 80 in 1 place, below massif's threshold (1.00%)
    n0: 80 in 1 place, below massif's threshold (1.00%)
   n0: 40 in 1 place, below massif's threshold (1.00%)
  n0: 40 in 1 place, below massif's threshold (1.00%)
 n2: 288 0x10AECE: insertPath_AVL (in /home/alan/Documentos/perfectsquare/pfsqtree)
  n2: 192 0x10AD9A: insertPath_AVL (in /home/alan/Documentos/perfectsquare/pfsqtree)
   n2: 128 0x10AD9A: insertPath_AVL (in /home/alan/Documentos/perfectsquare/pfsqtree)
    n2: 96 0x10ADF8: insertPath_AVL (in /home/alan/Documentos/perfectsquare/pfsqtree)
     n0: 96 0x109534: main (in /home/alan/Documentos/perfectsquare/pfsqtree)
     n0: 0 in 2 places, all below massif's threshold (1.00%)
    n0: 32 in 2 places, all below massif's threshold (1.00%)
   n0: 64 in 2 places, all below massif's threshold (1.00%)
  n0: 96 in 2 places, all below massif's threshold (1.00%)
 n1: 160 0x10BF34: pares_perfectos (in /home/alan/Documentos/perfectsquare/pfsqtree)
  n0: 160 0x109348: main (in /home/alan/Documentos/perfectsquare/pfsqtree)
 n1: 160 0x10BFCA: pares_perfectos (in /home/alan/Documentos/perfectsquare/pfsqtree)
  n0: 160 0x109348: main (in /home/alan/Documentos/perfectsquare/pfsqtree)
 n0: 32 in 6 places, all below massif's threshold (1.00%)
#-----------
snapshot=14
#-----------
time=1535308753
mem_heap_B=8064
mem_heap_extra_B=984
mem_stacks_B=0
heap_tree=empty
#-----------
snapshot=15
#-----------
time=1654128004
mem_heap_B=8064
mem_heap_extra_B=984
mem_stacks_B=0
heap_tree=empty
#-----------
snapshot=16
#-----------
time=1823870665
mem_heap_B=8064
mem_heap_extra_B=984
mem_stacks_B=0
heap_tree=empty
#-----------
snapshot=17
#-----------
time=1993611352
mem_heap_B=8080
mem_heap_extra_B=1008
mem_stacks_B=0
heap_tree=empty
#-----------
snapshot=18
#-----------
time=2102793473
mem_heap_B=8096
mem_heap_extra_B=992
mem_stacks_B=0
heap_tree=empty
#-----------
snapshot=19
#-----------
time=2219311647
mem_heap_B=7952
mem_heap_extra_B=976
mem_stacks_B=0
heap_tree=empty
#-----------
snapshot=20
#-----------
time=2335829654
mem_heap_B=8064
mem_heap_extra_B=984
mem_stacks_B=0
heap_tree=empty
#-----------
snapshot=21
#-----------
time=2481477553
mem_heap_B=8048
mem_heap_extra_B=984
mem_stacks_B=0
heap_tree=empty
#-----------
snapshot=22
#-----------
time=2568866363
mem_heap_B=8064
mem_heap_extra_B=984
mem_stacks_B=0
heap_tree=empty
#-----------
snapshot=23
#-----------
time=2743643942
mem_heap_B=8064
mem_heap_extra_B=984
mem_stacks_B=0
heap_tree=empty
#-----------
snapshot=24
#-----------
time=2889291640
mem_heap_B=8080
mem_heap_extra_B=992
mem_stacks_B=0
heap_tree=empty
#-----------
snapshot=25
#-----------
time=3034939160
mem_heap_B=8032
mem_heap_extra_B=976
mem_stacks_B=0
heap_tree=empty
#-----------
snapshot=26
#-----------
time=3180586771
mem_heap_B=7936
mem_heap_extra_B=952
mem_stacks_B=0
heap_tree=empty
#-----------
snapshot=27
#-----------
time=3326234842
mem_heap_B=8064
mem_heap_extra_B=984
mem_stacks_B=0
heap_tree=empty
#-----------
snapshot=28
#-----------
time=3442752885
mem_heap_B=8064
mem_heap_extra_B=984
mem_stacks_B=0
heap_tree=empty
#-----------
snapshot=29
#-----------
time=3592236682
mem_heap_B=8064
mem_heap_extra_B=984
mem_stacks_B=0
heap_tree=empty
#-----------
snapshot=30
#-----------
time=3683460920
mem_heap_B=8064
mem_heap_extra_B=992
mem_stacks_B=0
heap_tree=empty
#-----------
snapshot=31
#-----------
time=3774685340
mem_heap_B=8064
mem_heap_extra_B=984
mem_stacks_B=0
heap_tree=empty
#-----------
snapshot=32
#-----------
time=3865909638
mem_heap_B=8032
mem_heap_extra_B=976
mem_stacks_B=0
heap_tree=empty
#-----------
snapshot=33
#-----------
time=3957134126
mem_heap_B=8032
mem_heap_extra_B=976
mem_stacks_B=0
heap_tree=empty
#-----------
snapshot=34
#-----------
time=4048358536
mem_heap_B=8064
mem_heap_extra_B=992
mem_stacks_B=0
heap_tree=empty
#-----------
snapshot=35
#-----------
time=4185195300
mem_heap_B=8080
mem_heap_extra_B=992
mem_stacks_B=0
heap_tree=empty
#-----------
snapshot=36
#-----------
time=4276419954
mem_heap_B=8064
mem_heap_extra_B=984
mem_stacks_B=0
heap_tree=empty
#-----------
snapshot=37
#-----------
time=4413256680
mem_heap_B=8064
mem_heap_extra_B=984
mem_stacks_B=0
heap_tree=empty
#-----------
snapshot=38
#-----------
time=4550093783
mem_heap_B=8064
mem_heap_extra_B=984
mem_stacks_B=0
heap_tree=detailed
n8: 8064 (heap allocation functions) malloc/new/new[], --alloc-fns, etc.
 n1: 5120 0x496C1B4: _IO_file_doallocate (filedoalloc.c:101)
  n2: 5120 0x497C523: _IO_doallocbuf (genops.c:347)
   n1: 4096 0x4979883: _IO_file_underflow@@GLIBC_2.2.5 (fileops.c:486)
    n1: 4096 0x497C5D1: _IO_default_uflow (genops.c:362)
     n1: 4096 0x49531C3: __vfscanf_internal (vfscanf-internal.c:676)
      n1: 4096 0x4946EC5: __isoc99_scanf (isoc99_scanf.c:30)
       n1: 4096 0x10BE50: ReadData (in /home/alan/Documentos/perfectsquare/pfsqtree)
        n0: 4096 0x1092DD: main (in /home/alan/Documentos/perfectsquare/pfsqtree)
   n1: 1024 0x4979F8F: _IO_file_overflow@@GLIBC_2.2.5 (fileops.c:745)
    n1: 1024 0x497AAAE: _IO_new_file_xsputn (fileops.c:1244)
     n1: 1024 0x497AAAE: _IO_file_xsputn@@GLIBC_2.2.5 (fileops.c:1197)
      n1: 1024 0x4947CC8: __printf_buffer_flush_to_file (printf_buffer_to_file.c:59)
       n1: 1024 0x4947CC8: __printf_buffer_to_file_done (printf_buffer_to_file.c:120)
        n1: 1024 0x4952742: __vfprintf_internal (vfprintf-internal.c:1545)
         n1: 1024 0x4A1EA3C: __printf_chk (printf_chk.c:33)
          n0: 1024 0x1092CF: main (in /home/alan/Documentos/perfectsquare/pfsqtree)
 n1: 1120 0x10C017: pares_perfectos (in /home/alan/Documentos/perfectsquare/pfsqtree)
  n0: 1120 0x109348: main (in /home/alan/Documentos/perfectsquare/pfsqtree)
 n1: 800 0x10BC0F: initialize (in /home/alan/Documentos/perfectsquare/pfsqtree)
  n0: 800 0x1092CF: main (in /home/alan/Documentos/perfectsquare/pfsqtree)
 n2: 400 0x10A213: insert_AVL (in /home/alan/Documentos/perfectsquare/pfsqtree)
  n2: 360 0x10A0CA: insert_AVL (in /home/alan/Documentos/perfectsquare/pfsqtree)
   n2: 320 0x10A0CA: insert_AVL (in /home/alan/Documentos/perfectsquare/pfsqtree)
    n2: 240 0x10A0CA: insert_AVL (in /home/alan/Documentos/perfectsquare/pfsqtree)
     n1: 160 0x10BF5B: pares_perfectos (in /home/alan/Documentos/perfectsquare/pfsqtree)
      n0: 160 0x109348: main (in /home/alan/Documentos/perfectsquare/pfsqtree)
     n0: 80 in 1 place, below massif's threshold (1.00%)
    n0: 80 in 1 place, below massif's threshold (1.00%)
   n0: 40 in 1 place, below massif's threshold (1.00%)
  n0: 40 in 1 place, below massif's threshold (1.00%)
 n2: 288 0x10AECE: insertPath_AVL (in /home/alan/Documentos/perfectsquare/pfsqtree)
  n2: 224 0x10AD9A: insertPath_AVL (in /home/alan/Documentos/perfectsquare/pfsqtree)
   n1: 128 0x10AD9A: insertPath_AVL (in /home/alan/Documentos/perfectsquare/pfsqtree)
    n0: 128 in 3 places, all below massif's threshold (1.00%)
   n0: 96 in 2 places, all below massif's threshold (1.00%)
  n0: 64 in 2 places, all below massif's threshold (1.00%)
 n1: 160 0x10BF34: pares_perfectos (in /home/alan/Documentos/perfectsquare/pfsqtree)
  n0: 160 0x109348: main (in /home/alan/Documentos/perfectsquare/pfsqtree)
 n1: 160 0x10BFCA: pares_perfectos (in /home/alan/Documentos/perfectsquare/pfsqtree)
  n0: 160 0x109348: main (in /home/alan/Documentos/perfectsquare/pfsqtree)
 n0: 16 in 6 places, all below massif's threshold (1.00%)
#-----------
snapshot=39
#-----------
time=4686930218
mem_heap_B=8000
mem_heap_extra_B=968
mem_stacks_B=0
heap_tree=empty
#-----------
snapshot=40
#-----------
time=4778154512
mem_heap_B=8096
mem_heap_extra_B=992
mem_stacks_B=0
heap_tree=empty
#-----------
snapshot=41
#-----------
time=4914990880
mem_heap_B=8080
mem_heap_extra_B=992
mem_stacks_B=0
heap_tree=empty
#-----------
snapshot=42
#-----------
time=5006215314
mem_heap_B=8080
mem_heap_extra_B=1008
mem_stacks_B=0
heap_tree=detailed
n8: 8080 (heap allocation functions) malloc/new/new[], --alloc-fns, etc.
 n1: 5120 0x496C1B4: _IO_file_doallocate (filedoalloc.c:101)
  n2: 5120 0x497C523: _IO_doallocbuf (genops.c:347)
   n1: 4096 0x4979883: _IO_file_underflow@@GLIBC_2.2.5 (fileops.c:486)
    n1: 4096 0x497C5D1: _IO_default_uflow (genops.c:362)
     n1: 4096 0x49531C3: __vfscanf_internal (vfscanf-internal.c:676)
      n1: 4096 0x4946EC5: __isoc99_scanf (isoc99_scanf.c:30)
       n1: 4096 0x10BE50: ReadData (in /home/alan/Documentos/perfectsquare/pfsqtree)
        n0: 4096 0x1092DD: main (in /home/alan/Documentos/perfectsquare/pfsqtree)
   n1: 1024 0x4979F8F: _IO_file_overflow@@GLIBC_2.2.5 (fileops.c:745)
    n1: 1024 0x497AAAE: _IO_new_file_xsputn (fileops.c:1244)
     n1: 1024 0x497AAAE: _IO_file_xsputn@@GLIBC_2.2.5 (fileops.c:1197)
      n1: 1024 0x4947CC8: __printf_buffer_flush_to_file (printf_buffer_to_file.c:59)
       n1: 1024 0x4947CC8: __printf_buffer_to_file_done (printf_buffer_to_file.c:120)
        n1: 1024 0x4952742: __vfprintf_internal (vfprintf-internal.c:1545)
         n1: 1024 0x4A1EA3C: __printf_chk (printf_chk.c:33)
          n0: 1024 0x1092CF: main (in /home/alan/Documentos/perfectsquare/pfsqtree)
 n1: 1120 0x10C017: pares_perfectos (in /home/alan/Documentos/perfectsquare/pfsqtree)
  n0: 1120 0x109348: main (in /home/alan/Documentos/perfectsquare/pfsqtree)
 n1: 800 0x10BC0F: initialize (in /home/alan/Documentos/perfectsquare/pfsqtree)
  n0: 800 0x1092CF: main (in /home/alan/Documentos/perfectsquare/pfsqtree)
 n2: 400 0x10A213: insert_AVL (in /home/alan/Documentos/perfectsquare/pfsqtree)
  n2: 360 0x10A0CA: insert_AVL (in /home/alan/Documentos/perfectsquare/pfsqtree)
   n2: 320 0x10A0CA: insert_AVL (in /home/alan/Documentos/perfectsquare/pfsqtree)
    n2: 240 0x10A0CA: insert_AVL (in /home/alan/Documentos/perfectsquare/pfsqtree)
     n1: 160 0x10BF5B: pares_perfectos (in /home/alan/Documentos/perfectsquare/pfsqtree)
      n0: 160 0x109348: main (in /home/alan/Documentos/perfectsquare/pfsqtree)
     n0: 80 in 1 place, below massif's threshold (1.00%)
    n0: 80 in 1 place, below massif's threshold (1.00%)
   n0: 40 in 1 place, below massif's threshold (1.00%)
  n0: 40 in 1 place, below massif's threshold (1.00%)
 n2: 288 0x10AECE: insertPath_AVL (in /home/alan/Documentos/perfectsquare/pfsqtree)
  n2: 256 0x10AD9A: insertPath_AVL (in /home/alan/Documentos/perfectsquare/pfsqtree)
   n2: 192 0x10ADF8: insertPath_AVL (in /home/alan/Documentos/perfectsquare/pfsqtree)
    n0: 96 in 2 places, all below massif's threshold (1.00%)
    n2: 96 0x10ADF8: insertPath_AVL (in /home/alan/Documentos/perfectsquare/pfsqtree)
     n0: 96 0x109534: main (in /home/alan/Documentos/perfectsquare/pfsqtree)
     n0: 0 in 2 places, all below massif's threshold (1.00%)
   n0: 64 in 2 places, all below massif's threshold (1.00%)
  n0: 32 in 2 places, all below massif's threshold (1.00%)
 n1: 160 0x10BF34: pares_perfectos (in /home/alan/Documentos/perfectsquare/pfsqtree)
  n0: 160 0x109348: main (in /home/alan/Documentos/perfectsquare/pfsqtree)
 n1: 160 0x10BFCA: pares_perfectos (in /home/alan/Documentos/perfectsquare/pfsqtree)
  n0: 160 0x109348: main (in /home/alan/Documentos/perfectsquare/pfsqtree)
 n0: 32 in 6 places, all below massif's threshold (1.00%)
#-----------
snapshot=43
#-----------
time=5143052142
mem_heap_B=8064
mem_heap_extra_B=984
mem_stacks_B=0
heap_tree=empty
#-----------
snapshot=44
#-----------
time=5279888658
mem_heap_B=8032
mem_heap_extra_B=976
mem_stacks_B=0
heap_tree=empty
#-----------
snapshot=45
#-----------
time=5371113174
mem_heap_B=8048
mem_heap_extra_B=984
mem_stacks_B=0
heap_tree=empty
#-----------
snapshot=46
#-----------
time=5462337492
mem_heap_B=8064
mem_heap_extra_B=984
mem_stacks_B=0
heap_tree=detailed
n8: 8064 (heap allocation functions) malloc/new/new[], --alloc-fns, etc.
 n1: 5120 0x496C1B4: _IO_file_doallocate (filedoalloc.c:101)
  n2: 5120 0x497C523: _IO_doallocbuf (genops.c:347)
   n1: 4096 0x4979883: _IO_file_underflow@@GLIBC_2.2.5 (fileops.c:486)
    n1: 4096 0x497C5D1: _IO_default_uflow (genops.c:362)
     n1: 4096 0x49531C3: __vfscanf_internal (vfscanf-internal.c:676)
      n1: 4096 0x4946EC5: __isoc99_scanf (isoc99_scanf.c:30)
       n1: 4096 0x10BE50: ReadData (in /home/alan/Documentos/perfectsquare/pfsqtree)
        n0: 4096 0x1092DD: main (in /home/alan/Documentos/perfectsquare/pfsqtree)
   n1: 1024 0x4979F8F: _IO_file_overflow@@GLIBC_2.2.5 (fileops.c:745)
    n1: 1024 0x497AAAE: _IO_new_file_xsputn (fileops.c:1244)
     n1: 1024 0x497AAAE: _IO_file_xsputn@@GLIBC_2.2.5 (fileops.c:1197)
      n1: 1024 0x4947CC8: __printf_buffer_flush_to_file (printf_buffer_to_file.c:59)
       n1: 1024 0x4947CC8: __printf_buffer_to_file_done (printf_buffer_to_file.c:120)
        n1: 1024 0x4952742: __vfprintf_internal (vfprintf-internal.c:1545)
         n1: 1024 0x4A1EA3C: __printf_chk (printf_chk.c:33)
          n0: 1024 0x1092CF: main (in /home/alan/Documentos/perfectsquare/pfsqtree)
 n1: 1120 0x10C017: pares_perfectos (in /home/alan/Documentos/perfectsquare/pfsqtree)
  n0: 1120 0x109348: main (in /home/alan/Documentos/perfectsquare/pfsqtree)
 n1: 800 0x10BC0F: initialize (in /home/alan/Documentos/perfectsquare/pfsqtree)
  n0: 800 0x1092CF: main (in /home/alan/Documentos/perfectsquare/pfsqtree)
 n2: 400 0x10A213: insert_AVL (in /home/alan/Documentos/perfectsquare/pfsqtree)
  n2: 360 0x10A0CA: insert_AVL (in /home/alan/Documentos/perfectsquare/pfsqtree)
   n2: 320 0x10A0CA: insert_AVL (in /home/alan/Documentos/perfectsquare/pfsqtree)
    n2: 240 0x10A0CA: insert_AVL (in /home/alan/Documentos/perfectsquare/pfsqtree)
     n1: 160 0x10BF5B: pares_perfectos (in /home/alan/Documentos/perfectsquare/pfsqtree)
      n0: 160 0x109348: main (in /home/alan/Documentos/perfectsquare/pfsqtree)
     n0: 80 in 1 place, below massif's threshold (1.00%)
    n0: 80 in 1 place, below massif's threshold (1.00%)
   n0: 40 in 1 place, below massif's threshold (1.00%)
  n0: 40 in 1 place, below massif's threshold (1.00%)
 n3: 288 0x10AECE: insertPath_AVL (in /home/alan/Documentos/perfectsquare/pfsqtree)
  n2: 160 0x10AD9A: insertPath_AVL (in /home/alan/Documentos/perfectsquare/pfsqtree)
   n1: 128 0x10ADF8: insertPath_AVL (in /home/alan/Documentos/perfectsquare/pfsqtree)
    n0: 128 in 3 places, all below massif's threshold (1.00%)
   n0: 32 in 2 places, all below massif's threshold (1.00%)
  n2: 128 0x10ADF8: insertPath_AVL (in /home/alan/Documentos/perfectsquare/pfsqtree)
   n1: 96 0x10AD9A: insertPath_AVL (in /home/alan/Documentos/perfectsquare/pfsqtree)
    n0: 96 in 3 places, all below massif's threshold (1.00%)
   n0: 32 in 2 places, all below massif's threshold (1.00%)
  n0: 0 in 1 place, below massif's threshold (1.00%)
 n1: 160 0x10BF34: pares_perfectos (in /home/alan/Documentos/perfectsquare/pfsqtree)
  n0: 160 0x109348: main (in /home/alan/Documentos/perfectsquare/pfsqtree)
 n1: 160 0x10BFCA: pares_perfectos (in /home/alan/Documentos/perfectsquare/pfsqtree)
  n0: 160 0x109348: main (in /home/alan/Documentos/perfectsquare/pfsqtree)
 n0: 16 in 6 places, all below massif's threshold (1.00%)
#-----------
snapshot=47
#-----------
time=5553561966
mem_heap_B=8080
mem_heap_extra_B=992
mem_stacks_B=0
heap_tree=empty
#-----------
snapshot=48
#-----------
time=5690398573
mem_heap_B=8080
mem_heap_extra_B=992
mem_stacks_B=0
heap_tree=empty
#-----------
snapshot=49
#-----------
time=5781623075
mem_heap_B=8032
mem_heap_extra_B=976
mem_stacks_B=0
heap_tree=empty
#-----------
snapshot=50
#-----------
time=5859301647
mem_heap_B=8064
mem_heap_extra_B=984
mem_stacks_B=0
heap_tree=empty
#-----------
snapshot=51
#-----------
time=5936980358
mem_heap_B=8064
mem_heap_extra_B=984
mem_stacks_B=0
heap_tree=empty
#-----------
snapshot=52
#-----------
time=6014658989
mem_heap_B=8064
mem_heap_extra_B=984
mem_stacks_B=0
heap_tree=detailed
n8: 8064 (heap allocation functions) malloc/new/new[], --alloc-fns, etc.
 n1: 5120 0x496C1B4: _IO_file_doallocate (filedoalloc.c:101)
  n2: 5120 0x497C523: _IO_doallocbuf (genops.c:347)
   n1: 4096 0x4979883: _IO_file_underflow@@GLIBC_2.2.5 (fileops.c:486)
    n1: 4096 0x497C5D1: _IO_default_uflow (genops.c:362)
     n1: 4096 0x49531C3: __vfscanf_internal (vfscanf-internal.c:676)
      n1: 4096 0x4946EC5: __isoc99_scanf (isoc99_scanf.c:30)
       n1: 4096 0x10BE50: ReadData (in /home/alan/Documentos/perfectsquare/pfsqtree)
        n0: 4096 0x1092DD: main (in /home/alan/Documentos/perfectsquare/pfsqtree)
   n1: 1024 0x4979F8F: _IO_file_overflow@@GLIBC_2.2.5 (fileops.c:745)
    n1: 1024 0x497AAAE: _IO_new_file_xsputn (fileops.c:1244)
     n1: 1024 0x497AAAE: _IO_file_xsputn@@GLIBC_2.2.5 (fileops.c:1197)
      n1: 1024 0x4947CC8: __printf_buffer_flush_to_file (printf_buffer_to_file.c:59)
       n1: 1024 0x4947CC8: __printf_buffer_to_file_done (printf_buffer_to_file.c:120)
        n1: 1024 0x4952742: __vfprintf_internal (vfprintf-internal.c:1545)
         n1: 1024 0x4A1EA3C: __printf_chk (printf_chk.c:33)
          n0: 1024 0x1092CF: main (in /home/alan/Documentos/perfectsquare/pfsqtree)
 n1: 1120 0x10C017: pares_perfectos (in /home/alan/Documentos/perfectsquare/pfsqtree)
  n0: 1120 0x109348: main (in /home/alan/Documentos/perfectsquare/pfsqtree)
 n1: 800 0x10BC0F: initialize (in /home/alan/Documentos/perfectsquare/pfsqtree)
  n0: 800 0x1092CF: main (in /home/alan/Documentos/perfectsquare/pfsqtree)
 n2: 400 0x10A213: insert_AVL (in /home/alan/Documentos/perfectsquare/pfsqtree)
  n2: 360 0x10A0CA: insert_AVL (in /home/alan/Documentos/perfectsquare/pfsqtree)
   n2: 320 0x10A0CA: insert_AVL (in /home/alan/Documentos/perfectsquare/pfsqtree)
    n2: 240 0x10A0CA: insert_AVL (in /home/alan/Documentos/perfectsquare/pfsqtree)
     n1: 160 0x10BF5B: pares_perfectos (in /home/alan/Documentos/perfectsquare/pfsqtree)
      n0: 160 0x109348: main (in /home/alan/Documentos/perfectsquare/pfsqtree)
     n0: 80 in 1 place, below massif's threshold (1.00%)
    n0: 80 in 1 place, below massif's threshold (1.00%)
   n0: 40 in 1 place, below massif's threshold (1.00%)
  n0: 40 in 1 place, below massif's threshold (1.00%)
 n3: 288 0x10AECE: insertPath_AVL (in /home/alan/Documentos/perfectsquare/pfsqtree)
  n2: 160 0x10ADF8: insertPath_AVL (in /home/alan/Documentos/perfectsquare/pfsqtree)
   n2: 96 0x10AD9A: insertPath_AVL (in /home/alan/Documentos/perfectsquare/pfsqtree)
    n1: 96 0x10ADF8: insertPath_AVL (in /home/alan/Documentos/perfectsquare/pfsqtree)
     n0: 96 in 3 places, all below massif's threshold (1.00%)
    n0: 0 in 2 places, all below massif's threshold (1.00%)
   n0: 64 in 2 places, all below massif's threshold (1.00%)
  n1: 128 0x10AD9A: insertPath_AVL (in /home/alan/Documentos/perfectsquare/pfsqtree)
   n0: 128 in 3 places, all below massif's threshold (1.00%)
  n0: 0 in 1 place, below massif's threshold (1.00%)
 n1: 160 0x10BF34: pares_perfectos (in /home/alan/Documentos/perfectsquare/pfsqtree)
  n0: 160 0x109348: main (in /home/alan/Documentos/perfectsquare/pfsqtree)
 n1: 160 0x10BFCA: pares_perfectos (in /home/alan/Documentos/perfectsquare/pfsqtree)
  n0: 160 0x109348: main (in /home/alan/Documentos/perfectsquare/pfsqtree)
 n0: 16 in 6 places, all below massif's threshold (1.00%)
#-----------
snapshot=53
#-----------
time=6092337364
mem_heap_B=8032
mem_heap_extra_B=976
mem_stacks_B=0
heap_tree=empty
#-----------
snapshot=54
#-----------
time=6170015837
mem_heap_B=8064
mem_heap_extra_B=984
mem_stacks_B=0
heap_tree=empty
#-----------
snapshot=55
#-----------
time=6247694340
mem_heap_B=8016
mem_heap_extra_B=992
mem_stacks_B=0
heap_tree=empty
#-----------
snapshot=56
#-----------
time=6325372876
mem_heap_B=8064
mem_heap_extra_B=984
mem_stacks_B=0
heap_tree=empty
#-----------
snapshot=57
#-----------
time=6403051236
mem_heap_B=8064
mem_heap_extra_B=984
mem_stacks_B=0
heap_tree=empty
#-----------
snapshot=58
#-----------
time=6480729695
mem_heap_B=8048
mem_heap_extra_B=984
mem_stacks_B=0
heap_tree=empty
#-----------
snapshot=59
#-----------
time=6558408071
mem_heap_B=8064
mem_heap_extra_B=984
mem_stacks_B=0
heap_tree=empty
#-----------
snapshot=60
#-----------
time=6636086465
mem_heap_B=8096
mem_heap_extra_B=992
mem_stacks_B=0
heap_tree=empty
#-----------
snapshot=61
#-----------
time=6713764853
mem_heap_B=8000
mem_heap_extra_B=968
mem_stacks_B=0
heap_tree=empty
#-----------
snapshot=62
#-----------
time=6791443290
mem_heap_B=8032
mem_heap_extra_B=976
mem_stacks_B=0
heap_tree=detailed
n8: 8032 (heap allocation functions) malloc/new/new[], --alloc-fns, etc.
 n1: 5120 0x496C1B4: _IO_file_doallocate (filedoalloc.c:101)
  n2: 5120 0x497C523: _IO_doallocbuf (genops.c:347)
   n1: 4096 0x4979883: _IO_file_underflow@@GLIBC_2.2.5 (fileops.c:486)
    n1: 4096 0x497C5D1: _IO_default_uflow (genops.c:362)
     n1: 4096 0x49531C3: __vfscanf_internal (vfscanf-internal.c:676)
      n1: 4096 0x4946EC5: __isoc99_scanf (isoc99_scanf.c:30)
       n1: 4096 0x10BE50: ReadData (in /home/alan/Documentos/perfectsquare/pfsqtree)
        n0: 4096 0x1092DD: main (in /home/alan/Documentos/perfectsquare/pfsqtree)
   n1: 1024 0x4979F8F: _IO_file_overflow@@GLIBC_2.2.5 (fileops.c:745)
    n1: 1024 0x497AAAE: _IO_new_file_xsputn (fileops.c:1244)
     n1: 1024 0x497AAAE: _IO_file_xsputn@@GLIBC_2.2.5 (fileops.c:1197)
      n1: 1024 0x4947CC8: __printf_buffer_flush_to_file (printf_buffer_to_file.c:59)
       n1: 1024 0x4947CC8: __printf_buffer_to_file_done (printf_buffer_to_file.c:120)
        n1: 1024 0x4952742: __vfprintf_internal (vfprintf-internal.c:1545)
         n1: 1024 0x4A1EA3C: __printf_chk (printf_chk.c:33)
          n0: 1024 0x1092CF: main (in /home/alan/Documentos/perfectsquare/pfsqtree)
 n1: 1120 0x10C017: pares_perfectos (in /home/alan/Documentos/perfectsquare/pfsqtree)
  n0: 1120 0x109348: main (in /home/alan/Documentos/perfectsquare/pfsqtree)
 n1: 800 0x10BC0F: initialize (in /home/alan/Documentos/perfectsquare/pfsqtree)
  n0: 800 0x1092CF: main (in /home/alan/Documentos/perfectsquare/pfsqtree)
 n2: 400 0x10A213: insert_AVL (in /home/alan/Documentos/perfectsquare/pfsqtree)
  n2: 360 0x10A0CA: insert_AVL (in /home/alan/Documentos/perfectsquare/pfsqtree)
   n2: 320 0x10A0CA: insert_AVL (in /home/alan/Documentos/perfectsquare/pfsqtree)
    n2: 240 0x10A0CA: insert_AVL (in /home/alan/Documentos/perfectsquare/pfsqtree)
     n1: 160 0x10BF5B: pares_perfectos (in /home/alan/Documentos/perfectsquare/pfsqtree)
      n0: 160 0x109348: main (in /home/alan/Documentos/perfectsquare/pfsqtree)
     n0: 80 in 1 place, below massif's threshold (1.00%)
    n0: 80 in 1 place, below massif's threshold (1.00%)
   n0: 40 in 1 place, below massif's threshold (1.00%)
  n0: 40 in 1 place, below massif's threshold (1.00%)
 n2: 256 0x10AECE: insertPath_AVL (in /home/alan/Documentos/perfectsquare/pfsqtree)
  n2: 224 0x10AD9A: insertPath_AVL (in /home/alan/Documentos/perfectsquare/pfsqtree)
   n2: 160 0x10ADF8: insertPath_AVL (in /home/alan/Documentos/perfectsquare/pfsqtree)
    n2: 128 0x10ADF8: insertPath_AVL (in /home/alan/Documentos/perfectsquare/pfsqtree)
     n0: 128 0x109534: main (in /home/alan/Documentos/perfectsquare/pfsqtree)
     n0: 0 in 2 places, all below massif's threshold (1.00%)
    n0: 32 in 2 places, all below massif's threshold (1.00%)
   n0: 64 in 2 places, all below massif's threshold (1.00%)
  n0: 32 in 2 places, all below massif's threshold (1.00%)
 n1: 160 0x10BF34: pares_perfectos (in /home/alan/Documentos/perfectsquare/pfsqtree)
  n0: 160 0x109348: main (in /home/alan/Documentos/perfectsquare/pfsqtree)
 n1: 160 0x10BFCA: pares_perfectos (in /home/alan/Documentos/perfectsquare/pfsqtree)
  n0: 160 0x109348: main (in /home/alan/Documentos/perfectsquare/pfsqtree)
 n0: 16 in 6 places, all below massif's threshold (1.00%)
#-----------
snapshot=63
#-----------
time=6869121685
mem_heap_B=8064
mem_heap_extra_B=984
mem_stacks_B=0
heap_tree=empty
#-----------
snapshot=64
#-----------
time=6946800118
mem_heap_B=8032
mem_heap_extra_B=976
mem_stacks_B=0
heap_tree=empty
#-----------
snapshot=65
#-----------
time=7024478633
mem_heap_B=8080
mem_heap_extra_B=992
mem_stacks_B=0
heap_tree=empty
#-----------
snapshot=66
#-----------
time=7102157093
mem_heap_B=8080
mem_heap_extra_B=992
mem_stacks_B=0
heap_tree=empty
#-----------
snapshot=67
#-----------
time=7179835552
mem_heap_B=8064
mem_heap_extra_B=984
mem_stacks_B=0
heap_tree=empty
#-----------
snapshot=68
#-----------
time=7257513924
mem_heap_B=8000
mem_heap_extra_B=984
mem_stacks_B=0
heap_tree=empty
#-----------
snapshot=69
#-----------
time=7335192434
mem_heap_B=8064
mem_heap_extra_B=984
mem_stacks_B=0
heap_tree=empty
#-----------
snapshot=70
#-----------
time=7412870837
mem_heap_B=8096
mem_heap_extra_B=992
mem_stacks_B=0
heap_tree=empty
#-----------
snapshot=71
#-----------
time=7490549704
mem_heap_B=8064
mem_heap_extra_B=984
mem_stacks_B=0
heap_tree=empty
#-----------
snapshot=72
#-----------
time=7568228111
mem_heap_B=8048
mem_heap_extra_B=984
mem_stacks_B=0
heap_tree=detailed
n8: 8048 (heap allocation functions) malloc/new/new[], --alloc-fns, etc.
 n1: 5120 0x496C1B4: _IO_file_doallocate (filedoalloc.c:101)
  n2: 5120 0x497C523: _IO_doallocbuf (genops.c:347)
   n1: 4096 0x4979883: _IO_file_underflow@@GLIBC_2.2.5 (fileops.c:486)
    n1: 4096 0x497C5D1: _IO_default_uflow (genops.c:362)
     n1: 4096 0x49531C3: __vfscanf_internal (vfscanf-internal.c:676)
      n1: 4096 0x4946EC5: __isoc99_scanf (isoc99_scanf.c:30)
       n1: 4096 0x10BE50: ReadData (in /home/alan/Documentos/perfectsquare/pfsqtree)
        n0: 4096 0x1092DD: main (in /home/alan/Documentos/perfectsquare/pfsqtree)
   n1: 1024 0x4979F8F: _IO_file_overflow@@GLIBC_2.2.5 (fileops.c:745)
    n1: 1024 0x497AAAE: _IO_new_file_xsputn (fileops.c:1244)
     n1: 1024 0x497AAAE: _IO_file_xsputn@@GLIBC_2.2.5 (fileops.c:1197)
      n1: 1024 0x4947CC8: __printf_buffer_flush_to_file (printf_buffer_to_file.c:59)
       n1: 1024 0x4947CC8: __printf_buffer_to_file_done (printf_buffer_to_file.c:120)
        n1: 1024 0x4952742: __vfprintf_internal (vfprintf-internal.c:1545)
         n1: 1024 0x4A1EA3C: __printf_chk (printf_chk.c:33)
          n0: 1024 0x1092CF: main (in /home/alan/Documentos/perfectsquare/pfsqtree)
 n1: 1120 0x10C017: pares_perfectos (in /home/alan/Documentos/perfectsquare/pfsqtree)
  n0: 1120 0x109348: main (in /home/alan/Documentos/perfectsquare/pfsqtree)
 n1: 800 0x10BC0F: initialize (in /home/alan/Documentos/perfectsquare/pfsqtree)
  n0: 800 0x1092CF: main (in /home/alan/Documentos/perfectsquare/pfsqtree)
 n2: 400 0x10A213: insert_AVL (in /home/alan/Documentos/perfectsquare/pfsqtree)
  n2: 360 0x10A0CA: insert_AVL (in /home/alan/Documentos/perfectsquare/pfsqtree)
   n2: 320 0x10A0CA: insert_AVL (in /home/alan/Documentos/perfectsquare/pfsqtree)
    n2: 240 0x10A0CA: insert_AVL (in /home/alan/Documentos/perfectsquare/pfsqtree)
     n1: 160 0x10BF5B: pares_perfectos (in /home/alan/Documentos/perfectsquare/pfsqtree)
      n0: 160 0x109348: main (in /home/alan/Documentos/perfectsquare/pfsqtree)
     n0: 80 in 1 place, below massif's threshold (1.00%)
    n0: 80 in 1 place, below massif's threshold (1.00%)
   n0: 40 in 1 place, below massif's threshold (1.00%)
  n0: 40 in 1 place, below massif's threshold (1.00%)
 n2: 256 0x10AECE: insertPath_AVL (in /home/alan/Documentos/perfectsquare/pfsqtree)
  n2: 160 0x10ADF8: insertPath_AVL (in /home/alan/Documentos/perfectsquare/pfsqtree)
   n2: 96 0x10ADF8: insertPath_AVL (in /home/alan/Documentos/perfectsquare/pfsqtree)
    n0: 96 0x109534: main (in /home/alan/Documentos/perfectsquare/pfsqtree)
    n0: 0 in 2 places, all below massif's threshold (1.00%)
   n0: 64 in 2 places, all below massif's threshold (1.00%)
  n0: 96 in 2 places, all below massif's threshold (1.00%)
 n1: 160 0x10BF34: pares_perfectos (in /home/alan/Documentos/perfectsquare/pfsqtree)
  n0: 160 0x109348: main (in /home/alan/Documentos/perfectsquare/pfsqtree)
 n1: 160 0x10BFCA: pares_perfectos (in /home/alan/Documentos/perfectsquare/pfsqtree)
  n0: 160 0x109348: main (in /home/alan/Documentos/perfectsquare/pfsqtree)
 n0: 32 in 6 places, all below massif's threshold (1.00%)
#-----------
snapshot=73
#-----------
time=7645906469
mem_heap_B=8064
mem_heap_extra_B=984
mem_stacks_B=0
heap_tree=empty
#-----------
snapshot=74
#-----------
time=7723584962
mem_heap_B=8000
mem_heap_extra_B=968
mem_stacks_B=0
heap_tree=empty
#-----------
snapshot=75
#-----------
time=7801263295
mem_heap_B=8064
mem_heap_extra_B=1008
mem_stacks_B=0
heap_tree=empty
#-----------
snapshot=76
#-----------
time=7878941714
mem_heap_B=8064
mem_heap_extra_B=992
mem_stacks_B=0
heap_tree=empty
#-----------
snapshot=77
#-----------
time=7956620138
mem_heap_B=8064
mem_heap_extra_B=984
mem_stacks_B=0
heap_tree=empty
#-----------
snapshot=78
#-----------
time=8034298506
mem_heap_B=8000
mem_heap_extra_B=968
mem_stacks_B=0
heap_tree=empty
#-----------
snapshot=79
#-----------
time=8111977335
mem_heap_B=8064
mem_heap_extra_B=984
mem_stacks_B=0
heap_tree=empty
#-----------
snapshot=80
#-----------
time=8189655848
mem_heap_B=8064
mem_heap_extra_B=984
mem_stacks_B=0
heap_tree=empty
#-----------
snapshot=81
#-----------
time=8267334364
mem_heap_B=8032
mem_heap_extra_B=976
mem_stacks_B=0
heap_tree=empty
#-----------
snapshot=82
#-----------
time=8345012712
mem_heap_B=8096
mem_heap_extra_B=992
mem_stacks_B=0
heap_tree=detailed
n8: 8096 (heap allocation functions) malloc/new/new[], --alloc-fns, etc.
 n1: 5120 0x496C1B4: _IO_file_doallocate (filedoalloc.c:101)
  n2: 5120 0x497C523: _IO_doallocbuf (genops.c:347)
   n1: 4096 0x4979883: _IO_file_underflow@@GLIBC_2.2.5 (fileops.c:486)
    n1: 4096 0x497C5D1: _IO_default_uflow (genops.c:362)
     n1: 4096 0x49531C3: __vfscanf_internal (vfscanf-internal.c:676)
      n1: 4096 0x4946EC5: __isoc99_scanf (isoc99_scanf.c:30)
       n1: 4096 0x10BE50: ReadData (in /home/alan/Documentos/perfectsquare/pfsqtree)
        n0: 4096 0x1092DD: main (in /home/alan/Documentos/perfectsquare/pfsqtree)
   n1: 1024 0x4979F8F: _IO_file_overflow@@GLIBC_2.2.5 (fileops.c:745)
    n1: 1024 0x497AAAE: _IO_new_file_xsputn (fileops.c:1244)
     n1: 1024 0x497AAAE: _IO_file_xsputn@@GLIBC_2.2.5 (fileops.c:1197)
      n1: 1024 0x4947CC8: __printf_buffer_flush_to_file (printf_buffer_to_file.c:59)
       n1: 1024 0x4947CC8: __printf_buffer_to_file_done (printf_buffer_to_file.c:120)
        n1: 1024 0x4952742: __vfprintf_internal (vfprintf-internal.c:1545)
         n1: 1024 0x4A1EA3C: __printf_chk (printf_chk.c:33)
          n0: 1024 0x1092CF: main (in /home/alan/Documentos/perfectsquare/pfsqtree)
 n1: 1120 0x10C017: pares_perfectos (in /home/alan/Documentos/perfectsquare/pfsqtree)
  n0: 1120 0x109348: main (in /home/alan/Documentos/perfectsquare/pfsqtree)
 n1: 800 0x10BC0F: initialize (in /home/alan/Documentos/perfectsquare/pfsqtree)
  n0: 800 0x1092CF: main (in /home/alan/Documentos/perfectsquare/pfsqtree)
 n2: 400 0x10A213: insert_AVL (in /home/alan/Documentos/perfectsquare/pfsqtree)
  n2: 360 0x10A0CA: insert_AVL (in /home/alan/Documentos/perfectsquare/pfsqtree)
   n2: 320 0x10A0CA: insert_AVL (in /home/alan/Documentos/perfectsquare/pfsqtree)
    n2: 240 0x10A0CA: insert_AVL (in /home/alan/Documentos/perfectsquare/pfsqtree)
     n1: 160 0x10BF5B: pares_perfectos (in /home/alan/Documentos/perfectsquare/pfsqtree)
      n0: 160 0x109348: main (in /home/alan/Documentos/perfectsquare/pfsqtree)
     n0: 80 in 1 place, below massif's threshold (1.00%)
    n0: 80 in 1 place, below massif's threshold (1.00%)
   n0: 40 in 1 place, below massif's threshold (1.00%)
  n0: 40 in 1 place, below massif's threshold (1.00%)
 n3: 320 0x10AECE: insertPath_AVL (in /home/alan/Documentos/perfectsquare/pfsqtree)
  n2: 192 0x10AD9A: insertPath_AVL (in /home/alan/Documentos/perfectsquare/pfsqtree)
   n2: 160 0x10ADF8: insertPath_AVL (in /home/alan/Documentos/perfectsquare/pfsqtree)
    n2: 128 0x10ADF8: insertPath_AVL (in /home/alan/Documentos/perfectsquare/pfsqtree)
     n0: 128 0x109534: main (in /home/alan/Documentos/perfectsquare/pfsqtree)
     n0: 0 in 2 places, all below massif's threshold (1.00%)
    n0: 32 in 2 places, all below massif's threshold (1.00%)
   n0: 32 in 2 places, all below massif's threshold (1.00%)
  n1: 128 0x10ADF8: insertPath_AVL (in /home/alan/Documentos/perfectsquare/pfsqtree)
   n0: 128 in 3 places, all below massif's threshold (1.00%)
  n0: 0 in 1 place, below massif's threshold (1.00%)
 n1: 160 0x10BF34: pares_perfectos (in /home/alan/Documentos/perfectsquare/pfsqtree)
  n0: 160 0x109348: main (in /home/alan/Documentos/perfectsquare/pfsqtree)
 n1: 160 0x10BFCA: pares_perfectos (in /home/alan/Documentos/perfectsquare/pfsqtree)
  n0: 160 0x109348: main (in /home/alan/Documentos/perfectsquare/pfsqtree)
 n0: 16 in 6 places, all below massif's threshold (1.00%)
